
MiB Mem :   1827.1 total,   1668.2 free,     97.9 used,     61.0 buff/cache
MiB Swap:    820.0 total,    733.0 free,     87.0 used.   1625.4 avail Mem 
    PID USER      PR  NI    VIRT    RES    SHR S  %CPU  %MEM     TIME+ COMMAND
   5532 root      20   0  232388  12888   2944 R  88.2   0.7   0:00.52 bash

   5532 root      20   0  236216  16848   2944 R  87.5   0.9   0:00.69 bash
      1 root      20   0  179200   1980   1680 S   0.0   0.1   0:01.78 systemd
      2 root      20   0       0      0      0 S   0.0   0.0   0:00.00 kthreadd
      3 root       0 -20       0      0      0 I   0.0   0.0   0:00.00 rcu_gp
      4 root       0 -20       0      0      0 I   0.0   0.0   0:00.00 rcu_par_gp
-_-_-_-_-_-_-_-_-_-_-_-_-_-_-_-_-_
MiB Mem :   1827.1 total,   1630.0 free,    135.8 used,     61.2 buff/cache
MiB Swap:    820.0 total,    733.0 free,     87.0 used.   1587.4 avail Mem 
    PID USER      PR  NI    VIRT    RES    SHR S  %CPU  %MEM     TIME+ COMMAND
   5532 root      20   0  271328  51960   2944 R  93.8   2.8   0:02.24 bash

   5532 root      20   0  275288  55920   2944 R  88.2   3.0   0:02.41 bash
      1 root      20   0  179200   1980   1680 S   0.0   0.1   0:01.78 systemd
      2 root      20   0       0      0      0 S   0.0   0.0   0:00.00 kthreadd
      3 root       0 -20       0      0      0 I   0.0   0.0   0:00.00 rcu_gp
      4 root       0 -20       0      0      0 I   0.0   0.0   0:00.00 rcu_par_gp
-_-_-_-_-_-_-_-_-_-_-_-_-_-_-_-_-_
MiB Mem :   1827.1 total,   1593.3 free,    172.6 used,     61.2 buff/cache
MiB Swap:    820.0 total,    733.0 free,     87.0 used.   1550.7 avail Mem 
    PID USER      PR  NI    VIRT    RES    SHR S  %CPU  %MEM     TIME+ COMMAND
   5532 root      20   0  308552  89180   2944 R  99.9   4.8   0:03.93 bash

   5532 root      20   0  311192  91820   2944 R  93.8   4.9   0:04.08 bash
      1 root      20   0  179200   1980   1680 S   0.0   0.1   0:01.78 systemd
      2 root      20   0       0      0      0 S   0.0   0.0   0:00.00 kthreadd
      3 root       0 -20       0      0      0 I   0.0   0.0   0:00.00 rcu_gp
      4 root       0 -20       0      0      0 I   0.0   0.0   0:00.00 rcu_par_gp
-_-_-_-_-_-_-_-_-_-_-_-_-_-_-_-_-_
MiB Mem :   1827.1 total,   1561.3 free,    204.6 used,     61.2 buff/cache
MiB Swap:    820.0 total,    733.0 free,     87.0 used.   1518.7 avail Mem 
    PID USER      PR  NI    VIRT    RES    SHR S  %CPU  %MEM     TIME+ COMMAND
   5532 root      20   0  341024 121652   2944 R  88.2   6.5   0:05.61 bash

   5532 root      20   0  344192 124820   2944 R  87.5   6.7   0:05.78 bash
      1 root      20   0  179200   1980   1680 S   0.0   0.1   0:01.78 systemd
      2 root      20   0       0      0      0 S   0.0   0.0   0:00.00 kthreadd
      3 root       0 -20       0      0      0 I   0.0   0.0   0:00.00 rcu_gp
      4 root       0 -20       0      0      0 I   0.0   0.0   0:00.00 rcu_par_gp
-_-_-_-_-_-_-_-_-_-_-_-_-_-_-_-_-_
MiB Mem :   1827.1 total,   1529.0 free,    236.8 used,     61.2 buff/cache
MiB Swap:    820.0 total,    733.0 free,     87.0 used.   1486.4 avail Mem 
    PID USER      PR  NI    VIRT    RES    SHR S  %CPU  %MEM     TIME+ COMMAND
   5532 root      20   0  373100 153596   2944 R  93.8   8.2   0:07.30 bash

   5532 root      20   0  376532 157028   2944 R  88.2   8.4   0:07.47 bash
      1 root      20   0  179200   1980   1680 S   0.0   0.1   0:01.78 systemd
      2 root      20   0       0      0      0 S   0.0   0.0   0:00.00 kthreadd
      3 root       0 -20       0      0      0 I   0.0   0.0   0:00.00 rcu_gp
      4 root       0 -20       0      0      0 I   0.0   0.0   0:00.00 rcu_par_gp
-_-_-_-_-_-_-_-_-_-_-_-_-_-_-_-_-_
MiB Mem :   1827.1 total,   1497.6 free,    268.2 used,     61.2 buff/cache
MiB Swap:    820.0 total,    733.0 free,     87.0 used.   1455.0 avail Mem 
    PID USER      PR  NI    VIRT    RES    SHR S  %CPU  %MEM     TIME+ COMMAND
   5532 root      20   0  405968 186596   2944 R  88.2  10.0   0:08.98 bash

   5532 root      20   0  409268 189764   2944 R  93.8  10.1   0:09.15 bash
      1 root      20   0  179200   1980   1680 S   0.0   0.1   0:01.78 systemd
      2 root      20   0       0      0      0 S   0.0   0.0   0:00.00 kthreadd
      3 root       0 -20       0      0      0 I   0.0   0.0   0:00.00 rcu_gp
      4 root       0 -20       0      0      0 I   0.0   0.0   0:00.00 rcu_par_gp
-_-_-_-_-_-_-_-_-_-_-_-_-_-_-_-_-_
MiB Mem :   1827.1 total,   1465.0 free,    300.8 used,     61.2 buff/cache
MiB Swap:    820.0 total,    733.0 free,     87.0 used.   1422.4 avail Mem 
    PID USER      PR  NI    VIRT    RES    SHR S  %CPU  %MEM     TIME+ COMMAND
   5532 root      20   0  439364 219860   2944 R  99.9  11.8   0:10.66 bash

   5532 root      20   0  442664 223292   2944 R  82.4  11.9   0:10.82 bash
      1 root      20   0  179200   1980   1680 S   0.0   0.1   0:01.78 systemd
      2 root      20   0       0      0      0 S   0.0   0.0   0:00.00 kthreadd
      3 root       0 -20       0      0      0 I   0.0   0.0   0:00.00 rcu_gp
      4 root       0 -20       0      0      0 I   0.0   0.0   0:00.00 rcu_par_gp
-_-_-_-_-_-_-_-_-_-_-_-_-_-_-_-_-_
MiB Mem :   1827.1 total,   1435.1 free,    330.7 used,     61.2 buff/cache
MiB Swap:    820.0 total,    733.0 free,     87.0 used.   1392.5 avail Mem 
    PID USER      PR  NI    VIRT    RES    SHR S  %CPU  %MEM     TIME+ COMMAND
   5532 root      20   0  469856 250484   2944 R  82.4  13.4   0:12.33 bash

   5532 root      20   0  473420 253916   2944 R  93.8  13.6   0:12.50 bash
      1 root      20   0  179200   1980   1680 S   0.0   0.1   0:01.78 systemd
      2 root      20   0       0      0      0 S   0.0   0.0   0:00.00 kthreadd
      3 root       0 -20       0      0      0 I   0.0   0.0   0:00.00 rcu_gp
      4 root       0 -20       0      0      0 I   0.0   0.0   0:00.00 rcu_par_gp
-_-_-_-_-_-_-_-_-_-_-_-_-_-_-_-_-_
MiB Mem :   1827.1 total,   1404.7 free,    361.2 used,     61.2 buff/cache
MiB Swap:    820.0 total,    733.0 free,     87.0 used.   1362.1 avail Mem 
    PID USER      PR  NI    VIRT    RES    SHR S  %CPU  %MEM     TIME+ COMMAND
   5532 root      20   0  500216 280844   2944 R  88.2  15.0   0:14.01 bash

   5532 root      20   0  502460 282956   2944 R  94.1  15.1   0:14.19 bash
      1 root      20   0  179200   1980   1680 S   0.0   0.1   0:01.78 systemd
      2 root      20   0       0      0      0 S   0.0   0.0   0:00.00 kthreadd
      3 root       0 -20       0      0      0 I   0.0   0.0   0:00.00 rcu_gp
      4 root       0 -20       0      0      0 I   0.0   0.0   0:00.00 rcu_par_gp
-_-_-_-_-_-_-_-_-_-_-_-_-_-_-_-_-_
MiB Mem :   1827.1 total,   1374.9 free,    390.9 used,     61.2 buff/cache
MiB Swap:    820.0 total,    733.0 free,     87.0 used.   1332.4 avail Mem 
    PID USER      PR  NI    VIRT    RES    SHR S  %CPU  %MEM     TIME+ COMMAND
   5532 root      20   0  531368 311996   2944 R  88.2  16.7   0:15.70 bash

   5532 root      20   0  534536 315164   2944 R  93.8  16.8   0:15.87 bash
      1 root      20   0  179200   1980   1680 S   0.0   0.1   0:01.78 systemd
      2 root      20   0       0      0      0 S   0.0   0.0   0:00.00 kthreadd
      3 root       0 -20       0      0      0 I   0.0   0.0   0:00.00 rcu_gp
      4 root       0 -20       0      0      0 I   0.0   0.0   0:00.00 rcu_par_gp
-_-_-_-_-_-_-_-_-_-_-_-_-_-_-_-_-_
MiB Mem :   1827.1 total,   1342.6 free,    423.2 used,     61.2 buff/cache
MiB Swap:    820.0 total,    733.0 free,     87.0 used.   1300.0 avail Mem 
    PID USER      PR  NI    VIRT    RES    SHR S  %CPU  %MEM     TIME+ COMMAND
   5532 root      20   0  564632 345260   2944 R  99.9  18.5   0:17.39 bash

   5532 root      20   0  567932 348428   2944 R  93.3  18.6   0:17.54 bash
      1 root      20   0  179200   1980   1680 S   0.0   0.1   0:01.78 systemd
      2 root      20   0       0      0      0 S   0.0   0.0   0:00.00 kthreadd
      3 root       0 -20       0      0      0 I   0.0   0.0   0:00.00 rcu_gp
      4 root       0 -20       0      0      0 I   0.0   0.0   0:00.00 rcu_par_gp
-_-_-_-_-_-_-_-_-_-_-_-_-_-_-_-_-_
MiB Mem :   1827.1 total,   1312.6 free,    453.2 used,     61.2 buff/cache
MiB Swap:    820.0 total,    733.0 free,     87.0 used.   1270.0 avail Mem 
    PID USER      PR  NI    VIRT    RES    SHR S  %CPU  %MEM     TIME+ COMMAND
   5532 root      20   0  594200 374828   2944 R  93.8  20.0   0:19.06 bash

   5532 root      20   0  597632 378260   2944 R  82.4  20.2   0:19.23 bash
      1 root      20   0  179200   1980   1680 S   0.0   0.1   0:01.78 systemd
      2 root      20   0       0      0      0 S   0.0   0.0   0:00.00 kthreadd
      3 root       0 -20       0      0      0 I   0.0   0.0   0:00.00 rcu_gp
      4 root       0 -20       0      0      0 I   0.0   0.0   0:00.00 rcu_par_gp
-_-_-_-_-_-_-_-_-_-_-_-_-_-_-_-_-_
MiB Mem :   1827.1 total,   1282.2 free,    483.6 used,     61.2 buff/cache
MiB Swap:    820.0 total,    733.0 free,     87.0 used.   1239.6 avail Mem 
    PID USER      PR  NI    VIRT    RES    SHR S  %CPU  %MEM     TIME+ COMMAND
   5532 root      20   0  625880 406508   2944 R  93.8  21.7   0:20.73 bash

   5532 root      20   0  629312 409940   2944 R  94.1  21.9   0:20.91 bash
      1 root      20   0  179200   1980   1680 S   0.0   0.1   0:01.78 systemd
      2 root      20   0       0      0      0 S   0.0   0.0   0:00.00 kthreadd
      3 root       0 -20       0      0      0 I   0.0   0.0   0:00.00 rcu_gp
      4 root       0 -20       0      0      0 I   0.0   0.0   0:00.00 rcu_par_gp
-_-_-_-_-_-_-_-_-_-_-_-_-_-_-_-_-_
MiB Mem :   1827.1 total,   1250.3 free,    515.5 used,     61.2 buff/cache
MiB Swap:    820.0 total,    733.0 free,     87.0 used.   1207.7 avail Mem 
    PID USER      PR  NI    VIRT    RES    SHR S  %CPU  %MEM     TIME+ COMMAND
   5532 root      20   0  658616 439244   2944 R  94.1  23.5   0:22.42 bash

   5532 root      20   0  661124 441620   2944 R  87.5  23.6   0:22.58 bash
      1 root      20   0  179200   1980   1680 S   0.0   0.1   0:01.78 systemd
      2 root      20   0       0      0      0 S   0.0   0.0   0:00.00 kthreadd
      3 root       0 -20       0      0      0 I   0.0   0.0   0:00.00 rcu_gp
      4 root       0 -20       0      0      0 I   0.0   0.0   0:00.00 rcu_par_gp
-_-_-_-_-_-_-_-_-_-_-_-_-_-_-_-_-_
MiB Mem :   1827.1 total,   1220.2 free,    545.6 used,     61.2 buff/cache
MiB Swap:    820.0 total,    733.0 free,     87.0 used.   1177.6 avail Mem 
    PID USER      PR  NI    VIRT    RES    SHR S  %CPU  %MEM     TIME+ COMMAND
   5532 root      20   0  689504 470132   2944 R  93.8  25.1   0:24.09 bash

   5532 root      20   0  692936 473564   2944 R  94.1  25.3   0:24.27 bash
      1 root      20   0  179200   1980   1680 S   0.0   0.1   0:01.78 systemd
      2 root      20   0       0      0      0 S   0.0   0.0   0:00.00 kthreadd
      3 root       0 -20       0      0      0 I   0.0   0.0   0:00.00 rcu_gp
      4 root       0 -20       0      0      0 I   0.0   0.0   0:00.00 rcu_par_gp
-_-_-_-_-_-_-_-_-_-_-_-_-_-_-_-_-_
MiB Mem :   1827.1 total,   1181.8 free,    582.6 used,     62.6 buff/cache
MiB Swap:    820.0 total,    733.0 free,     87.0 used.   1139.9 avail Mem 
    PID USER      PR  NI    VIRT    RES    SHR S  %CPU  %MEM     TIME+ COMMAND
   5532 root      20   0  727916 508676   2944 R  88.2  27.2   0:26.17 bash

   5532 root      20   0  731084 511580   2944 R  99.9  27.3   0:26.34 bash
   4745 root      20   0       0      0      0 I   6.2   0.0   0:00.29 kworker/0:0-events_power_ef+
      1 root      20   0  179200   1980   1680 S   0.0   0.1   0:01.78 systemd
      2 root      20   0       0      0      0 S   0.0   0.0   0:00.00 kthreadd
      3 root       0 -20       0      0      0 I   0.0   0.0   0:00.00 rcu_gp
-_-_-_-_-_-_-_-_-_-_-_-_-_-_-_-_-_
MiB Mem :   1827.1 total,   1150.1 free,    614.4 used,     62.6 buff/cache
MiB Swap:    820.0 total,    733.0 free,     87.0 used.   1108.2 avail Mem 
    PID USER      PR  NI    VIRT    RES    SHR S  %CPU  %MEM     TIME+ COMMAND
   5532 root      20   0  760652 541148   2944 R  88.2  28.9   0:27.85 bash

   5532 root      20   0  763952 544580   2944 R  93.8  29.1   0:28.02 bash
      1 root      20   0  179200   1980   1680 S   0.0   0.1   0:01.78 systemd
      2 root      20   0       0      0      0 S   0.0   0.0   0:00.00 kthreadd
      3 root       0 -20       0      0      0 I   0.0   0.0   0:00.00 rcu_gp
      4 root       0 -20       0      0      0 I   0.0   0.0   0:00.00 rcu_par_gp
-_-_-_-_-_-_-_-_-_-_-_-_-_-_-_-_-_
MiB Mem :   1827.1 total,   1119.2 free,    645.3 used,     62.6 buff/cache
MiB Swap:    820.0 total,    733.0 free,     87.0 used.   1077.3 avail Mem 
    PID USER      PR  NI    VIRT    RES    SHR S  %CPU  %MEM     TIME+ COMMAND
   5532 root      20   0  791540 572036   2944 R  93.8  30.6   0:29.52 bash

   5532 root      20   0  795104 575732   2944 R  88.2  30.8   0:29.70 bash
      1 root      20   0  179200   1980   1680 S   0.0   0.1   0:01.78 systemd
      2 root      20   0       0      0      0 S   0.0   0.0   0:00.00 kthreadd
      3 root       0 -20       0      0      0 I   0.0   0.0   0:00.00 rcu_gp
      4 root       0 -20       0      0      0 I   0.0   0.0   0:00.00 rcu_par_gp
-_-_-_-_-_-_-_-_-_-_-_-_-_-_-_-_-_
MiB Mem :   1827.1 total,   1087.6 free,    676.9 used,     62.6 buff/cache
MiB Swap:    820.0 total,    733.0 free,     87.0 used.   1045.6 avail Mem 
    PID USER      PR  NI    VIRT    RES    SHR S  %CPU  %MEM     TIME+ COMMAND
   5532 root      20   0  824408 605036   2944 R  88.2  32.3   0:31.21 bash

   5532 root      20   0  827708 608204   2944 R  88.2  32.5   0:31.38 bash
      1 root      20   0  179200   1980   1680 S   0.0   0.1   0:01.78 systemd
      2 root      20   0       0      0      0 S   0.0   0.0   0:00.00 kthreadd
      3 root       0 -20       0      0      0 I   0.0   0.0   0:00.00 rcu_gp
      4 root       0 -20       0      0      0 I   0.0   0.0   0:00.00 rcu_par_gp
-_-_-_-_-_-_-_-_-_-_-_-_-_-_-_-_-_
MiB Mem :   1827.1 total,   1058.3 free,    706.2 used,     62.6 buff/cache
MiB Swap:    820.0 total,    733.0 free,     87.0 used.   1016.3 avail Mem 
    PID USER      PR  NI    VIRT    RES    SHR S  %CPU  %MEM     TIME+ COMMAND
   5532 root      20   0  854504 635132   2944 R  88.2  33.9   0:32.88 bash

   5532 root      20   0  857012 637508   2944 R  87.5  34.1   0:33.04 bash
      1 root      20   0  179200   1980   1680 S   0.0   0.1   0:01.78 systemd
      2 root      20   0       0      0      0 S   0.0   0.0   0:00.00 kthreadd
      3 root       0 -20       0      0      0 I   0.0   0.0   0:00.00 rcu_gp
      4 root       0 -20       0      0      0 I   0.0   0.0   0:00.00 rcu_par_gp
-_-_-_-_-_-_-_-_-_-_-_-_-_-_-_-_-_
MiB Mem :   1827.1 total,   1028.3 free,    736.2 used,     62.6 buff/cache
MiB Swap:    820.0 total,    733.0 free,     87.0 used.    986.4 avail Mem 
    PID USER      PR  NI    VIRT    RES    SHR S  %CPU  %MEM     TIME+ COMMAND
   5532 root      20   0  884996 665492   2944 R  93.8  35.6   0:34.56 bash

   5532 root      20   0  888428 668924   2944 R  88.2  35.8   0:34.73 bash
      1 root      20   0  179200   1980   1680 S   0.0   0.1   0:01.78 systemd
      2 root      20   0       0      0      0 S   0.0   0.0   0:00.00 kthreadd
      3 root       0 -20       0      0      0 I   0.0   0.0   0:00.00 rcu_gp
      4 root       0 -20       0      0      0 I   0.0   0.0   0:00.00 rcu_par_gp
-_-_-_-_-_-_-_-_-_-_-_-_-_-_-_-_-_
MiB Mem :   1827.1 total,    997.6 free,    766.9 used,     62.6 buff/cache
MiB Swap:    820.0 total,    733.0 free,     87.0 used.    955.7 avail Mem 
    PID USER      PR  NI    VIRT    RES    SHR S  %CPU  %MEM     TIME+ COMMAND
   5532 root      20   0  916280 696908   2944 R  88.2  37.2   0:36.24 bash

   5532 root      20   0  919580 700076   2944 R  93.8  37.4   0:36.41 bash
      1 root      20   0  179200   1980   1680 S   0.0   0.1   0:01.78 systemd
      2 root      20   0       0      0      0 S   0.0   0.0   0:00.00 kthreadd
      3 root       0 -20       0      0      0 I   0.0   0.0   0:00.00 rcu_gp
      4 root       0 -20       0      0      0 I   0.0   0.0   0:00.00 rcu_par_gp
-_-_-_-_-_-_-_-_-_-_-_-_-_-_-_-_-_
MiB Mem :   1827.1 total,    968.3 free,    796.1 used,     62.6 buff/cache
MiB Swap:    820.0 total,    733.0 free,     87.0 used.    926.4 avail Mem 
    PID USER      PR  NI    VIRT    RES    SHR S  %CPU  %MEM     TIME+ COMMAND
   5532 root      20   0  946376 727004   2944 R  88.2  38.9   0:37.91 bash

   5532 root      20   0  948620 729116   2944 R  99.9  39.0   0:38.08 bash
      1 root      20   0  179200   1980   1680 S   0.0   0.1   0:01.78 systemd
      2 root      20   0       0      0      0 S   0.0   0.0   0:00.00 kthreadd
      3 root       0 -20       0      0      0 I   0.0   0.0   0:00.00 rcu_gp
      4 root       0 -20       0      0      0 I   0.0   0.0   0:00.00 rcu_par_gp
-_-_-_-_-_-_-_-_-_-_-_-_-_-_-_-_-_
MiB Mem :   1827.1 total,    936.9 free,    827.6 used,     62.6 buff/cache
MiB Swap:    820.0 total,    733.0 free,     87.0 used.    894.9 avail Mem 
    PID USER      PR  NI    VIRT    RES    SHR S  %CPU  %MEM     TIME+ COMMAND
   5532 root      20   0  978452 758948   2944 R  93.8  40.6   0:39.59 bash

   5532 root      20   0  981752 762380   2944 R  93.8  40.7   0:39.76 bash
      1 root      20   0  179200   1980   1680 S   0.0   0.1   0:01.78 systemd
      2 root      20   0       0      0      0 S   0.0   0.0   0:00.00 kthreadd
      3 root       0 -20       0      0      0 I   0.0   0.0   0:00.00 rcu_gp
      4 root       0 -20       0      0      0 I   0.0   0.0   0:00.00 rcu_par_gp
-_-_-_-_-_-_-_-_-_-_-_-_-_-_-_-_-_
MiB Mem :   1827.1 total,    907.5 free,    857.0 used,     62.6 buff/cache
MiB Swap:    820.0 total,    733.0 free,     87.0 used.    865.6 avail Mem 
    PID USER      PR  NI    VIRT    RES    SHR S  %CPU  %MEM     TIME+ COMMAND
   5532 root      20   0 1008020 788516   2944 R  87.5  42.1   0:41.25 bash

   5532 root      20   0 1011188 791684   2944 R  88.2  42.3   0:41.43 bash
      1 root      20   0  179200   1980   1680 S   0.0   0.1   0:01.78 systemd
      2 root      20   0       0      0      0 S   0.0   0.0   0:00.00 kthreadd
      3 root       0 -20       0      0      0 I   0.0   0.0   0:00.00 rcu_gp
      4 root       0 -20       0      0      0 I   0.0   0.0   0:00.00 rcu_par_gp
-_-_-_-_-_-_-_-_-_-_-_-_-_-_-_-_-_
MiB Mem :   1827.1 total,    878.2 free,    886.3 used,     62.6 buff/cache
MiB Swap:    820.0 total,    733.0 free,     87.0 used.    836.3 avail Mem 
    PID USER      PR  NI    VIRT    RES    SHR S  %CPU  %MEM     TIME+ COMMAND
   5532 root      20   0 1038512 819140   2944 R  94.1  43.8   0:42.94 bash

   5532 root      20   0 1041812 822308   2944 R  82.4  44.0   0:43.10 bash
      1 root      20   0  179200   1980   1680 S   0.0   0.1   0:01.78 systemd
      2 root      20   0       0      0      0 S   0.0   0.0   0:00.00 kthreadd
      3 root       0 -20       0      0      0 I   0.0   0.0   0:00.00 rcu_gp
      4 root       0 -20       0      0      0 I   0.0   0.0   0:00.00 rcu_par_gp
-_-_-_-_-_-_-_-_-_-_-_-_-_-_-_-_-_
MiB Mem :   1827.1 total,    845.7 free,    918.8 used,     62.6 buff/cache
MiB Swap:    820.0 total,    733.0 free,     87.0 used.    803.8 avail Mem 
    PID USER      PR  NI    VIRT    RES    SHR S  %CPU  %MEM     TIME+ COMMAND
   5532 root      20   0 1071512 852140   2944 R  94.1  45.5   0:44.62 bash

   5532 root      20   0 1074944 855572   2944 R  88.2  45.7   0:44.79 bash
      1 root      20   0  179200   1980   1680 S   0.0   0.1   0:01.78 systemd
      2 root      20   0       0      0      0 S   0.0   0.0   0:00.00 kthreadd
      3 root       0 -20       0      0      0 I   0.0   0.0   0:00.00 rcu_gp
      4 root       0 -20       0      0      0 I   0.0   0.0   0:00.00 rcu_par_gp
-_-_-_-_-_-_-_-_-_-_-_-_-_-_-_-_-_
MiB Mem :   1827.1 total,    813.3 free,    951.1 used,     62.6 buff/cache
MiB Swap:    820.0 total,    733.0 free,     87.0 used.    771.4 avail Mem 
    PID USER      PR  NI    VIRT    RES    SHR S  %CPU  %MEM     TIME+ COMMAND
   5532 root      20   0 1104776 885404   2944 R  94.1  47.3   0:46.30 bash

   5532 root      20   0 1107812 888308   2944 R  94.1  47.5   0:46.48 bash
      1 root      20   0  179200   1980   1680 S   0.0   0.1   0:01.78 systemd
      2 root      20   0       0      0      0 S   0.0   0.0   0:00.00 kthreadd
      3 root       0 -20       0      0      0 I   0.0   0.0   0:00.00 rcu_gp
      4 root       0 -20       0      0      0 I   0.0   0.0   0:00.00 rcu_par_gp
-_-_-_-_-_-_-_-_-_-_-_-_-_-_-_-_-_
MiB Mem :   1827.1 total,    782.8 free,    981.7 used,     62.6 buff/cache
MiB Swap:    820.0 total,    733.0 free,     87.0 used.    740.8 avail Mem 
    PID USER      PR  NI    VIRT    RES    SHR S  %CPU  %MEM     TIME+ COMMAND
   5532 root      20   0 1136192 916820   2944 R  83.3  49.0   0:47.98 bash

   5532 root      20   0 1139360 919988   2944 R  99.9  49.2   0:48.15 bash
      1 root      20   0  179200   1980   1680 S   0.0   0.1   0:01.78 systemd
      2 root      20   0       0      0      0 S   0.0   0.0   0:00.00 kthreadd
      3 root       0 -20       0      0      0 I   0.0   0.0   0:00.00 rcu_gp
      4 root       0 -20       0      0      0 I   0.0   0.0   0:00.00 rcu_par_gp
-_-_-_-_-_-_-_-_-_-_-_-_-_-_-_-_-_
MiB Mem :   1827.1 total,    752.7 free,   1011.8 used,     62.6 buff/cache
MiB Swap:    820.0 total,    733.0 free,     87.0 used.    710.8 avail Mem 
    PID USER      PR  NI    VIRT    RES    SHR S  %CPU  %MEM     TIME+ COMMAND
   5532 root      20   0 1166288 946916   2944 R  88.2  50.6   0:49.65 bash

   5532 root      20   0 1168928 949556   2944 R  94.1  50.8   0:49.83 bash
   5831 root      20   0  274140   4428   3856 R   5.9   0.2   0:00.01 top
      1 root      20   0  179200   1980   1680 S   0.0   0.1   0:01.78 systemd
      2 root      20   0       0      0      0 S   0.0   0.0   0:00.00 kthreadd
      3 root       0 -20       0      0      0 I   0.0   0.0   0:00.00 rcu_gp
-_-_-_-_-_-_-_-_-_-_-_-_-_-_-_-_-_
MiB Mem :   1827.1 total,    721.5 free,   1042.9 used,     62.6 buff/cache
MiB Swap:    820.0 total,    733.0 free,     87.0 used.    679.6 avail Mem 
    PID USER      PR  NI    VIRT    RES    SHR S  %CPU  %MEM     TIME+ COMMAND
   5532 root      20   0 1198628 979124   2944 R  99.9  52.3   0:51.34 bash

   5532 root      20   0 1201928 982556   2944 R  82.4  52.5   0:51.50 bash
      1 root      20   0  179200   1980   1680 S   0.0   0.1   0:01.78 systemd
      2 root      20   0       0      0      0 S   0.0   0.0   0:00.00 kthreadd
      3 root       0 -20       0      0      0 I   0.0   0.0   0:00.00 rcu_gp
      4 root       0 -20       0      0      0 I   0.0   0.0   0:00.00 rcu_par_gp
-_-_-_-_-_-_-_-_-_-_-_-_-_-_-_-_-_
MiB Mem :   1827.1 total,    691.4 free,   1073.1 used,     62.6 buff/cache
MiB Swap:    820.0 total,    733.0 free,     87.0 used.    649.5 avail Mem 
    PID USER      PR  NI    VIRT    RES    SHR S  %CPU  %MEM     TIME+ COMMAND
   5532 root      20   0 1229384 986.3m   2944 R  82.4  54.0   0:53.00 bash

   5532 root      20   0 1232684 989.4m   2944 R  94.1  54.2   0:53.17 bash
      1 root      20   0  179200   1980   1680 S   0.0   0.1   0:01.78 systemd
      2 root      20   0       0      0      0 S   0.0   0.0   0:00.00 kthreadd
      3 root       0 -20       0      0      0 I   0.0   0.0   0:00.00 rcu_gp
      4 root       0 -20       0      0      0 I   0.0   0.0   0:00.00 rcu_par_gp
-_-_-_-_-_-_-_-_-_-_-_-_-_-_-_-_-_
MiB Mem :   1827.1 total,    659.0 free,   1105.5 used,     62.6 buff/cache
MiB Swap:    820.0 total,    733.0 free,     87.0 used.    617.1 avail Mem 
    PID USER      PR  NI    VIRT    RES    SHR S  %CPU  %MEM     TIME+ COMMAND
   5532 root      20   0 1262252   1.0g   2944 R  93.8  55.7   0:54.68 bash

   5532 root      20   0 1265684   1.0g   2944 R  88.2  55.9   0:54.85 bash
      1 root      20   0  179200   1980   1680 S   0.0   0.1   0:01.78 systemd
      2 root      20   0       0      0      0 S   0.0   0.0   0:00.00 kthreadd
      3 root       0 -20       0      0      0 I   0.0   0.0   0:00.00 rcu_gp
      4 root       0 -20       0      0      0 I   0.0   0.0   0:00.00 rcu_par_gp
-_-_-_-_-_-_-_-_-_-_-_-_-_-_-_-_-_
MiB Mem :   1827.1 total,    626.9 free,   1137.6 used,     62.6 buff/cache
MiB Swap:    820.0 total,    733.0 free,     87.0 used.    585.0 avail Mem 
    PID USER      PR  NI    VIRT    RES    SHR S  %CPU  %MEM     TIME+ COMMAND
   5532 root      20   0 1295120   1.0g   2944 R  99.9  57.5   0:56.36 bash

   5532 root      20   0 1298288   1.0g   2944 R  93.3  57.7   0:56.51 bash
      1 root      20   0  179200   1980   1680 S   0.0   0.1   0:01.78 systemd
      2 root      20   0       0      0      0 S   0.0   0.0   0:00.00 kthreadd
      3 root       0 -20       0      0      0 I   0.0   0.0   0:00.00 rcu_gp
      4 root       0 -20       0      0      0 I   0.0   0.0   0:00.00 rcu_par_gp
-_-_-_-_-_-_-_-_-_-_-_-_-_-_-_-_-_
MiB Mem :   1827.1 total,    595.7 free,   1168.7 used,     62.6 buff/cache
MiB Swap:    820.0 total,    733.0 free,     87.0 used.    553.8 avail Mem 
    PID USER      PR  NI    VIRT    RES    SHR S  %CPU  %MEM     TIME+ COMMAND
   5532 root      20   0 1327064   1.1g   2944 R  93.8  59.2   0:58.02 bash

   5532 root      20   0 1330232   1.1g   2944 R  99.9  59.4   0:58.19 bash
      1 root      20   0  179200   1980   1680 S   0.0   0.1   0:01.78 systemd
      2 root      20   0       0      0      0 S   0.0   0.0   0:00.00 kthreadd
      3 root       0 -20       0      0      0 I   0.0   0.0   0:00.00 rcu_gp
      4 root       0 -20       0      0      0 I   0.0   0.0   0:00.00 rcu_par_gp
-_-_-_-_-_-_-_-_-_-_-_-_-_-_-_-_-_
MiB Mem :   1827.1 total,    566.1 free,   1198.3 used,     62.6 buff/cache
MiB Swap:    820.0 total,    733.0 free,     87.0 used.    524.2 avail Mem 
    PID USER      PR  NI    VIRT    RES    SHR S  %CPU  %MEM     TIME+ COMMAND
   5532 root      20   0 1357160   1.1g   2944 R  93.3  60.8   0:59.69 bash

   5532 root      20   0 1360592   1.1g   2944 R  83.3  61.0   0:59.87 bash
      1 root      20   0  179200   1980   1680 S   0.0   0.1   0:01.78 systemd
      2 root      20   0       0      0      0 S   0.0   0.0   0:00.00 kthreadd
      3 root       0 -20       0      0      0 I   0.0   0.0   0:00.00 rcu_gp
      4 root       0 -20       0      0      0 I   0.0   0.0   0:00.00 rcu_par_gp
-_-_-_-_-_-_-_-_-_-_-_-_-_-_-_-_-_
MiB Mem :   1827.1 total,    536.0 free,   1228.4 used,     62.6 buff/cache
MiB Swap:    820.0 total,    733.0 free,     87.0 used.    494.1 avail Mem 
    PID USER      PR  NI    VIRT    RES    SHR S  %CPU  %MEM     TIME+ COMMAND
   5532 root      20   0 1388048   1.1g   2944 R  88.2  62.5   1:01.38 bash

   5532 root      20   0 1391216   1.1g   2944 R  99.9  62.6   1:01.55 bash
      1 root      20   0  179200   1980   1680 S   0.0   0.1   0:01.78 systemd
      2 root      20   0       0      0      0 S   0.0   0.0   0:00.00 kthreadd
      3 root       0 -20       0      0      0 I   0.0   0.0   0:00.00 rcu_gp
      4 root       0 -20       0      0      0 I   0.0   0.0   0:00.00 rcu_par_gp
-_-_-_-_-_-_-_-_-_-_-_-_-_-_-_-_-_
MiB Mem :   1827.1 total,    504.5 free,   1260.0 used,     62.6 buff/cache
MiB Swap:    820.0 total,    733.0 free,     87.0 used.    462.6 avail Mem 
    PID USER      PR  NI    VIRT    RES    SHR S  %CPU  %MEM     TIME+ COMMAND
   5532 root      20   0 1420388   1.1g   2944 R  94.1  64.2   1:03.07 bash

   5532 root      20   0 1423688   1.1g   2944 R  93.8  64.4   1:03.24 bash
      1 root      20   0  179200   1980   1680 S   0.0   0.1   0:01.78 systemd
      2 root      20   0       0      0      0 S   0.0   0.0   0:00.00 kthreadd
      3 root       0 -20       0      0      0 I   0.0   0.0   0:00.00 rcu_gp
      4 root       0 -20       0      0      0 I   0.0   0.0   0:00.00 rcu_par_gp
-_-_-_-_-_-_-_-_-_-_-_-_-_-_-_-_-_
MiB Mem :   1827.1 total,    472.4 free,   1292.0 used,     62.6 buff/cache
MiB Swap:    820.0 total,    733.0 free,     87.0 used.    430.5 avail Mem 
    PID USER      PR  NI    VIRT    RES    SHR S  %CPU  %MEM     TIME+ COMMAND
   5532 root      20   0 1453256   1.2g   2944 R  94.1  66.0   1:04.76 bash

   5532 root      20   0 1456556   1.2g   2944 R  93.8  66.1   1:04.92 bash
      1 root      20   0  179200   1980   1680 S   0.0   0.1   0:01.78 systemd
      2 root      20   0       0      0      0 S   0.0   0.0   0:00.00 kthreadd
      3 root       0 -20       0      0      0 I   0.0   0.0   0:00.00 rcu_gp
      4 root       0 -20       0      0      0 I   0.0   0.0   0:00.00 rcu_par_gp
-_-_-_-_-_-_-_-_-_-_-_-_-_-_-_-_-_
MiB Mem :   1827.1 total,    440.7 free,   1323.8 used,     62.6 buff/cache
MiB Swap:    820.0 total,    733.0 free,     87.0 used.    398.8 avail Mem 
    PID USER      PR  NI    VIRT    RES    SHR S  %CPU  %MEM     TIME+ COMMAND
   5532 root      20   0 1485068   1.2g   2944 R  94.1  67.6   1:06.44 bash

   5532 root      20   0 1487972   1.2g   2944 R  93.8  67.8   1:06.60 bash
      1 root      20   0  179200   1980   1680 S   0.0   0.1   0:01.78 systemd
      2 root      20   0       0      0      0 S   0.0   0.0   0:00.00 kthreadd
      3 root       0 -20       0      0      0 I   0.0   0.0   0:00.00 rcu_gp
      4 root       0 -20       0      0      0 I   0.0   0.0   0:00.00 rcu_par_gp
-_-_-_-_-_-_-_-_-_-_-_-_-_-_-_-_-_
MiB Mem :   1827.1 total,    409.3 free,   1355.1 used,     62.6 buff/cache
MiB Swap:    820.0 total,    733.0 free,     87.0 used.    367.4 avail Mem 
    PID USER      PR  NI    VIRT    RES    SHR S  %CPU  %MEM     TIME+ COMMAND
   5532 root      20   0 1517408   1.2g   2944 R  93.8  69.4   1:08.10 bash

   5532 root      20   0 1520576   1.2g   2944 R  99.9  69.5   1:08.27 bash
      1 root      20   0  179200   1980   1680 S   0.0   0.1   0:01.78 systemd
      2 root      20   0       0      0      0 S   0.0   0.0   0:00.00 kthreadd
      3 root       0 -20       0      0      0 I   0.0   0.0   0:00.00 rcu_gp
      4 root       0 -20       0      0      0 I   0.0   0.0   0:00.00 rcu_par_gp
-_-_-_-_-_-_-_-_-_-_-_-_-_-_-_-_-_
MiB Mem :   1827.1 total,    377.9 free,   1386.6 used,     62.6 buff/cache
MiB Swap:    820.0 total,    733.0 free,     87.0 used.    336.0 avail Mem 
    PID USER      PR  NI    VIRT    RES    SHR S  %CPU  %MEM     TIME+ COMMAND
   5532 root      20   0 1549352   1.3g   2944 R  82.4  71.1   1:09.76 bash

   5532 root      20   0 1552652   1.3g   2944 R  88.2  71.3   1:09.93 bash
      1 root      20   0  179200   1980   1680 S   0.0   0.1   0:01.78 systemd
      2 root      20   0       0      0      0 S   0.0   0.0   0:00.00 kthreadd
      3 root       0 -20       0      0      0 I   0.0   0.0   0:00.00 rcu_gp
      4 root       0 -20       0      0      0 I   0.0   0.0   0:00.00 rcu_par_gp
-_-_-_-_-_-_-_-_-_-_-_-_-_-_-_-_-_
MiB Mem :   1827.1 total,    345.9 free,   1418.5 used,     62.6 buff/cache
MiB Swap:    820.0 total,    733.0 free,     87.0 used.    304.0 avail Mem 
    PID USER      PR  NI    VIRT    RES    SHR S  %CPU  %MEM     TIME+ COMMAND
   5532 root      20   0 1582220   1.3g   2944 R  88.2  72.8   1:11.45 bash

   5532 root      20   0 1585520   1.3g   2944 R  88.2  73.0   1:11.62 bash
      1 root      20   0  179200   1980   1680 S   0.0   0.1   0:01.78 systemd
      2 root      20   0       0      0      0 S   0.0   0.0   0:00.00 kthreadd
      3 root       0 -20       0      0      0 I   0.0   0.0   0:00.00 rcu_gp
      4 root       0 -20       0      0      0 I   0.0   0.0   0:00.00 rcu_par_gp
-_-_-_-_-_-_-_-_-_-_-_-_-_-_-_-_-_
MiB Mem :   1827.1 total,    314.3 free,   1450.2 used,     62.6 buff/cache
MiB Swap:    820.0 total,    733.0 free,     87.0 used.    272.4 avail Mem 
    PID USER      PR  NI    VIRT    RES    SHR S  %CPU  %MEM     TIME+ COMMAND
   5532 root      20   0 1614692   1.3g   2944 R  88.2  74.6   1:13.13 bash

   5532 root      20   0 1617992   1.3g   2944 R  93.8  74.8   1:13.30 bash
      1 root      20   0  179200   1980   1680 S   0.0   0.1   0:01.78 systemd
      2 root      20   0       0      0      0 S   0.0   0.0   0:00.00 kthreadd
      3 root       0 -20       0      0      0 I   0.0   0.0   0:00.00 rcu_gp
      4 root       0 -20       0      0      0 I   0.0   0.0   0:00.00 rcu_par_gp
-_-_-_-_-_-_-_-_-_-_-_-_-_-_-_-_-_
MiB Mem :   1827.1 total,    283.4 free,   1481.0 used,     62.6 buff/cache
MiB Swap:    820.0 total,    733.0 free,     87.0 used.    241.5 avail Mem 
    PID USER      PR  NI    VIRT    RES    SHR S  %CPU  %MEM     TIME+ COMMAND
   5532 root      20   0 1646240   1.4g   2944 R  94.1  76.3   1:14.81 bash

   5532 root      20   0 1649408   1.4g   2944 R  93.3  76.4   1:14.97 bash
      1 root      20   0  179200   1980   1680 S   0.0   0.1   0:01.78 systemd
      2 root      20   0       0      0      0 S   0.0   0.0   0:00.00 kthreadd
      3 root       0 -20       0      0      0 I   0.0   0.0   0:00.00 rcu_gp
      4 root       0 -20       0      0      0 I   0.0   0.0   0:00.00 rcu_par_gp
-_-_-_-_-_-_-_-_-_-_-_-_-_-_-_-_-_
MiB Mem :   1827.1 total,    253.7 free,   1510.7 used,     62.6 buff/cache
MiB Swap:    820.0 total,    733.0 free,     87.0 used.    211.8 avail Mem 
    PID USER      PR  NI    VIRT    RES    SHR S  %CPU  %MEM     TIME+ COMMAND
   5532 root      20   0 1676336   1.4g   2944 R  88.9  77.9   1:16.49 bash

   5532 root      20   0 1679504   1.4g   2944 R  88.2  78.0   1:16.65 bash
      1 root      20   0  179200   1980   1680 S   0.0   0.1   0:01.78 systemd
      2 root      20   0       0      0      0 S   0.0   0.0   0:00.00 kthreadd
      3 root       0 -20       0      0      0 I   0.0   0.0   0:00.00 rcu_gp
      4 root       0 -20       0      0      0 I   0.0   0.0   0:00.00 rcu_par_gp
-_-_-_-_-_-_-_-_-_-_-_-_-_-_-_-_-_
MiB Mem :   1827.1 total,    221.1 free,   1541.9 used,     64.1 buff/cache
MiB Swap:    820.0 total,    733.2 free,     86.8 used.    179.9 avail Mem 
    PID USER      PR  NI    VIRT    RES    SHR S  %CPU  %MEM     TIME+ COMMAND
   5532 root      20   0 1708280   1.4g   2944 R  93.8  79.6   1:18.15 bash

   5532 root      20   0 1711316   1.4g   2944 R  93.3  79.7   1:18.30 bash
      1 root      20   0  179200   1980   1680 S   0.0   0.1   0:01.78 systemd
      2 root      20   0       0      0      0 S   0.0   0.0   0:00.00 kthreadd
      3 root       0 -20       0      0      0 I   0.0   0.0   0:00.00 rcu_gp
      4 root       0 -20       0      0      0 I   0.0   0.0   0:00.00 rcu_par_gp
-_-_-_-_-_-_-_-_-_-_-_-_-_-_-_-_-_
MiB Mem :   1827.1 total,    191.1 free,   1571.9 used,     64.1 buff/cache
MiB Swap:    820.0 total,    733.2 free,     86.8 used.    149.9 avail Mem 
    PID USER      PR  NI    VIRT    RES    SHR S  %CPU  %MEM     TIME+ COMMAND
   5532 root      20   0 1738640   1.4g   2944 R  93.8  81.2   1:19.81 bash

   5532 root      20   0 1741676   1.5g   2944 R  99.9  81.4   1:19.97 bash
      1 root      20   0  179200   1980   1680 S   0.0   0.1   0:01.78 systemd
      2 root      20   0       0      0      0 S   0.0   0.0   0:00.00 kthreadd
      3 root       0 -20       0      0      0 I   0.0   0.0   0:00.00 rcu_gp
      4 root       0 -20       0      0      0 I   0.0   0.0   0:00.00 rcu_par_gp
-_-_-_-_-_-_-_-_-_-_-_-_-_-_-_-_-_
MiB Mem :   1827.1 total,    160.7 free,   1602.3 used,     64.1 buff/cache
MiB Swap:    820.0 total,    733.2 free,     86.8 used.    119.5 avail Mem 
    PID USER      PR  NI    VIRT    RES    SHR S  %CPU  %MEM     TIME+ COMMAND
   5532 root      20   0 1769660   1.5g   2944 R  82.4  82.9   1:21.47 bash

   5532 root      20   0 1772828   1.5g   2944 R  88.2  83.0   1:21.65 bash
      1 root      20   0  179200   1980   1680 S   0.0   0.1   0:01.78 systemd
      2 root      20   0       0      0      0 S   0.0   0.0   0:00.00 kthreadd
      3 root       0 -20       0      0      0 I   0.0   0.0   0:00.00 rcu_gp
      4 root       0 -20       0      0      0 I   0.0   0.0   0:00.00 rcu_par_gp
-_-_-_-_-_-_-_-_-_-_-_-_-_-_-_-_-_
MiB Mem :   1827.1 total,    129.3 free,   1633.7 used,     64.1 buff/cache
MiB Swap:    820.0 total,    733.2 free,     86.8 used.     88.1 avail Mem 
    PID USER      PR  NI    VIRT    RES    SHR S  %CPU  %MEM     TIME+ COMMAND
   5532 root      20   0 1801340   1.5g   2944 R  94.1  84.5   1:23.16 bash

   5532 root      20   0 1803584   1.5g   2944 R  93.8  84.7   1:23.32 bash
      1 root      20   0  179200   1980   1680 S   0.0   0.1   0:01.78 systemd
      2 root      20   0       0      0      0 S   0.0   0.0   0:00.00 kthreadd
      3 root       0 -20       0      0      0 I   0.0   0.0   0:00.00 rcu_gp
      4 root       0 -20       0      0      0 I   0.0   0.0   0:00.00 rcu_par_gp
-_-_-_-_-_-_-_-_-_-_-_-_-_-_-_-_-_
MiB Mem :   1827.1 total,    102.2 free,   1660.8 used,     64.1 buff/cache
MiB Swap:    820.0 total,    733.2 free,     86.8 used.     61.0 avail Mem 
    PID USER      PR  NI    VIRT    RES    SHR S  %CPU  %MEM     TIME+ COMMAND
   5532 root      20   0 1829456   1.5g   2944 R  99.9  86.1   1:24.82 bash

   5532 root      20   0 1832888   1.5g   2944 R  82.4  86.2   1:24.98 bash
      1 root      20   0  179200   1980   1680 S   0.0   0.1   0:01.78 systemd
      2 root      20   0       0      0      0 S   0.0   0.0   0:00.00 kthreadd
      3 root       0 -20       0      0      0 I   0.0   0.0   0:00.00 rcu_gp
      4 root       0 -20       0      0      0 I   0.0   0.0   0:00.00 rcu_par_gp
-_-_-_-_-_-_-_-_-_-_-_-_-_-_-_-_-_
MiB Mem :   1827.1 total,     70.2 free,   1692.8 used,     64.1 buff/cache
MiB Swap:    820.0 total,    733.2 free,     86.8 used.     29.0 avail Mem 
    PID USER      PR  NI    VIRT    RES    SHR S  %CPU  %MEM     TIME+ COMMAND
   5532 root      20   0 1861532   1.6g   2944 R  94.1  87.8   1:26.51 bash

   5532 root      20   0 1864040   1.6g   2944 R  88.2  87.9   1:26.68 bash
      1 root      20   0  179200   1980   1680 S   0.0   0.1   0:01.78 systemd
      2 root      20   0       0      0      0 S   0.0   0.0   0:00.00 kthreadd
      3 root       0 -20       0      0      0 I   0.0   0.0   0:00.00 rcu_gp
      4 root       0 -20       0      0      0 I   0.0   0.0   0:00.00 rcu_par_gp
-_-_-_-_-_-_-_-_-_-_-_-_-_-_-_-_-_
MiB Mem :   1827.1 total,     74.9 free,   1717.4 used,     34.8 buff/cache
MiB Swap:    820.0 total,    668.4 free,    151.6 used.     19.3 avail Mem 
    PID USER      PR  NI    VIRT    RES    SHR S  %CPU  %MEM     TIME+ COMMAND
   5532 root      20   0 1960004   1.6g    964 R  53.8  89.1   1:32.42 bash

   5532 root      20   0 2002904   1.6g    680 R  17.3  89.3   1:34.91 bash
    901 root      20   0  635064   1424    996 S   1.2   0.1   0:01.31 tuned
   6061 root      20   0  274140   2888   2316 R   1.2   0.2   0:00.02 top
      1 root      20   0  179200     36      0 S   0.0   0.0   0:01.78 systemd
      2 root      20   0       0      0      0 S   0.0   0.0   0:00.00 kthreadd
-_-_-_-_-_-_-_-_-_-_-_-_-_-_-_-_-_
MiB Mem :   1827.1 total,     65.8 free,   1720.0 used,     41.2 buff/cache
MiB Swap:    820.0 total,    555.4 free,    264.6 used.     13.5 avail Mem 
    PID USER      PR  NI    VIRT    RES    SHR S  %CPU  %MEM     TIME+ COMMAND
   5532 root      20   0 2062568   1.6g    964 R  99.9  88.6   1:38.09 bash

   5532 root      20   0 2065604   1.6g    964 R  88.2  88.8   1:38.26 bash
      1 root      20   0  179200     12      0 S   0.0   0.0   0:01.78 systemd
      2 root      20   0       0      0      0 S   0.0   0.0   0:00.00 kthreadd
      3 root       0 -20       0      0      0 I   0.0   0.0   0:00.00 rcu_gp
      4 root       0 -20       0      0      0 I   0.0   0.0   0:00.00 rcu_par_gp
-_-_-_-_-_-_-_-_-_-_-_-_-_-_-_-_-_
MiB Mem :   1827.1 total,     62.2 free,   1722.8 used,     42.1 buff/cache
MiB Swap:    820.0 total,    532.4 free,    287.6 used.     10.3 avail Mem 
    PID USER      PR  NI    VIRT    RES    SHR S  %CPU  %MEM     TIME+ COMMAND
   5532 root      20   0 2094908   1.6g    940 R  77.8  88.4   1:39.85 bash

   5532 root      20   0 2099924   1.6g    940 R  93.8  88.7   1:40.12 bash
      1 root      20   0  179200     12      0 S   0.0   0.0   0:01.78 systemd
      2 root      20   0       0      0      0 S   0.0   0.0   0:00.00 kthreadd
      3 root       0 -20       0      0      0 I   0.0   0.0   0:00.00 rcu_gp
      4 root       0 -20       0      0      0 I   0.0   0.0   0:00.00 rcu_par_gp
-_-_-_-_-_-_-_-_-_-_-_-_-_-_-_-_-_
MiB Mem :   1827.1 total,     62.2 free,   1722.9 used,     42.0 buff/cache
MiB Swap:    820.0 total,    501.4 free,    318.6 used.     10.2 avail Mem 
    PID USER      PR  NI    VIRT    RES    SHR S  %CPU  %MEM     TIME+ COMMAND
   5532 root      20   0 2128568   1.6g    940 R  99.9  88.6   1:41.70 bash

   5532 root      20   0 2131604   1.6g    940 R  93.8  88.8   1:41.86 bash
      1 root      20   0  179200     12      0 S   0.0   0.0   0:01.78 systemd
      2 root      20   0       0      0      0 S   0.0   0.0   0:00.00 kthreadd
      3 root       0 -20       0      0      0 I   0.0   0.0   0:00.00 rcu_gp
      4 root       0 -20       0      0      0 I   0.0   0.0   0:00.00 rcu_par_gp
-_-_-_-_-_-_-_-_-_-_-_-_-_-_-_-_-_
MiB Mem :   1827.1 total,     66.6 free,   1721.6 used,     38.9 buff/cache
MiB Swap:    820.0 total,    466.9 free,    353.1 used.     13.1 avail Mem 
    PID USER      PR  NI    VIRT    RES    SHR S  %CPU  %MEM     TIME+ COMMAND
   5532 root      20   0 2158796   1.6g    940 R  93.8  89.1   1:43.37 bash

   5532 root      20   0 2161304   1.6g    880 R  70.6  88.5   1:43.51 bash
     47 root      20   0       0      0      0 S  11.8   0.0   0:24.34 kswapd0
      1 root      20   0  179200     12      0 S   0.0   0.0   0:01.78 systemd
      2 root      20   0       0      0      0 S   0.0   0.0   0:00.00 kthreadd
      3 root       0 -20       0      0      0 I   0.0   0.0   0:00.00 rcu_gp
-_-_-_-_-_-_-_-_-_-_-_-_-_-_-_-_-_
MiB Mem :   1827.1 total,     74.1 free,   1713.6 used,     39.3 buff/cache
MiB Swap:    820.0 total,    433.0 free,    387.0 used.     20.8 avail Mem 
    PID USER      PR  NI    VIRT    RES    SHR S  %CPU  %MEM     TIME+ COMMAND
   5532 root      20   0 2188892   1.6g    880 R  93.8  88.9   1:45.08 bash

   5532 root      20   0 2191928   1.6g    880 R  93.8  89.0   1:45.25 bash
      1 root      20   0  179200     12      0 S   0.0   0.0   0:01.78 systemd
      2 root      20   0       0      0      0 S   0.0   0.0   0:00.00 kthreadd
      3 root       0 -20       0      0      0 I   0.0   0.0   0:00.00 rcu_gp
      4 root       0 -20       0      0      0 I   0.0   0.0   0:00.00 rcu_par_gp
-_-_-_-_-_-_-_-_-_-_-_-_-_-_-_-_-_
MiB Mem :   1827.1 total,     76.1 free,   1713.9 used,     37.0 buff/cache
MiB Swap:    820.0 total,    405.8 free,    414.1 used.     21.6 avail Mem 
    PID USER      PR  NI    VIRT    RES    SHR S  %CPU  %MEM     TIME+ COMMAND
   5532 root      20   0 2215952   1.6g    880 R  87.5  88.8   1:46.67 bash

   5532 root      20   0 2218856   1.6g    880 R  99.9  89.0   1:46.84 bash
      1 root      20   0  179200     12      0 S   0.0   0.0   0:01.78 systemd
      2 root      20   0       0      0      0 S   0.0   0.0   0:00.00 kthreadd
      3 root       0 -20       0      0      0 I   0.0   0.0   0:00.00 rcu_gp
      4 root       0 -20       0      0      0 I   0.0   0.0   0:00.00 rcu_par_gp
-_-_-_-_-_-_-_-_-_-_-_-_-_-_-_-_-_
MiB Mem :   1827.1 total,     74.7 free,   1715.1 used,     37.2 buff/cache
MiB Swap:    820.0 total,    376.4 free,    443.6 used.     20.4 avail Mem 
    PID USER      PR  NI    VIRT    RES    SHR S  %CPU  %MEM     TIME+ COMMAND
   5532 root      20   0 2246048   1.6g    880 R  93.8  88.7   1:48.38 bash

   5532 root      20   0 2248820   1.6g    880 R  87.5  88.6   1:48.54 bash
      1 root      20   0  179200     12      0 S   0.0   0.0   0:01.78 systemd
      2 root      20   0       0      0      0 S   0.0   0.0   0:00.00 kthreadd
      3 root       0 -20       0      0      0 I   0.0   0.0   0:00.00 rcu_gp
      4 root       0 -20       0      0      0 I   0.0   0.0   0:00.00 rcu_par_gp
-_-_-_-_-_-_-_-_-_-_-_-_-_-_-_-_-_
MiB Mem :   1827.1 total,     71.8 free,   1718.1 used,     37.2 buff/cache
MiB Swap:    820.0 total,    353.9 free,    466.1 used.     17.4 avail Mem 
    PID USER      PR  NI    VIRT    RES    SHR S  %CPU  %MEM     TIME+ COMMAND
   5532 root      20   0 2273372   1.6g    880 R  88.9  89.0   1:50.11 bash

   5532 root      20   0 2276144   1.6g    880 R  93.3  89.2   1:50.26 bash
      1 root      20   0  179200     12      0 S   0.0   0.0   0:01.78 systemd
      2 root      20   0       0      0      0 S   0.0   0.0   0:00.00 kthreadd
      3 root       0 -20       0      0      0 I   0.0   0.0   0:00.00 rcu_gp
      4 root       0 -20       0      0      0 I   0.0   0.0   0:00.00 rcu_par_gp
-_-_-_-_-_-_-_-_-_-_-_-_-_-_-_-_-_
MiB Mem :   1827.1 total,     64.1 free,   1725.1 used,     37.9 buff/cache
MiB Swap:    820.0 total,    333.9 free,    486.1 used.     10.1 avail Mem 
    PID USER      PR  NI    VIRT    RES    SHR S  %CPU  %MEM     TIME+ COMMAND
   5532 root      20   0 2300432   1.6g    880 R  76.5  89.0   1:51.89 bash

   5532 root      20   0 2302280   1.6g    880 R  87.5  88.4   1:52.04 bash
      9 root      20   0       0      0      0 S   6.2   0.0   0:00.27 ksoftirqd/0
      1 root      20   0  179200     12      0 S   0.0   0.0   0:01.78 systemd
      2 root      20   0       0      0      0 S   0.0   0.0   0:00.00 kthreadd
      3 root       0 -20       0      0      0 I   0.0   0.0   0:00.00 rcu_gp
-_-_-_-_-_-_-_-_-_-_-_-_-_-_-_-_-_
MiB Mem :   1827.1 total,     72.1 free,   1718.2 used,     36.8 buff/cache
MiB Swap:    820.0 total,    301.2 free,    518.8 used.     17.5 avail Mem 
    PID USER      PR  NI    VIRT    RES    SHR S  %CPU  %MEM     TIME+ COMMAND
   5532 root      20   0 2327096   1.6g    880 R  83.3  89.0   1:53.54 bash

   5532 root      20   0 2329472   1.6g    880 R  88.2  89.1   1:53.71 bash
      1 root      20   0  179200     12      0 S   0.0   0.0   0:01.78 systemd
      2 root      20   0       0      0      0 S   0.0   0.0   0:00.00 kthreadd
      3 root       0 -20       0      0      0 I   0.0   0.0   0:00.00 rcu_gp
      4 root       0 -20       0      0      0 I   0.0   0.0   0:00.00 rcu_par_gp
-_-_-_-_-_-_-_-_-_-_-_-_-_-_-_-_-_
MiB Mem :   1827.1 total,     77.2 free,   1714.9 used,     34.9 buff/cache
MiB Swap:    820.0 total,    271.9 free,    548.1 used.     21.8 avail Mem 
    PID USER      PR  NI    VIRT    RES    SHR S  %CPU  %MEM     TIME+ COMMAND
   5532 root      20   0 2356532   1.6g    880 R  87.5  88.5   1:55.30 bash

   5532 root      20   0 2359700   1.6g    880 R  94.1  88.6   1:55.48 bash
      1 root      20   0  179200     12      0 S   0.0   0.0   0:01.78 systemd
      2 root      20   0       0      0      0 S   0.0   0.0   0:00.00 kthreadd
      3 root       0 -20       0      0      0 I   0.0   0.0   0:00.00 rcu_gp
      4 root       0 -20       0      0      0 I   0.0   0.0   0:00.00 rcu_par_gp
-_-_-_-_-_-_-_-_-_-_-_-_-_-_-_-_-_
MiB Mem :   1827.1 total,     73.4 free,   1717.2 used,     36.5 buff/cache
MiB Swap:    820.0 total,    241.8 free,    578.2 used.     18.7 avail Mem 
    PID USER      PR  NI    VIRT    RES    SHR S  %CPU  %MEM     TIME+ COMMAND
   5532 root      20   0 2387420   1.6g    880 R  93.8  89.0   1:57.02 bash

   5532 root      20   0 2390720   1.6g    880 R  94.1  89.2   1:57.20 bash
      1 root      20   0  179200     12      0 S   0.0   0.0   0:01.78 systemd
      2 root      20   0       0      0      0 S   0.0   0.0   0:00.00 kthreadd
      3 root       0 -20       0      0      0 I   0.0   0.0   0:00.00 rcu_gp
      4 root       0 -20       0      0      0 I   0.0   0.0   0:00.00 rcu_par_gp
-_-_-_-_-_-_-_-_-_-_-_-_-_-_-_-_-_
MiB Mem :   1827.1 total,     73.9 free,   1716.9 used,     36.2 buff/cache
MiB Swap:    820.0 total,    211.4 free,    608.6 used.     19.1 avail Mem 
    PID USER      PR  NI    VIRT    RES    SHR S  %CPU  %MEM     TIME+ COMMAND
   5532 root      20   0 2418044   1.6g    880 R  88.9  89.0   1:58.69 bash

   5532 root      20   0 2420948   1.6g    880 R  93.8  89.1   1:58.85 bash
      1 root      20   0  179200     12      0 S   0.0   0.0   0:01.78 systemd
      2 root      20   0       0      0      0 S   0.0   0.0   0:00.00 kthreadd
      3 root       0 -20       0      0      0 I   0.0   0.0   0:00.00 rcu_gp
      4 root       0 -20       0      0      0 I   0.0   0.0   0:00.00 rcu_par_gp
-_-_-_-_-_-_-_-_-_-_-_-_-_-_-_-_-_
MiB Mem :   1827.1 total,     72.0 free,   1718.0 used,     37.1 buff/cache
MiB Swap:    820.0 total,    185.0 free,    635.0 used.     17.6 avail Mem 
    PID USER      PR  NI    VIRT    RES    SHR S  %CPU  %MEM     TIME+ COMMAND
   5532 root      20   0 2446028   1.6g    880 R  99.9  89.0   2:00.37 bash

   5532 root      20   0 2449196   1.6g    880 R  82.4  89.2   2:00.53 bash
      1 root      20   0  179200     12      0 S   0.0   0.0   0:01.78 systemd
      2 root      20   0       0      0      0 S   0.0   0.0   0:00.00 kthreadd
      3 root       0 -20       0      0      0 I   0.0   0.0   0:00.00 rcu_gp
      4 root       0 -20       0      0      0 I   0.0   0.0   0:00.00 rcu_par_gp
-_-_-_-_-_-_-_-_-_-_-_-_-_-_-_-_-_
MiB Mem :   1827.1 total,     77.2 free,   1713.8 used,     36.1 buff/cache
MiB Swap:    820.0 total,    152.4 free,    667.6 used.     22.2 avail Mem 
    PID USER      PR  NI    VIRT    RES    SHR S  %CPU  %MEM     TIME+ COMMAND
   5532 root      20   0 2475068   1.6g    880 R  99.9  88.8   2:02.06 bash

   5532 root      20   0 2477180   1.6g    880 R  82.4  88.9   2:02.22 bash
      1 root      20   0  179200     12      0 S   0.0   0.0   0:01.78 systemd
      2 root      20   0       0      0      0 S   0.0   0.0   0:00.00 kthreadd
      3 root       0 -20       0      0      0 I   0.0   0.0   0:00.00 rcu_gp
      4 root       0 -20       0      0      0 I   0.0   0.0   0:00.00 rcu_par_gp
-_-_-_-_-_-_-_-_-_-_-_-_-_-_-_-_-_
MiB Mem :   1827.1 total,     70.1 free,   1721.6 used,     35.4 buff/cache
MiB Swap:    820.0 total,    130.7 free,    689.3 used.     14.9 avail Mem 
    PID USER      PR  NI    VIRT    RES    SHR S  %CPU  %MEM     TIME+ COMMAND
   5532 root      20   0 2503184   1.6g    880 R  93.8  89.1   2:03.67 bash

   5532 root      20   0 2506748   1.6g    880 R  88.9  89.3   2:03.85 bash
      1 root      20   0  179200     12      0 S   0.0   0.0   0:01.78 systemd
      2 root      20   0       0      0      0 S   0.0   0.0   0:00.00 kthreadd
      3 root       0 -20       0      0      0 I   0.0   0.0   0:00.00 rcu_gp
      4 root       0 -20       0      0      0 I   0.0   0.0   0:00.00 rcu_par_gp
-_-_-_-_-_-_-_-_-_-_-_-_-_-_-_-_-_
MiB Mem :   1827.1 total,     68.4 free,   1723.1 used,     35.5 buff/cache
MiB Swap:    820.0 total,     91.9 free,    728.1 used.     13.2 avail Mem 
    PID USER      PR  NI    VIRT    RES    SHR S  %CPU  %MEM     TIME+ COMMAND
   5532 root      20   0 2533544   1.6g    880 R  93.3  88.2   2:05.43 bash

   5532 root      20   0 2536712   1.6g    880 R  99.9  88.1   2:05.61 bash
     47 root      20   0       0      0      0 S   6.7   0.0   0:24.88 kswapd0
      1 root      20   0  179200     12      0 S   0.0   0.0   0:01.78 systemd
      2 root      20   0       0      0      0 S   0.0   0.0   0:00.00 kthreadd
      3 root       0 -20       0      0      0 I   0.0   0.0   0:00.00 rcu_gp
-_-_-_-_-_-_-_-_-_-_-_-_-_-_-_-_-_
MiB Mem :   1827.1 total,     74.5 free,   1713.2 used,     39.3 buff/cache
MiB Swap:    820.0 total,     56.4 free,    763.6 used.     21.2 avail Mem 
    PID USER      PR  NI    VIRT    RES    SHR S  %CPU  %MEM     TIME+ COMMAND
   5532 root      20   0 2561792   1.6g    880 R  93.8  88.1   2:07.03 bash

   5532 root      20   0 2565092   1.6g    880 R  87.5  88.3   2:07.20 bash
      1 root      20   0  179200   2012   1808 S   0.0   0.1   0:01.78 systemd
      2 root      20   0       0      0      0 S   0.0   0.0   0:00.00 kthreadd
      3 root       0 -20       0      0      0 I   0.0   0.0   0:00.00 rcu_gp
      4 root       0 -20       0      0      0 I   0.0   0.0   0:00.00 rcu_par_gp
-_-_-_-_-_-_-_-_-_-_-_-_-_-_-_-_-_
MiB Mem :   1827.1 total,     63.0 free,   1724.8 used,     39.2 buff/cache
MiB Swap:    820.0 total,     40.1 free,    779.9 used.      9.7 avail Mem 
    PID USER      PR  NI    VIRT    RES    SHR S  %CPU  %MEM     TIME+ COMMAND
   5532 root      20   0 2590172   1.6g    880 R  93.8  87.9   2:08.70 bash

   5532 root      20   0 2593208   1.6g    880 R  88.2  88.1   2:08.87 bash
      1 root      20   0  179200   2012   1808 S   0.0   0.1   0:01.78 systemd
      2 root      20   0       0      0      0 S   0.0   0.0   0:00.00 kthreadd
      3 root       0 -20       0      0      0 I   0.0   0.0   0:00.00 rcu_gp
      4 root       0 -20       0      0      0 I   0.0   0.0   0:00.00 rcu_par_gp
-_-_-_-_-_-_-_-_-_-_-_-_-_-_-_-_-_
MiB Mem :   1827.1 total,     66.6 free,   1722.7 used,     37.8 buff/cache
MiB Swap:    820.0 total,     10.7 free,    809.3 used.     12.5 avail Mem 
    PID USER      PR  NI    VIRT    RES    SHR S  %CPU  %MEM     TIME+ COMMAND
   5532 root      20   0 2618816   1.6g    880 R  93.8  88.7   2:10.40 bash

   5532 root      20   0 2621720   1.6g    880 R  73.7  88.2   2:10.56 bash
     47 root      20   0       0      0      0 S   5.3   0.0   0:25.03 kswapd0
      1 root      20   0  179200   2012   1808 S   0.0   0.1   0:01.78 systemd
      2 root      20   0       0      0      0 S   0.0   0.0   0:00.00 kthreadd
      3 root       0 -20       0      0      0 I   0.0   0.0   0:00.00 rcu_gp
-_-_-_-_-_-_-_-_-_-_-_-_-_-_-_-_-_
Results: 
[ 2195.358060] Out of memory: Killed process 5532 (bash) total-vm:2653796kB, anon-rss:1681816kB, file-rss:0kB, shmem-rss:0kB, UID:0
[ 2195.511292] oom_reaper: reaped process 5532 (bash), now anon-rss:0kB, file-rss:0kB, shmem-rss:0kB
Max size of array:  31000000
