
MiB Mem :   1827.1 total,   1653.3 free,    109.6 used,     64.1 buff/cache
MiB Swap:    820.0 total,    733.2 free,     86.7 used.   1612.1 avail Mem 
    PID USER      PR  NI    VIRT    RES    SHR S  %CPU  %MEM     TIME+ COMMAND
   6338 root      20   0  232916  13472   3012 R  41.2   0.7   0:00.48 bash

   6338 root      20   0  235160  15848   3012 R  44.4   0.8   0:00.58 bash
   6337 root      20   0  234764  15344   3040 R  38.9   0.8   0:00.57 bash
      1 root      20   0  179200   1388   1100 S   0.0   0.1   0:01.79 systemd
      2 root      20   0       0      0      0 S   0.0   0.0   0:00.00 kthreadd
      3 root       0 -20       0      0      0 I   0.0   0.0   0:00.00 rcu_gp
-_-_-_-_-_-_-_-_-_-_-_-_-_-_-_-_-_
MiB Mem :   1827.1 total,   1616.1 free,    146.6 used,     64.4 buff/cache
MiB Swap:    820.0 total,    733.3 free,     86.7 used.   1575.0 avail Mem 
    PID USER      PR  NI    VIRT    RES    SHR S  %CPU  %MEM     TIME+ COMMAND
   6338 root      20   0  251792  32480   3012 R  47.1   1.7   0:01.37 bash

   6338 root      20   0  254168  34856   3012 R  47.1   1.9   0:01.47 bash
   6337 root      20   0  253904  34616   3040 R  41.2   1.9   0:01.46 bash
      1 root      20   0  179200   1388   1100 S   0.0   0.1   0:01.79 systemd
      2 root      20   0       0      0      0 S   0.0   0.0   0:00.00 kthreadd
      3 root       0 -20       0      0      0 I   0.0   0.0   0:00.00 rcu_gp
-_-_-_-_-_-_-_-_-_-_-_-_-_-_-_-_-_
MiB Mem :   1827.1 total,   1575.4 free,    187.3 used,     64.4 buff/cache
MiB Swap:    820.0 total,    733.3 free,     86.7 used.   1534.3 avail Mem 
    PID USER      PR  NI    VIRT    RES    SHR S  %CPU  %MEM     TIME+ COMMAND
   6338 root      20   0  273044  53600   3012 R  38.9   2.9   0:02.24 bash

   6337 root      20   0  274892  55472   3040 R  41.2   3.0   0:02.32 bash
   6338 root      20   0  275156  55712   3012 R  41.2   3.0   0:02.32 bash
      1 root      20   0  179200   1388   1100 S   0.0   0.1   0:01.79 systemd
      2 root      20   0       0      0      0 S   0.0   0.0   0:00.00 kthreadd
      3 root       0 -20       0      0      0 I   0.0   0.0   0:00.00 rcu_gp
-_-_-_-_-_-_-_-_-_-_-_-_-_-_-_-_-_
MiB Mem :   1827.1 total,   1532.9 free,    229.8 used,     64.4 buff/cache
MiB Swap:    820.0 total,    733.3 free,     86.7 used.   1491.8 avail Mem 
    PID USER      PR  NI    VIRT    RES    SHR S  %CPU  %MEM     TIME+ COMMAND
   6338 root      20   0  294560  75248   3012 R  56.2   4.0   0:03.12 bash

   6337 root      20   0  296408  77120   3040 R  52.9   4.1   0:03.21 bash
   6338 root      20   0  296804  77360   3012 R  47.1   4.1   0:03.20 bash
      1 root      20   0  179200   1388   1100 S   0.0   0.1   0:01.79 systemd
      2 root      20   0       0      0      0 S   0.0   0.0   0:00.00 kthreadd
      3 root       0 -20       0      0      0 I   0.0   0.0   0:00.00 rcu_gp
-_-_-_-_-_-_-_-_-_-_-_-_-_-_-_-_-_
MiB Mem :   1827.1 total,   1496.7 free,    266.0 used,     64.4 buff/cache
MiB Swap:    820.0 total,    733.3 free,     86.7 used.   1455.7 avail Mem 
    PID USER      PR  NI    VIRT    RES    SHR S  %CPU  %MEM     TIME+ COMMAND
   6338 root      20   0  312248  92936   3012 R  38.9   5.0   0:03.98 bash

   6338 root      20   0  313832  94520   3012 R  50.0   5.1   0:04.07 bash
   6337 root      20   0  313436  94012   3040 R  43.8   5.0   0:04.07 bash
      1 root      20   0  179200   1388   1100 S   0.0   0.1   0:01.79 systemd
      2 root      20   0       0      0      0 S   0.0   0.0   0:00.00 kthreadd
      3 root       0 -20       0      0      0 I   0.0   0.0   0:00.00 rcu_gp
-_-_-_-_-_-_-_-_-_-_-_-_-_-_-_-_-_
MiB Mem :   1827.1 total,   1467.7 free,    295.0 used,     64.4 buff/cache
MiB Swap:    820.0 total,    733.3 free,     86.7 used.   1426.6 avail Mem 
    PID USER      PR  NI    VIRT    RES    SHR S  %CPU  %MEM     TIME+ COMMAND
   6338 root      20   0  327956 108776   3012 R  50.0   5.8   0:04.84 bash

   6338 root      20   0  329408 110096   3012 R  50.0   5.9   0:04.93 bash
   6337 root      20   0  328616 109324   3040 R  43.8   5.8   0:04.92 bash
      1 root      20   0  179200   1388   1100 S   0.0   0.1   0:01.79 systemd
      2 root      20   0       0      0      0 S   0.0   0.0   0:00.00 kthreadd
      3 root       0 -20       0      0      0 I   0.0   0.0   0:00.00 rcu_gp
-_-_-_-_-_-_-_-_-_-_-_-_-_-_-_-_-_
MiB Mem :   1827.1 total,   1437.0 free,    325.7 used,     64.4 buff/cache
MiB Swap:    820.0 total,    733.3 free,     86.7 used.   1395.9 avail Mem 
    PID USER      PR  NI    VIRT    RES    SHR S  %CPU  %MEM     TIME+ COMMAND
   6338 root      20   0  342872 123560   3012 R  50.0   6.6   0:05.69 bash

   6337 root      20   0  343400 124108   3040 R  41.2   6.6   0:05.77 bash
   6338 root      20   0  344060 124880   3012 R  35.3   6.7   0:05.76 bash
   6478 root      20   0  274140   4432   3860 R   5.9   0.2   0:00.01 top
      1 root      20   0  179200   1388   1100 S   0.0   0.1   0:01.79 systemd
      2 root      20   0       0      0      0 S   0.0   0.0   0:00.00 kthreadd
-_-_-_-_-_-_-_-_-_-_-_-_-_-_-_-_-_
MiB Mem :   1827.1 total,   1406.8 free,    355.9 used,     64.4 buff/cache
MiB Swap:    820.0 total,    733.3 free,     86.7 used.   1365.7 avail Mem 
    PID USER      PR  NI    VIRT    RES    SHR S  %CPU  %MEM     TIME+ COMMAND
   6338 root      20   0  359108 139664   3012 R  50.0   7.5   0:06.54 bash

   6338 root      20   0  360692 141248   3012 R  50.0   7.5   0:06.63 bash
   6337 root      20   0  359636 140212   3040 R  43.8   7.5   0:06.61 bash
      1 root      20   0  179200   1388   1100 S   0.0   0.1   0:01.79 systemd
      2 root      20   0       0      0      0 S   0.0   0.0   0:00.00 kthreadd
      3 root       0 -20       0      0      0 I   0.0   0.0   0:00.00 rcu_gp
-_-_-_-_-_-_-_-_-_-_-_-_-_-_-_-_-_
MiB Mem :   1827.1 total,   1376.5 free,    386.1 used,     64.4 buff/cache
MiB Swap:    820.0 total,    733.3 free,     86.7 used.   1335.5 avail Mem 
    PID USER      PR  NI    VIRT    RES    SHR S  %CPU  %MEM     TIME+ COMMAND
   6338 root      20   0  374948 155504   3012 R  50.0   8.3   0:07.40 bash

   6338 root      20   0  376400 157088   3012 R  40.0   8.4   0:07.49 bash
   6337 root      20   0  375212 155788   3040 R  35.0   8.3   0:07.48 bash
      1 root      20   0  179200   1388   1100 S   0.0   0.1   0:01.79 systemd
      2 root      20   0       0      0      0 S   0.0   0.0   0:00.00 kthreadd
      3 root       0 -20       0      0      0 I   0.0   0.0   0:00.00 rcu_gp
-_-_-_-_-_-_-_-_-_-_-_-_-_-_-_-_-_
MiB Mem :   1827.1 total,   1345.0 free,    417.6 used,     64.4 buff/cache
MiB Swap:    820.0 total,    733.3 free,     86.7 used.   1304.0 avail Mem 
    PID USER      PR  NI    VIRT    RES    SHR S  %CPU  %MEM     TIME+ COMMAND
   6338 root      20   0  390920 171608   3012 R  50.0   9.2   0:08.27 bash

   6337 root      20   0  391448 172156   3040 R  44.4   9.2   0:08.36 bash
   6338 root      20   0  392504 173192   3012 R  44.4   9.3   0:08.36 bash
      1 root      20   0  179200   1388   1100 S   0.0   0.1   0:01.79 systemd
      2 root      20   0       0      0      0 S   0.0   0.0   0:00.00 kthreadd
      3 root       0 -20       0      0      0 I   0.0   0.0   0:00.00 rcu_gp
-_-_-_-_-_-_-_-_-_-_-_-_-_-_-_-_-_
MiB Mem :   1827.1 total,   1312.0 free,    450.6 used,     64.4 buff/cache
MiB Swap:    820.0 total,    733.3 free,     86.7 used.   1271.0 avail Mem 
    PID USER      PR  NI    VIRT    RES    SHR S  %CPU  %MEM     TIME+ COMMAND
   6338 root      20   0  407420 187976   3012 R  38.9  10.0   0:09.13 bash

   6337 root      20   0  407948 188524   3040 R  38.9  10.1   0:09.23 bash
   6338 root      20   0  409136 189824   3012 R  38.9  10.1   0:09.22 bash
      1 root      20   0  179200   1388   1100 S   0.0   0.1   0:01.79 systemd
      2 root      20   0       0      0      0 S   0.0   0.0   0:00.00 kthreadd
      3 root       0 -20       0      0      0 I   0.0   0.0   0:00.00 rcu_gp
-_-_-_-_-_-_-_-_-_-_-_-_-_-_-_-_-_
MiB Mem :   1827.1 total,   1281.3 free,    481.3 used,     64.4 buff/cache
MiB Swap:    820.0 total,    733.3 free,     86.7 used.   1240.3 avail Mem 
    PID USER      PR  NI    VIRT    RES    SHR S  %CPU  %MEM     TIME+ COMMAND
   6338 root      20   0  423392 204080   3012 R  50.0  10.9   0:10.01 bash

   6337 root      20   0  423656 204364   3040 R  43.8  10.9   0:10.08 bash
   6338 root      20   0  425108 205664   3012 R  43.8  11.0   0:10.09 bash
      1 root      20   0  179200   1388   1100 S   0.0   0.1   0:01.79 systemd
      2 root      20   0       0      0      0 S   0.0   0.0   0:00.00 kthreadd
      3 root       0 -20       0      0      0 I   0.0   0.0   0:00.00 rcu_gp
-_-_-_-_-_-_-_-_-_-_-_-_-_-_-_-_-_
MiB Mem :   1827.1 total,   1248.0 free,    514.7 used,     64.4 buff/cache
MiB Swap:    820.0 total,    733.3 free,     86.7 used.   1207.0 avail Mem 
    PID USER      PR  NI    VIRT    RES    SHR S  %CPU  %MEM     TIME+ COMMAND
   6338 root      20   0  440420 220976   3012 R  36.8  11.8   0:10.87 bash

   6337 root      20   0  440552 221260   3040 R  38.9  11.8   0:10.96 bash
   6338 root      20   0  442004 222560   3012 R  38.9  11.9   0:10.96 bash
      1 root      20   0  179200   1388   1100 S   0.0   0.1   0:01.79 systemd
      2 root      20   0       0      0      0 S   0.0   0.0   0:00.00 kthreadd
      3 root       0 -20       0      0      0 I   0.0   0.0   0:00.00 rcu_gp
-_-_-_-_-_-_-_-_-_-_-_-_-_-_-_-_-_
MiB Mem :   1827.1 total,   1217.3 free,    545.3 used,     64.4 buff/cache
MiB Swap:    820.0 total,    733.3 free,     86.7 used.   1176.3 avail Mem 
    PID USER      PR  NI    VIRT    RES    SHR S  %CPU  %MEM     TIME+ COMMAND
   6338 root      20   0  455996 236552   3012 R  47.1  12.6   0:11.74 bash

   6337 root      20   0  455600 236308   3040 R  41.2  12.6   0:11.82 bash
   6338 root      20   0  457448 238136   3012 R  41.2  12.7   0:11.83 bash
      1 root      20   0  179200   1388   1100 S   0.0   0.1   0:01.79 systemd
      2 root      20   0       0      0      0 S   0.0   0.0   0:00.00 kthreadd
      3 root       0 -20       0      0      0 I   0.0   0.0   0:00.00 rcu_gp
-_-_-_-_-_-_-_-_-_-_-_-_-_-_-_-_-_
MiB Mem :   1827.1 total,   1186.2 free,    576.5 used,     64.4 buff/cache
MiB Swap:    820.0 total,    733.3 free,     86.7 used.   1145.1 avail Mem 
    PID USER      PR  NI    VIRT    RES    SHR S  %CPU  %MEM     TIME+ COMMAND
   6338 root      20   0  472364 252920   3012 R  38.9  13.5   0:12.60 bash

   6338 root      20   0  473552 254240   3012 R  44.4  13.6   0:12.69 bash
   6337 root      20   0  471704 252412   3040 R  38.9  13.5   0:12.70 bash
      1 root      20   0  179200   1388   1100 S   0.0   0.1   0:01.79 systemd
      2 root      20   0       0      0      0 S   0.0   0.0   0:00.00 kthreadd
      3 root       0 -20       0      0      0 I   0.0   0.0   0:00.00 rcu_gp
-_-_-_-_-_-_-_-_-_-_-_-_-_-_-_-_-_
MiB Mem :   1827.1 total,   1155.7 free,    606.9 used,     64.4 buff/cache
MiB Swap:    820.0 total,    733.3 free,     86.7 used.   1114.7 avail Mem 
    PID USER      PR  NI    VIRT    RES    SHR S  %CPU  %MEM     TIME+ COMMAND
   6338 root      20   0  487544 268232   3012 R  38.9  14.3   0:13.47 bash

   6337 root      20   0  487412 267988   3040 R  44.4  14.3   0:13.57 bash
   6338 root      20   0  489260 269816   3012 R  44.4  14.4   0:13.56 bash
      1 root      20   0  179200   1388   1100 S   0.0   0.1   0:01.79 systemd
      2 root      20   0       0      0      0 S   0.0   0.0   0:00.00 kthreadd
      3 root       0 -20       0      0      0 I   0.0   0.0   0:00.00 rcu_gp
-_-_-_-_-_-_-_-_-_-_-_-_-_-_-_-_-_
MiB Mem :   1827.1 total,   1125.4 free,    637.2 used,     64.4 buff/cache
MiB Swap:    820.0 total,    733.3 free,     86.7 used.   1084.4 avail Mem 
    PID USER      PR  NI    VIRT    RES    SHR S  %CPU  %MEM     TIME+ COMMAND
   6338 root      20   0  502988 283544   3012 R  38.9  15.2   0:14.32 bash

   6337 root      20   0  502856 283564   3040 R  44.4  15.2   0:14.43 bash
   6338 root      20   0  504836 285392   3012 R  44.4  15.3   0:14.42 bash
      1 root      20   0  179200   1388   1100 S   0.0   0.1   0:01.79 systemd
      2 root      20   0       0      0      0 S   0.0   0.0   0:00.00 kthreadd
      3 root       0 -20       0      0      0 I   0.0   0.0   0:00.00 rcu_gp
-_-_-_-_-_-_-_-_-_-_-_-_-_-_-_-_-_
MiB Mem :   1827.1 total,   1097.0 free,    665.6 used,     64.4 buff/cache
MiB Swap:    820.0 total,    733.3 free,     86.7 used.   1056.0 avail Mem 
    PID USER      PR  NI    VIRT    RES    SHR S  %CPU  %MEM     TIME+ COMMAND
   6338 root      20   0  518036 298592   3012 R  47.1  16.0   0:15.21 bash

   6337 root      20   0  517508 298348   3040 R  38.9  15.9   0:15.29 bash
   6338 root      20   0  519752 300440   3012 R  38.9  16.1   0:15.29 bash
      1 root      20   0  179200   1388   1100 S   0.0   0.1   0:01.79 systemd
      2 root      20   0       0      0      0 S   0.0   0.0   0:00.00 kthreadd
      3 root       0 -20       0      0      0 I   0.0   0.0   0:00.00 rcu_gp
-_-_-_-_-_-_-_-_-_-_-_-_-_-_-_-_-_
MiB Mem :   1827.1 total,   1065.0 free,    697.6 used,     64.4 buff/cache
MiB Swap:    820.0 total,    733.3 free,     86.7 used.   1024.0 avail Mem 
    PID USER      PR  NI    VIRT    RES    SHR S  %CPU  %MEM     TIME+ COMMAND
   6338 root      20   0  534272 314960   3012 R  46.7  16.8   0:16.07 bash

   6337 root      20   0  533744 314452   3040 R  41.2  16.8   0:16.16 bash
   6338 root      20   0  536120 316808   3012 R  41.2  16.9   0:16.16 bash
      1 root      20   0  179200   1388   1100 S   0.0   0.1   0:01.79 systemd
      2 root      20   0       0      0      0 S   0.0   0.0   0:00.00 kthreadd
      3 root       0 -20       0      0      0 I   0.0   0.0   0:00.00 rcu_gp
-_-_-_-_-_-_-_-_-_-_-_-_-_-_-_-_-_
MiB Mem :   1827.1 total,   1032.1 free,    730.5 used,     64.4 buff/cache
MiB Swap:    820.0 total,    733.3 free,     86.7 used.    991.1 avail Mem 
    PID USER      PR  NI    VIRT    RES    SHR S  %CPU  %MEM     TIME+ COMMAND
   6338 root      20   0  551300 331856   3012 R  41.2  17.7   0:16.94 bash

   6337 root      20   0  550640 331348   3040 R  47.1  17.7   0:17.04 bash
   6338 root      20   0  552884 333440   3012 R  47.1  17.8   0:17.03 bash
      1 root      20   0  179200   1388   1100 S   0.0   0.1   0:01.79 systemd
      2 root      20   0       0      0      0 S   0.0   0.0   0:00.00 kthreadd
      3 root       0 -20       0      0      0 I   0.0   0.0   0:00.00 rcu_gp
-_-_-_-_-_-_-_-_-_-_-_-_-_-_-_-_-_
MiB Mem :   1827.1 total,    999.7 free,    762.9 used,     64.4 buff/cache
MiB Swap:    820.0 total,    733.3 free,     86.7 used.    958.7 avail Mem 
    PID USER      PR  NI    VIRT    RES    SHR S  %CPU  %MEM     TIME+ COMMAND
   6338 root      20   0  567932 348488   3012 R  44.4  18.6   0:17.81 bash

   6338 root      20   0  569648 350336   3012 R  53.3  18.7   0:17.90 bash
   6337 root      20   0  567140 347716   3040 R  46.7  18.6   0:17.89 bash
      1 root      20   0  179200   1388   1100 S   0.0   0.1   0:01.79 systemd
      2 root      20   0       0      0      0 S   0.0   0.0   0:00.00 kthreadd
      3 root       0 -20       0      0      0 I   0.0   0.0   0:00.00 rcu_gp
-_-_-_-_-_-_-_-_-_-_-_-_-_-_-_-_-_
MiB Mem :   1827.1 total,    966.4 free,    796.2 used,     64.4 buff/cache
MiB Swap:    820.0 total,    733.3 free,     86.7 used.    925.4 avail Mem 
    PID USER      PR  NI    VIRT    RES    SHR S  %CPU  %MEM     TIME+ COMMAND
   6338 root      20   0  584960 365648   3012 R  38.9  19.5   0:18.67 bash

   6338 root      20   0  586808 367496   3012 R  44.4  19.6   0:18.77 bash
   6337 root      20   0  584036 364612   3040 R  38.9  19.5   0:18.76 bash
      1 root      20   0  179200   1388   1100 S   0.0   0.1   0:01.79 systemd
      2 root      20   0       0      0      0 S   0.0   0.0   0:00.00 kthreadd
      3 root       0 -20       0      0      0 I   0.0   0.0   0:00.00 rcu_gp
-_-_-_-_-_-_-_-_-_-_-_-_-_-_-_-_-_
MiB Mem :   1827.1 total,    933.2 free,    829.5 used,     64.4 buff/cache
MiB Swap:    820.0 total,    733.3 free,     86.7 used.    892.1 avail Mem 
    PID USER      PR  NI    VIRT    RES    SHR S  %CPU  %MEM     TIME+ COMMAND
   6338 root      20   0  601592 382280   3012 R  47.1  20.4   0:19.55 bash

   6337 root      20   0  600668 381508   3040 R  41.2  20.4   0:19.63 bash
   6338 root      20   0  603308 383864   3012 R  41.2  20.5   0:19.63 bash
      1 root      20   0  179200   1388   1100 S   0.0   0.1   0:01.79 systemd
      2 root      20   0       0      0      0 S   0.0   0.0   0:00.00 kthreadd
      3 root       0 -20       0      0      0 I   0.0   0.0   0:00.00 rcu_gp
-_-_-_-_-_-_-_-_-_-_-_-_-_-_-_-_-_
MiB Mem :   1827.1 total,    902.5 free,    860.2 used,     64.4 buff/cache
MiB Swap:    820.0 total,    733.3 free,     86.7 used.    861.4 avail Mem 
    PID USER      PR  NI    VIRT    RES    SHR S  %CPU  %MEM     TIME+ COMMAND
   6338 root      20   0  617828 398384   3012 R  50.0  21.3   0:20.41 bash

   6337 root      20   0  616772 397348   3040 R  52.9  21.2   0:20.51 bash
   6338 root      20   0  619412 400232   3012 R  47.1  21.4   0:20.50 bash
      1 root      20   0  179200   1388   1100 S   0.0   0.1   0:01.79 systemd
      2 root      20   0       0      0      0 S   0.0   0.0   0:00.00 kthreadd
      3 root       0 -20       0      0      0 I   0.0   0.0   0:00.00 rcu_gp
-_-_-_-_-_-_-_-_-_-_-_-_-_-_-_-_-_
MiB Mem :   1827.1 total,    868.9 free,    893.7 used,     64.4 buff/cache
MiB Swap:    820.0 total,    733.3 free,     86.7 used.    827.9 avail Mem 
    PID USER      PR  NI    VIRT    RES    SHR S  %CPU  %MEM     TIME+ COMMAND
   6338 root      20   0  634592 415280   3012 R  41.2  22.2   0:21.27 bash

   6337 root      20   0  633272 413980   3040 R  47.1  22.1   0:21.37 bash
   6338 root      20   0  636308 416864   3012 R  47.1  22.3   0:21.37 bash
      1 root      20   0  179200   1388   1100 S   0.0   0.1   0:01.79 systemd
      2 root      20   0       0      0      0 S   0.0   0.0   0:00.00 kthreadd
      3 root       0 -20       0      0      0 I   0.0   0.0   0:00.00 rcu_gp
-_-_-_-_-_-_-_-_-_-_-_-_-_-_-_-_-_
MiB Mem :   1827.1 total,    839.2 free,    923.4 used,     64.4 buff/cache
MiB Swap:    820.0 total,    733.3 free,     86.7 used.    798.2 avail Mem 
    PID USER      PR  NI    VIRT    RES    SHR S  %CPU  %MEM     TIME+ COMMAND
   6338 root      20   0  649904 430592   3012 R  41.2  23.0   0:22.14 bash

   6337 root      20   0  648452 429028   3040 R  38.9  22.9   0:22.22 bash
   6338 root      20   0  651488 432176   3012 R  38.9  23.1   0:22.22 bash
      1 root      20   0  179200   1388   1100 S   0.0   0.1   0:01.79 systemd
      2 root      20   0       0      0      0 S   0.0   0.0   0:00.00 kthreadd
      3 root       0 -20       0      0      0 I   0.0   0.0   0:00.00 rcu_gp
-_-_-_-_-_-_-_-_-_-_-_-_-_-_-_-_-_
MiB Mem :   1827.1 total,    809.8 free,    952.8 used,     64.4 buff/cache
MiB Swap:    820.0 total,    733.3 free,     86.7 used.    768.8 avail Mem 
    PID USER      PR  NI    VIRT    RES    SHR S  %CPU  %MEM     TIME+ COMMAND
   6338 root      20   0  665216 445904   3012 R  46.7  23.8   0:23.00 bash

   6337 root      20   0  663764 444340   3040 R  38.9  23.8   0:23.09 bash
   6338 root      20   0  666800 447488   3012 R  38.9  23.9   0:23.09 bash
      1 root      20   0  179200   1388   1100 S   0.0   0.1   0:01.79 systemd
      2 root      20   0       0      0      0 S   0.0   0.0   0:00.00 kthreadd
      3 root       0 -20       0      0      0 I   0.0   0.0   0:00.00 rcu_gp
-_-_-_-_-_-_-_-_-_-_-_-_-_-_-_-_-_
MiB Mem :   1827.1 total,    777.7 free,    984.9 used,     64.4 buff/cache
MiB Swap:    820.0 total,    733.3 free,     86.7 used.    736.7 avail Mem 
    PID USER      PR  NI    VIRT    RES    SHR S  %CPU  %MEM     TIME+ COMMAND
   6338 root      20   0  680924 461480   3012 R  43.8  24.7   0:23.86 bash

   6337 root      20   0  679472 460180   3040 R  42.1  24.6   0:23.95 bash
   6338 root      20   0  682772 463328   3012 R  36.8  24.8   0:23.95 bash
      1 root      20   0  179200   1388   1100 S   0.0   0.1   0:01.79 systemd
      2 root      20   0       0      0      0 S   0.0   0.0   0:00.00 kthreadd
      3 root       0 -20       0      0      0 I   0.0   0.0   0:00.00 rcu_gp
-_-_-_-_-_-_-_-_-_-_-_-_-_-_-_-_-_
MiB Mem :   1827.1 total,    745.1 free,   1017.5 used,     64.4 buff/cache
MiB Swap:    820.0 total,    733.3 free,     86.7 used.    704.1 avail Mem 
    PID USER      PR  NI    VIRT    RES    SHR S  %CPU  %MEM     TIME+ COMMAND
   6338 root      20   0  697820 478640   3012 R  44.4  25.6   0:24.74 bash

   6337 root      20   0  695840 476548   3040 R  47.1  25.5   0:24.83 bash
   6338 root      20   0  699404 479960   3012 R  41.2  25.7   0:24.82 bash
      1 root      20   0  179200   1388   1100 S   0.0   0.1   0:01.79 systemd
      2 root      20   0       0      0      0 S   0.0   0.0   0:00.00 kthreadd
      3 root       0 -20       0      0      0 I   0.0   0.0   0:00.00 rcu_gp
-_-_-_-_-_-_-_-_-_-_-_-_-_-_-_-_-_
MiB Mem :   1827.1 total,    712.7 free,   1049.9 used,     64.4 buff/cache
MiB Swap:    820.0 total,    733.3 free,     86.7 used.    671.7 avail Mem 
    PID USER      PR  NI    VIRT    RES    SHR S  %CPU  %MEM     TIME+ COMMAND
   6338 root      20   0  714056 494744   3012 R  44.4  26.4   0:25.61 bash

   6337 root      20   0  712208 492916   3040 R  41.2  26.3   0:25.69 bash
   6338 root      20   0  715772 496328   3012 R  41.2  26.5   0:25.69 bash
      1 root      20   0  179200   1388   1100 S   0.0   0.1   0:01.79 systemd
      2 root      20   0       0      0      0 S   0.0   0.0   0:00.00 kthreadd
      3 root       0 -20       0      0      0 I   0.0   0.0   0:00.00 rcu_gp
-_-_-_-_-_-_-_-_-_-_-_-_-_-_-_-_-_
MiB Mem :   1827.1 total,    680.0 free,   1082.7 used,     64.4 buff/cache
MiB Swap:    820.0 total,    733.3 free,     86.7 used.    638.9 avail Mem 
    PID USER      PR  NI    VIRT    RES    SHR S  %CPU  %MEM     TIME+ COMMAND
   6338 root      20   0  731084 511904   3012 R  53.3  27.4   0:26.46 bash

   6337 root      20   0  729500 510076   3040 R  42.1  27.3   0:26.56 bash
   6338 root      20   0  733064 513752   3012 R  36.8  27.5   0:26.56 bash
      1 root      20   0  179200   1388   1100 S   0.0   0.1   0:01.79 systemd
      2 root      20   0       0      0      0 S   0.0   0.0   0:00.00 kthreadd
      3 root       0 -20       0      0      0 I   0.0   0.0   0:00.00 rcu_gp
-_-_-_-_-_-_-_-_-_-_-_-_-_-_-_-_-_
MiB Mem :   1827.1 total,    645.3 free,   1117.3 used,     64.4 buff/cache
MiB Swap:    820.0 total,    733.3 free,     86.7 used.    604.3 avail Mem 
    PID USER      PR  NI    VIRT    RES    SHR S  %CPU  %MEM     TIME+ COMMAND
   6338 root      20   0  748640 529328   3012 R  35.0  28.3   0:27.34 bash

   6337 root      20   0  746528 527236   3040 R  41.2  28.2   0:27.43 bash
   6338 root      20   0  750224 530912   3012 R  41.2  28.4   0:27.42 bash
   4745 root      20   0       0      0      0 I   5.9   0.0   0:01.23 kworker/0:0-events
      1 root      20   0  179200   1388   1100 S   0.0   0.1   0:01.79 systemd
      2 root      20   0       0      0      0 S   0.0   0.0   0:00.00 kthreadd
-_-_-_-_-_-_-_-_-_-_-_-_-_-_-_-_-_
MiB Mem :   1827.1 total,    614.6 free,   1148.0 used,     64.4 buff/cache
MiB Swap:    820.0 total,    733.3 free,     86.7 used.    573.6 avail Mem 
    PID USER      PR  NI    VIRT    RES    SHR S  %CPU  %MEM     TIME+ COMMAND
   6338 root      20   0  765272 545960   3012 R  44.4  29.2   0:28.21 bash

   6337 root      20   0  762764 543340   3040 R  38.9  29.0   0:28.29 bash
   6338 root      20   0  766724 547280   3012 R  38.9  29.3   0:28.30 bash
      1 root      20   0  179200   1388   1100 S   0.0   0.1   0:01.79 systemd
      2 root      20   0       0      0      0 S   0.0   0.0   0:00.00 kthreadd
      3 root       0 -20       0      0      0 I   0.0   0.0   0:00.00 rcu_gp
-_-_-_-_-_-_-_-_-_-_-_-_-_-_-_-_-_
MiB Mem :   1827.1 total,    583.0 free,   1179.6 used,     64.4 buff/cache
MiB Swap:    820.0 total,    733.3 free,     86.7 used.    541.9 avail Mem 
    PID USER      PR  NI    VIRT    RES    SHR S  %CPU  %MEM     TIME+ COMMAND
   6338 root      20   0  781508 562328   3012 R  41.2  30.1   0:29.07 bash

   6337 root      20   0  779132 559708   3040 R  38.9  29.9   0:29.15 bash
   6338 root      20   0  783092 563648   3012 R  38.9  30.1   0:29.16 bash
      1 root      20   0  179200   1388   1100 S   0.0   0.1   0:01.79 systemd
      2 root      20   0       0      0      0 S   0.0   0.0   0:00.00 kthreadd
      3 root       0 -20       0      0      0 I   0.0   0.0   0:00.00 rcu_gp
-_-_-_-_-_-_-_-_-_-_-_-_-_-_-_-_-_
MiB Mem :   1827.1 total,    551.1 free,   1211.6 used,     64.4 buff/cache
MiB Swap:    820.0 total,    733.3 free,     86.7 used.    510.0 avail Mem 
    PID USER      PR  NI    VIRT    RES    SHR S  %CPU  %MEM     TIME+ COMMAND
   6338 root      20   0  797612 578432   3012 R  41.2  30.9   0:29.93 bash

   6337 root      20   0  795236 575812   3040 R  38.9  30.8   0:30.02 bash
   6338 root      20   0  799328 580016   3012 R  38.9  31.0   0:30.02 bash
      1 root      20   0  179200   1388   1100 S   0.0   0.1   0:01.79 systemd
      2 root      20   0       0      0      0 S   0.0   0.0   0:00.00 kthreadd
      3 root       0 -20       0      0      0 I   0.0   0.0   0:00.00 rcu_gp
-_-_-_-_-_-_-_-_-_-_-_-_-_-_-_-_-_
MiB Mem :   1827.1 total,    520.0 free,   1242.6 used,     64.4 buff/cache
MiB Swap:    820.0 total,    733.3 free,     86.7 used.    479.0 avail Mem 
    PID USER      PR  NI    VIRT    RES    SHR S  %CPU  %MEM     TIME+ COMMAND
   6338 root      20   0  813848 594536   3012 R  42.1  31.8   0:30.81 bash

   6338 root      20   0  815564 596120   3012 R  47.1  31.9   0:30.91 bash
   6337 root      20   0  811076 591652   3040 R  41.2  31.6   0:30.90 bash
      1 root      20   0  179200   1388   1100 S   0.0   0.1   0:01.79 systemd
      2 root      20   0       0      0      0 S   0.0   0.0   0:00.00 kthreadd
      3 root       0 -20       0      0      0 I   0.0   0.0   0:00.00 rcu_gp
-_-_-_-_-_-_-_-_-_-_-_-_-_-_-_-_-_
MiB Mem :   1827.1 total,    487.5 free,   1275.1 used,     64.4 buff/cache
MiB Swap:    820.0 total,    733.3 free,     86.7 used.    446.5 avail Mem 
    PID USER      PR  NI    VIRT    RES    SHR S  %CPU  %MEM     TIME+ COMMAND
   6338 root      20   0  830744 611432   3012 R  52.9  32.7   0:31.69 bash

   6337 root      20   0  827840 608548   3040 R  36.8  32.5   0:31.77 bash
   6338 root      20   0  832328 613016   3012 R  36.8  32.8   0:31.77 bash
      1 root      20   0  179200   1388   1100 S   0.0   0.1   0:01.79 systemd
      2 root      20   0       0      0      0 S   0.0   0.0   0:00.00 kthreadd
      3 root       0 -20       0      0      0 I   0.0   0.0   0:00.00 rcu_gp
-_-_-_-_-_-_-_-_-_-_-_-_-_-_-_-_-_
MiB Mem :   1827.1 total,    458.0 free,   1304.6 used,     64.4 buff/cache
MiB Swap:    820.0 total,    733.3 free,     86.7 used.    417.0 avail Mem 
    PID USER      PR  NI    VIRT    RES    SHR S  %CPU  %MEM     TIME+ COMMAND
   6338 root      20   0  845660 626216   3012 R  41.2  33.5   0:32.54 bash

   6337 root      20   0  842756 623332   3040 R  41.2  33.3   0:32.63 bash
   6338 root      20   0  847508 628328   3012 R  41.2  33.6   0:32.64 bash
      1 root      20   0  179200   1388   1100 S   0.0   0.1   0:01.79 systemd
      2 root      20   0       0      0      0 S   0.0   0.0   0:00.00 kthreadd
      3 root       0 -20       0      0      0 I   0.0   0.0   0:00.00 rcu_gp
-_-_-_-_-_-_-_-_-_-_-_-_-_-_-_-_-_
MiB Mem :   1827.1 total,    426.7 free,   1335.9 used,     64.4 buff/cache
MiB Swap:    820.0 total,    733.3 free,     86.7 used.    385.6 avail Mem 
    PID USER      PR  NI    VIRT    RES    SHR S  %CPU  %MEM     TIME+ COMMAND
   6338 root      20   0  861368 642056   3012 R  35.0  34.3   0:33.42 bash

   6337 root      20   0  858068 638644   3040 R  50.0  34.1   0:33.50 bash
   6338 root      20   0  862952 643640   3012 R  43.8  34.4   0:33.50 bash
      1 root      20   0  179200   1388   1100 S   0.0   0.1   0:01.79 systemd
      2 root      20   0       0      0      0 S   0.0   0.0   0:00.00 kthreadd
      3 root       0 -20       0      0      0 I   0.0   0.0   0:00.00 rcu_gp
-_-_-_-_-_-_-_-_-_-_-_-_-_-_-_-_-_
MiB Mem :   1827.1 total,    396.3 free,   1366.3 used,     64.4 buff/cache
MiB Swap:    820.0 total,    733.3 free,     86.7 used.    355.3 avail Mem 
    PID USER      PR  NI    VIRT    RES    SHR S  %CPU  %MEM     TIME+ COMMAND
   6338 root      20   0  877076 657896   3012 R  41.2  35.2   0:34.27 bash

   6337 root      20   0  874040 654748   3040 R  42.1  35.0   0:34.37 bash
   6338 root      20   0  879056 659744   3012 R  42.1  35.3   0:34.37 bash
      1 root      20   0  179200   1388   1100 S   0.0   0.1   0:01.79 systemd
      2 root      20   0       0      0      0 S   0.0   0.0   0:00.00 kthreadd
      3 root       0 -20       0      0      0 I   0.0   0.0   0:00.00 rcu_gp
-_-_-_-_-_-_-_-_-_-_-_-_-_-_-_-_-_
MiB Mem :   1827.1 total,    366.5 free,   1396.1 used,     64.4 buff/cache
MiB Swap:    820.0 total,    733.3 free,     86.7 used.    325.5 avail Mem 
    PID USER      PR  NI    VIRT    RES    SHR S  %CPU  %MEM     TIME+ COMMAND
   6338 root      20   0  892520 673208   3012 R  38.9  36.0   0:35.14 bash

   6338 root      20   0  894104 674792   3012 R  47.1  36.1   0:35.23 bash
   6337 root      20   0  888956 669796   3040 R  41.2  35.8   0:35.23 bash
      1 root      20   0  179200   1388   1100 S   0.0   0.1   0:01.79 systemd
      2 root      20   0       0      0      0 S   0.0   0.0   0:00.00 kthreadd
      3 root       0 -20       0      0      0 I   0.0   0.0   0:00.00 rcu_gp
-_-_-_-_-_-_-_-_-_-_-_-_-_-_-_-_-_
MiB Mem :   1827.1 total,    333.6 free,   1429.0 used,     64.4 buff/cache
MiB Swap:    820.0 total,    733.3 free,     86.7 used.    292.6 avail Mem 
    PID USER      PR  NI    VIRT    RES    SHR S  %CPU  %MEM     TIME+ COMMAND
   6338 root      20   0  909416 690104   3012 R  47.1  36.9   0:36.02 bash

   6337 root      20   0  905588 686164   3040 R  44.4  36.7   0:36.11 bash
   6338 root      20   0  911132 691688   3012 R  38.9  37.0   0:36.10 bash
      1 root      20   0  179200   1388   1100 S   0.0   0.1   0:01.79 systemd
      2 root      20   0       0      0      0 S   0.0   0.0   0:00.00 kthreadd
      3 root       0 -20       0      0      0 I   0.0   0.0   0:00.00 rcu_gp
-_-_-_-_-_-_-_-_-_-_-_-_-_-_-_-_-_
MiB Mem :   1827.1 total,    301.6 free,   1461.0 used,     64.4 buff/cache
MiB Swap:    820.0 total,    733.3 free,     86.7 used.    260.5 avail Mem 
    PID USER      PR  NI    VIRT    RES    SHR S  %CPU  %MEM     TIME+ COMMAND
   6338 root      20   0  926048 706736   3012 R  43.8  37.8   0:36.87 bash

   6337 root      20   0  921956 702796   3040 R  41.2  37.6   0:36.95 bash
   6338 root      20   0  927632 708320   3012 R  41.2  37.9   0:36.95 bash
      1 root      20   0  179200   1388   1100 S   0.0   0.1   0:01.79 systemd
      2 root      20   0       0      0      0 S   0.0   0.0   0:00.00 kthreadd
      3 root       0 -20       0      0      0 I   0.0   0.0   0:00.00 rcu_gp
-_-_-_-_-_-_-_-_-_-_-_-_-_-_-_-_-_
MiB Mem :   1827.1 total,    269.3 free,   1493.3 used,     64.4 buff/cache
MiB Swap:    820.0 total,    733.3 free,     86.7 used.    228.3 avail Mem 
    PID USER      PR  NI    VIRT    RES    SHR S  %CPU  %MEM     TIME+ COMMAND
   6338 root      20   0  942680 723368   3012 R  43.8  38.7   0:37.73 bash

   6338 root      20   0  944528 725216   3012 R  50.0  38.8   0:37.83 bash
   6337 root      20   0  938720 719428   3040 R  43.8  38.5   0:37.82 bash
      1 root      20   0  179200   1388   1100 S   0.0   0.1   0:01.79 systemd
      2 root      20   0       0      0      0 S   0.0   0.0   0:00.00 kthreadd
      3 root       0 -20       0      0      0 I   0.0   0.0   0:00.00 rcu_gp
-_-_-_-_-_-_-_-_-_-_-_-_-_-_-_-_-_
MiB Mem :   1827.1 total,    237.7 free,   1524.9 used,     64.4 buff/cache
MiB Swap:    820.0 total,    733.3 free,     86.7 used.    196.7 avail Mem 
    PID USER      PR  NI    VIRT    RES    SHR S  %CPU  %MEM     TIME+ COMMAND
   6338 root      20   0  958916 739472   3012 R  41.2  39.5   0:38.60 bash

   6337 root      20   0  954560 735268   3040 R  38.9  39.3   0:38.69 bash
   6338 root      20   0  960368 741056   3012 R  38.9  39.6   0:38.69 bash
     23 root      39  19       0      0      0 R   5.6   0.0   0:00.58 khugepaged
      1 root      20   0  179200   1388   1100 S   0.0   0.1   0:01.79 systemd
      2 root      20   0       0      0      0 S   0.0   0.0   0:00.00 kthreadd
-_-_-_-_-_-_-_-_-_-_-_-_-_-_-_-_-_
MiB Mem :   1827.1 total,    207.5 free,   1555.1 used,     64.5 buff/cache
MiB Swap:    820.0 total,    733.3 free,     86.7 used.    166.5 avail Mem 
    PID USER      PR  NI    VIRT    RES    SHR S  %CPU  %MEM     TIME+ COMMAND
   6338 root      20   0  974228 754784   3012 R  42.1  40.3   0:39.48 bash

   6337 root      20   0  969872 750580   3040 R  47.1  40.1   0:39.58 bash
   6338 root      20   0  975812 756368   3012 R  47.1  40.4   0:39.57 bash
      1 root      20   0  179200   1388   1100 S   0.0   0.1   0:01.79 systemd
      2 root      20   0       0      0      0 S   0.0   0.0   0:00.00 kthreadd
      3 root       0 -20       0      0      0 I   0.0   0.0   0:00.00 rcu_gp
-_-_-_-_-_-_-_-_-_-_-_-_-_-_-_-_-_
MiB Mem :   1827.1 total,    175.2 free,   1587.4 used,     64.5 buff/cache
MiB Swap:    820.0 total,    733.3 free,     86.7 used.    134.2 avail Mem 
    PID USER      PR  NI    VIRT    RES    SHR S  %CPU  %MEM     TIME+ COMMAND
   6338 root      20   0  990860 771416   3012 R  38.9  41.2   0:40.35 bash

   6337 root      20   0  986504 767212   3040 R  42.1  41.0   0:40.45 bash
   6338 root      20   0  992576 773264   3012 R  42.1  41.3   0:40.45 bash
      1 root      20   0  179200   1388   1100 S   0.0   0.1   0:01.79 systemd
      2 root      20   0       0      0      0 S   0.0   0.0   0:00.00 kthreadd
      3 root       0 -20       0      0      0 I   0.0   0.0   0:00.00 rcu_gp
-_-_-_-_-_-_-_-_-_-_-_-_-_-_-_-_-_
MiB Mem :   1827.1 total,    144.8 free,   1617.8 used,     64.5 buff/cache
MiB Swap:    820.0 total,    733.3 free,     86.7 used.    103.7 avail Mem 
    PID USER      PR  NI    VIRT    RES    SHR S  %CPU  %MEM     TIME+ COMMAND
   6338 root      20   0 1006172 786728   3012 R  41.2  42.1   0:41.22 bash

   6337 root      20   0 1001420 781996   3040 R  50.0  41.8   0:41.31 bash
   6338 root      20   0 1007756 788312   3012 R  43.8  42.1   0:41.31 bash
      1 root      20   0  179200   1388   1100 S   0.0   0.1   0:01.79 systemd
      2 root      20   0       0      0      0 S   0.0   0.0   0:00.00 kthreadd
      3 root       0 -20       0      0      0 I   0.0   0.0   0:00.00 rcu_gp
-_-_-_-_-_-_-_-_-_-_-_-_-_-_-_-_-_
MiB Mem :   1827.1 total,    113.2 free,   1649.4 used,     64.5 buff/cache
MiB Swap:    820.0 total,    733.3 free,     86.7 used.     72.2 avail Mem 
    PID USER      PR  NI    VIRT    RES    SHR S  %CPU  %MEM     TIME+ COMMAND
   6338 root      20   0 1022540 803096   3012 R  38.9  42.9   0:42.09 bash

   6337 root      20   0 1017392 798100   3040 R  36.8  42.7   0:42.18 bash
   6338 root      20   0 1023992 804680   3012 R  36.8  43.0   0:42.18 bash
      1 root      20   0  179200   1388   1100 S   0.0   0.1   0:01.79 systemd
      2 root      20   0       0      0      0 S   0.0   0.0   0:00.00 kthreadd
      3 root       0 -20       0      0      0 I   0.0   0.0   0:00.00 rcu_gp
-_-_-_-_-_-_-_-_-_-_-_-_-_-_-_-_-_
MiB Mem :   1827.1 total,     82.1 free,   1680.5 used,     64.5 buff/cache
MiB Swap:    820.0 total,    733.3 free,     86.7 used.     41.1 avail Mem 
    PID USER      PR  NI    VIRT    RES    SHR S  %CPU  %MEM     TIME+ COMMAND
   6338 root      20   0 1038908 819464   3012 R  50.0  43.8   0:42.96 bash

   6338 root      20   0 1040756 821312   3012 R  47.1  43.9   0:43.06 bash
   6337 root      20   0 1033892 814468   3040 R  41.2  43.5   0:43.05 bash
      1 root      20   0  179200   1388   1100 S   0.0   0.1   0:01.79 systemd
      2 root      20   0       0      0      0 S   0.0   0.0   0:00.00 kthreadd
      3 root       0 -20       0      0      0 I   0.0   0.0   0:00.00 rcu_gp
-_-_-_-_-_-_-_-_-_-_-_-_-_-_-_-_-_
MiB Mem :   1827.1 total,     73.0 free,   1714.1 used,     39.9 buff/cache
MiB Swap:    820.0 total,    733.3 free,     86.7 used.     19.7 avail Mem 
    PID USER      PR  NI    VIRT    RES    SHR S  %CPU  %MEM     TIME+ COMMAND
   6338 root      20   0 1060820 839192   1652 R  17.6  44.9   0:44.25 bash

   6338 root      20   0 1074020 851828    824 R  21.4  45.5   0:45.02 bash
   6337 root      20   0 1067420 813756    820 R  19.0  43.5   0:45.03 bash
      1 root      20   0  179200    288      0 S   0.0   0.0   0:01.79 systemd
      2 root      20   0       0      0      0 S   0.0   0.0   0:00.00 kthreadd
      3 root       0 -20       0      0      0 I   0.0   0.0   0:00.00 rcu_gp
-_-_-_-_-_-_-_-_-_-_-_-_-_-_-_-_-_
MiB Mem :   1827.1 total,     84.2 free,   1705.5 used,     37.4 buff/cache
MiB Swap:    820.0 total,    633.9 free,    186.1 used.     29.9 avail Mem 
    PID USER      PR  NI    VIRT    RES    SHR S  %CPU  %MEM     TIME+ COMMAND
   6338 root      20   0 1101476 860256    972 R  47.1  46.0   0:46.62 bash

   6338 root      20   0 1103192 862104    972 R  47.1  46.1   0:46.72 bash
   6337 root      20   0 1096196 794264   1016 R  41.2  42.5   0:46.73 bash
      1 root      20   0  179200    188      0 S   0.0   0.0   0:01.79 systemd
      2 root      20   0       0      0      0 S   0.0   0.0   0:00.00 kthreadd
      3 root       0 -20       0      0      0 I   0.0   0.0   0:00.00 rcu_gp
-_-_-_-_-_-_-_-_-_-_-_-_-_-_-_-_-_
MiB Mem :   1827.1 total,     84.8 free,   1708.2 used,     34.0 buff/cache
MiB Swap:    820.0 total,    602.7 free,    217.3 used.     28.9 avail Mem 
    PID USER      PR  NI    VIRT    RES    SHR S  %CPU  %MEM     TIME+ COMMAND
   6338 root      20   0 1120220 863440    972 R  50.0  46.2   0:47.65 bash

   6337 root      20   0 1114280 796536   1016 R  42.1  42.6   0:47.75 bash
   6338 root      20   0 1121540 864760    972 R  42.1  46.2   0:47.75 bash
   7399 root      20   0  274140   4428   3852 R   5.3   0.2   0:00.01 top
      1 root      20   0  179200    148      0 S   0.0   0.0   0:01.79 systemd
      2 root      20   0       0      0      0 S   0.0   0.0   0:00.00 kthreadd
-_-_-_-_-_-_-_-_-_-_-_-_-_-_-_-_-_
MiB Mem :   1827.1 total,     65.6 free,   1725.1 used,     36.3 buff/cache
MiB Swap:    820.0 total,    578.3 free,    241.7 used.     10.8 avail Mem 
    PID USER      PR  NI    VIRT    RES    SHR S  %CPU  %MEM     TIME+ COMMAND
   6338 root      20   0 1137248 864640    972 R  50.0  46.2   0:48.68 bash

   6338 root      20   0 1138436 864552    972 R  41.2  46.2   0:48.76 bash
   6337 root      20   0 1131044 796568   1016 R  35.3  42.6   0:48.76 bash
     47 root      20   0       0      0      0 S   5.9   0.0   0:33.97 kswapd0
      1 root      20   0  179200    124      0 S   0.0   0.0   0:01.79 systemd
      2 root      20   0       0      0      0 S   0.0   0.0   0:00.00 kthreadd
-_-_-_-_-_-_-_-_-_-_-_-_-_-_-_-_-_
MiB Mem :   1827.1 total,     84.3 free,   1702.9 used,     39.9 buff/cache
MiB Swap:    820.0 total,    519.6 free,    300.4 used.     31.2 avail Mem 
    PID USER      PR  NI    VIRT    RES    SHR S  %CPU  %MEM     TIME+ COMMAND
   6338 root      20   0 1159424 859732    972 R  41.2  46.0   0:49.86 bash

   6338 root      20   0 1160744 861116   1044 R  44.4  46.0   0:49.95 bash
   6337 root      20   0 1153220 793032   1016 R  38.9  42.4   0:49.95 bash
      1 root      20   0  179200    104      0 S   0.0   0.0   0:01.79 systemd
      2 root      20   0       0      0      0 S   0.0   0.0   0:00.00 kthreadd
      3 root       0 -20       0      0      0 I   0.0   0.0   0:00.00 rcu_gp
-_-_-_-_-_-_-_-_-_-_-_-_-_-_-_-_-_
MiB Mem :   1827.1 total,     67.1 free,   1721.7 used,     38.2 buff/cache
MiB Swap:    820.0 total,    506.0 free,    314.0 used.     13.3 avail Mem 
    PID USER      PR  NI    VIRT    RES    SHR S  %CPU  %MEM     TIME+ COMMAND
   6338 root      20   0 1175528 869084   1044 R  41.2  46.5   0:50.74 bash

   6337 root      20   0 1169060 794864   1024 R  35.0  42.5   0:50.85 bash
   6338 root      20   0 1176584 862500   1044 R  30.0  46.1   0:50.83 bash
     47 root      20   0       0      0      0 R   5.0   0.0   0:34.08 kswapd0
      1 root      20   0  179200    100      0 S   0.0   0.0   0:01.79 systemd
      2 root      20   0       0      0      0 S   0.0   0.0   0:00.00 kthreadd
-_-_-_-_-_-_-_-_-_-_-_-_-_-_-_-_-_
MiB Mem :   1827.1 total,     67.1 free,   1721.2 used,     38.7 buff/cache
MiB Swap:    820.0 total,    473.4 free,    346.6 used.     13.5 avail Mem 
    PID USER      PR  NI    VIRT    RES    SHR S  %CPU  %MEM     TIME+ COMMAND
   6338 root      20   0 1192028 868532   1044 R  47.1  46.4   0:51.66 bash

   6337 root      20   0 1185428 794704   1024 R  36.8  42.5   0:51.75 bash
   6338 root      20   0 1193348 862592   1044 R  31.6  46.1   0:51.74 bash
     47 root      20   0       0      0      0 R   5.3   0.0   0:34.13 kswapd0
      1 root      20   0  179200     88      0 S   0.0   0.0   0:01.79 systemd
      2 root      20   0       0      0      0 S   0.0   0.0   0:00.00 kthreadd
-_-_-_-_-_-_-_-_-_-_-_-_-_-_-_-_-_
MiB Mem :   1827.1 total,     65.9 free,   1723.6 used,     37.5 buff/cache
MiB Swap:    820.0 total,    444.8 free,    375.2 used.     11.7 avail Mem 
    PID USER      PR  NI    VIRT    RES    SHR S  %CPU  %MEM     TIME+ COMMAND
   6338 root      20   0 1208396 870476   1044 R  44.4  46.5   0:52.55 bash

   6337 root      20   0 1201532 796220   1024 R  36.8  42.6   0:52.65 bash
   6338 root      20   0 1209716 864696   1044 R  36.8  46.2   0:52.63 bash
      1 root      20   0  179200     88      0 S   0.0   0.0   0:01.79 systemd
      2 root      20   0       0      0      0 S   0.0   0.0   0:00.00 kthreadd
      3 root       0 -20       0      0      0 I   0.0   0.0   0:00.00 rcu_gp
-_-_-_-_-_-_-_-_-_-_-_-_-_-_-_-_-_
MiB Mem :   1827.1 total,     64.5 free,   1727.2 used,     35.4 buff/cache
MiB Swap:    820.0 total,    416.8 free,    403.2 used.      9.2 avail Mem 
    PID USER      PR  NI    VIRT    RES    SHR S  %CPU  %MEM     TIME+ COMMAND
   6338 root      20   0 1224236 864488   1044 R  44.4  46.2   0:53.41 bash

   6337 root      20   0 1217504 797012   1024 R  50.0  42.6   0:53.51 bash
   6338 root      20   0 1225952 865536   1044 R  43.8  46.3   0:53.49 bash
     47 root      20   0       0      0      0 R   6.2   0.0   0:34.21 kswapd0
      1 root      20   0  179200     80      0 S   0.0   0.0   0:01.79 systemd
      2 root      20   0       0      0      0 S   0.0   0.0   0:00.00 kthreadd
-_-_-_-_-_-_-_-_-_-_-_-_-_-_-_-_-_
MiB Mem :   1827.1 total,     72.5 free,   1717.9 used,     36.6 buff/cache
MiB Swap:    820.0 total,    379.4 free,    440.6 used.     17.9 avail Mem 
    PID USER      PR  NI    VIRT    RES    SHR S  %CPU  %MEM     TIME+ COMMAND
   6338 root      20   0 1238888 867284   1044 R  44.4  46.4   0:54.28 bash

   6337 root      20   0 1232024 800468   1024 R  47.1  42.8   0:54.38 bash
   6338 root      20   0 1240472 868868   1044 R  41.2  46.4   0:54.36 bash
      1 root      20   0  179200     80      0 S   0.0   0.0   0:01.79 systemd
      2 root      20   0       0      0      0 S   0.0   0.0   0:00.00 kthreadd
      3 root       0 -20       0      0      0 I   0.0   0.0   0:00.00 rcu_gp
-_-_-_-_-_-_-_-_-_-_-_-_-_-_-_-_-_
MiB Mem :   1827.1 total,     73.2 free,   1717.3 used,     36.5 buff/cache
MiB Swap:    820.0 total,    351.4 free,    468.6 used.     18.5 avail Mem 
    PID USER      PR  NI    VIRT    RES    SHR S  %CPU  %MEM     TIME+ COMMAND
   6338 root      20   0 1253276 867120   1044 R  47.1  46.3   0:55.14 bash

   6337 root      20   0 1246148 800472   1024 R  38.9  42.8   0:55.23 bash
   6338 root      20   0 1254860 868704   1044 R  38.9  46.4   0:55.22 bash
      1 root      20   0  179200     80      0 S   0.0   0.0   0:01.79 systemd
      2 root      20   0       0      0      0 S   0.0   0.0   0:00.00 kthreadd
      3 root       0 -20       0      0      0 I   0.0   0.0   0:00.00 rcu_gp
-_-_-_-_-_-_-_-_-_-_-_-_-_-_-_-_-_
MiB Mem :   1827.1 total,     72.4 free,   1717.8 used,     36.8 buff/cache
MiB Swap:    820.0 total,    321.2 free,    498.8 used.     17.9 avail Mem 
    PID USER      PR  NI    VIRT    RES    SHR S  %CPU  %MEM     TIME+ COMMAND
   6338 root      20   0 1269116 867380   1044 R  46.7  46.4   0:55.98 bash

   6338 root      20   0 1270832 869228   1044 R  50.0  46.5   0:56.09 bash
   6337 root      20   0 1261988 800632   1024 R  44.4  42.8   0:56.10 bash
      1 root      20   0  179200     80      0 S   0.0   0.0   0:01.79 systemd
      2 root      20   0       0      0      0 S   0.0   0.0   0:00.00 kthreadd
      3 root       0 -20       0      0      0 I   0.0   0.0   0:00.00 rcu_gp
-_-_-_-_-_-_-_-_-_-_-_-_-_-_-_-_-_
MiB Mem :   1827.1 total,     66.1 free,   1725.2 used,     35.7 buff/cache
MiB Swap:    820.0 total,    290.4 free,    529.6 used.     11.0 avail Mem 
    PID USER      PR  NI    VIRT    RES    SHR S  %CPU  %MEM     TIME+ COMMAND
   6338 root      20   0 1285088 860108   1044 R  50.0  46.0   0:56.88 bash

   6337 root      20   0 1277828 793160   1024 R  42.1  42.4   0:56.98 bash
   6338 root      20   0 1286804 861692   1044 R  42.1  46.1   0:56.97 bash
      1 root      20   0  179200     76      0 S   0.0   0.0   0:01.79 systemd
      2 root      20   0       0      0      0 S   0.0   0.0   0:00.00 kthreadd
      3 root       0 -20       0      0      0 I   0.0   0.0   0:00.00 rcu_gp
-_-_-_-_-_-_-_-_-_-_-_-_-_-_-_-_-_
MiB Mem :   1827.1 total,     78.6 free,   1713.2 used,     35.3 buff/cache
MiB Swap:    820.0 total,    252.3 free,    567.7 used.     23.3 avail Mem 
    PID USER      PR  NI    VIRT    RES    SHR S  %CPU  %MEM     TIME+ COMMAND
   6338 root      20   0 1301588 864552   1044 R  41.2  46.2   0:57.75 bash

   6337 root      20   0 1294064 797652   1024 R  41.2  42.6   0:57.84 bash
   6338 root      20   0 1303172 866400   1044 R  41.2  46.3   0:57.83 bash
      1 root      20   0  179200     72      0 S   0.0   0.0   0:01.79 systemd
      2 root      20   0       0      0      0 S   0.0   0.0   0:00.00 kthreadd
      3 root       0 -20       0      0      0 I   0.0   0.0   0:00.00 rcu_gp
-_-_-_-_-_-_-_-_-_-_-_-_-_-_-_-_-_
MiB Mem :   1827.1 total,     76.4 free,   1715.0 used,     35.6 buff/cache
MiB Swap:    820.0 total,    219.7 free,    600.3 used.     21.3 avail Mem 
    PID USER      PR  NI    VIRT    RES    SHR S  %CPU  %MEM     TIME+ COMMAND
   6338 root      20   0 1318616 864856   1044 R  36.8  46.2   0:58.69 bash

   6337 root      20   0 1310828 797892   1024 R  45.0  42.6   0:58.80 bash
   6338 root      20   0 1320068 866176   1044 R  35.0  46.3   0:58.77 bash
   7639 root      20   0       0      0      0 Z   5.0   0.0   0:00.01 top
      1 root      20   0  179200   1864   1648 S   0.0   0.1   0:01.79 systemd
      2 root      20   0       0      0      0 S   0.0   0.0   0:00.00 kthreadd
-_-_-_-_-_-_-_-_-_-_-_-_-_-_-_-_-_
MiB Mem :   1827.1 total,     70.6 free,   1719.1 used,     37.3 buff/cache
MiB Swap:    820.0 total,    196.5 free,    623.5 used.     16.3 avail Mem 
    PID USER      PR  NI    VIRT    RES    SHR S  %CPU  %MEM     TIME+ COMMAND
   6338 root      20   0 1332872 867308   1044 R  38.9  46.4   0:59.58 bash

   6337 root      20   0 1324820 800020   1024 R  44.4  42.8   0:59.68 bash
   6338 root      20   0 1334324 868628   1044 R  38.9  46.4   0:59.67 bash
      1 root      20   0  179200   1864   1648 S   0.0   0.1   0:01.79 systemd
      2 root      20   0       0      0      0 S   0.0   0.0   0:00.00 kthreadd
      3 root       0 -20       0      0      0 I   0.0   0.0   0:00.00 rcu_gp
-_-_-_-_-_-_-_-_-_-_-_-_-_-_-_-_-_
MiB Mem :   1827.1 total,     76.7 free,   1714.1 used,     36.3 buff/cache
MiB Swap:    820.0 total,    162.5 free,    657.5 used.     21.9 avail Mem 
    PID USER      PR  NI    VIRT    RES    SHR S  %CPU  %MEM     TIME+ COMMAND
   6338 root      20   0 1347920 862776   1044 R  43.8  46.1   1:00.43 bash

   6338 root      20   0 1349372 864096   1044 R  44.4  46.2   1:00.52 bash
   6337 root      20   0 1339868 795316   1024 R  38.9  42.5   1:00.52 bash
      1 root      20   0  179200   1864   1648 S   0.0   0.1   0:01.79 systemd
      2 root      20   0       0      0      0 S   0.0   0.0   0:00.00 kthreadd
      3 root       0 -20       0      0      0 I   0.0   0.0   0:00.00 rcu_gp
-_-_-_-_-_-_-_-_-_-_-_-_-_-_-_-_-_
MiB Mem :   1827.1 total,     73.9 free,   1714.5 used,     38.6 buff/cache
MiB Swap:    820.0 total,    135.2 free,    684.8 used.     20.3 avail Mem 
    PID USER      PR  NI    VIRT    RES    SHR S  %CPU  %MEM     TIME+ COMMAND
   6338 root      20   0 1361912 864784   1044 R  38.9  46.2   1:01.27 bash

   6337 root      20   0 1353992 797788   1024 R  41.2  42.6   1:01.37 bash
   6338 root      20   0 1363628 866632   1044 R  41.2  46.3   1:01.36 bash
      1 root      20   0  179200   1864   1648 S   0.0   0.1   0:01.79 systemd
      2 root      20   0       0      0      0 S   0.0   0.0   0:00.00 kthreadd
      3 root       0 -20       0      0      0 I   0.0   0.0   0:00.00 rcu_gp
-_-_-_-_-_-_-_-_-_-_-_-_-_-_-_-_-_
MiB Mem :   1827.1 total,     63.0 free,   1724.5 used,     39.6 buff/cache
MiB Swap:    820.0 total,    113.1 free,    706.9 used.      9.9 avail Mem 
    PID USER      PR  NI    VIRT    RES    SHR S  %CPU  %MEM     TIME+ COMMAND
   6338 root      20   0 1377620 861360   1044 R  30.0  46.0   1:02.13 bash

   6337 root      20   0 1369568 794508   1024 R  47.1  42.5   1:02.24 bash
   6338 root      20   0 1379336 863208   1044 R  47.1  46.1   1:02.23 bash
      9 root      20   0       0      0      0 S   5.9   0.0   0:00.35 ksoftirqd/0
      1 root      20   0  179200   1788   1572 S   0.0   0.1   0:01.79 systemd
      2 root      20   0       0      0      0 S   0.0   0.0   0:00.00 kthreadd
-_-_-_-_-_-_-_-_-_-_-_-_-_-_-_-_-_
MiB Mem :   1827.1 total,     65.3 free,   1723.1 used,     38.6 buff/cache
MiB Swap:    820.0 total,     82.9 free,    737.1 used.     11.7 avail Mem 
    PID USER      PR  NI    VIRT    RES    SHR S  %CPU  %MEM     TIME+ COMMAND
   6338 root      20   0 1393064 868960   1044 R  41.2  46.4   1:03.00 bash

   6337 root      20   0 1383824 789572   1024 R  28.6  42.2   1:03.10 bash
   6338 root      20   0 1393856 858456   1044 R  28.6  45.9   1:03.08 bash
     47 root      20   0       0      0      0 S  14.3   0.0   0:34.75 kswapd0
   7736 root      20   0  274140   4420   3844 R   4.8   0.2   0:00.01 top
      1 root      20   0  179200   1424   1208 S   0.0   0.1   0:01.79 systemd
-_-_-_-_-_-_-_-_-_-_-_-_-_-_-_-_-_
MiB Mem :   1827.1 total,     76.5 free,   1712.9 used,     37.6 buff/cache
MiB Swap:    820.0 total,     41.9 free,    778.1 used.     22.4 avail Mem 
    PID USER      PR  NI    VIRT    RES    SHR S  %CPU  %MEM     TIME+ COMMAND
   6338 root      20   0 1409036 863808   1044 R  41.2  46.2   1:03.93 bash

   6337 root      20   0 1400456 796584   1024 R  38.9  42.6   1:04.02 bash
   6338 root      20   0 1410884 865656   1044 R  38.9  46.3   1:04.02 bash
      1 root      20   0  179200   1192    976 S   0.0   0.1   0:01.79 systemd
      2 root      20   0       0      0      0 S   0.0   0.0   0:00.00 kthreadd
      3 root       0 -20       0      0      0 I   0.0   0.0   0:00.00 rcu_gp
-_-_-_-_-_-_-_-_-_-_-_-_-_-_-_-_-_
MiB Mem :   1827.1 total,     63.6 free,   1726.2 used,     37.2 buff/cache
MiB Swap:    820.0 total,     25.4 free,    794.6 used.      9.2 avail Mem 
    PID USER      PR  NI    VIRT    RES    SHR S  %CPU  %MEM     TIME+ COMMAND
   6338 root      20   0 1422896 862104   1044 R  26.3  46.1   1:04.75 bash

   6338 root      20   0 1424348 863424   1044 R  47.1  46.2   1:04.85 bash
   6337 root      20   0 1413920 794412   1024 R  41.2  42.5   1:04.85 bash
      1 root      20   0  179200   1024    808 S   0.0   0.1   0:01.79 systemd
      2 root      20   0       0      0      0 S   0.0   0.0   0:00.00 kthreadd
      3 root       0 -20       0      0      0 I   0.0   0.0   0:00.00 rcu_gp
-_-_-_-_-_-_-_-_-_-_-_-_-_-_-_-_-_
MiB Mem :   1827.1 total,    887.0 free,    889.1 used,     51.0 buff/cache
MiB Swap:    820.0 total,    329.8 free,    490.2 used.    839.3 avail Mem 
    PID USER      PR  NI    VIRT    RES    SHR S  %CPU  %MEM     TIME+ COMMAND

   6337 root      20   0 1454048 821016   1412 R  88.9  43.9   1:08.01 bash
      1 root      20   0  179200   1844   1556 S   0.0   0.1   0:01.79 systemd
      2 root      20   0       0      0      0 S   0.0   0.0   0:00.00 kthreadd
      3 root       0 -20       0      0      0 I   0.0   0.0   0:00.00 rcu_gp
      4 root       0 -20       0      0      0 I   0.0   0.0   0:00.00 rcu_par_gp
-_-_-_-_-_-_-_-_-_-_-_-_-_-_-_-_-_
Results: 
[ 2918.864664] Out of memory: Killed process 6338 (bash) total-vm:1447184kB, anon-rss:879344kB, file-rss:0kB, shmem-rss:0kB, UID:0
[ 2919.192871] oom_reaper: reaped process 6338 (bash), now anon-rss:0kB, file-rss:0kB, shmem-rss:0kB
Max size of array: 
