
MiB Mem :   1827.1 total,   1652.7 free,    110.2 used,     64.1 buff/cache
MiB Swap:    820.0 total,    733.2 free,     86.7 used.   1611.5 avail Mem 
    PID USER      PR  NI    VIRT    RES    SHR S  %CPU  %MEM     TIME+ COMMAND
   6337 root      20   0  232916  13496   3040 R  47.1   0.7   0:00.49 bash

   6338 root      20   0  235160  15848   3012 R  47.1   0.8   0:00.58 bash
   6337 root      20   0  234764  15344   3040 R  41.2   0.8   0:00.57 bash
      1 root      20   0  179200   1388   1100 S   0.0   0.1   0:01.79 systemd
      2 root      20   0       0      0      0 S   0.0   0.0   0:00.00 kthreadd
      3 root       0 -20       0      0      0 I   0.0   0.0   0:00.00 rcu_gp
-_-_-_-_-_-_-_-_-_-_-_-_-_-_-_-_-_
MiB Mem :   1827.1 total,   1616.7 free,    146.0 used,     64.4 buff/cache
MiB Swap:    820.0 total,    733.3 free,     86.7 used.   1575.6 avail Mem 
    PID USER      PR  NI    VIRT    RES    SHR S  %CPU  %MEM     TIME+ COMMAND
   6337 root      20   0  251792  32504   3040 R  44.4   1.7   0:01.38 bash

   6338 root      20   0  254168  34856   3012 R  44.4   1.9   0:01.47 bash
   6337 root      20   0  253904  34616   3040 R  38.9   1.9   0:01.46 bash
      1 root      20   0  179200   1388   1100 S   0.0   0.1   0:01.79 systemd
      2 root      20   0       0      0      0 S   0.0   0.0   0:00.00 kthreadd
      3 root       0 -20       0      0      0 I   0.0   0.0   0:00.00 rcu_gp
-_-_-_-_-_-_-_-_-_-_-_-_-_-_-_-_-_
MiB Mem :   1827.1 total,   1575.9 free,    186.7 used,     64.4 buff/cache
MiB Swap:    820.0 total,    733.3 free,     86.7 used.   1534.9 avail Mem 
    PID USER      PR  NI    VIRT    RES    SHR S  %CPU  %MEM     TIME+ COMMAND
   6337 root      20   0  272516  53096   3040 R  41.2   2.8   0:02.23 bash

   6337 root      20   0  274892  55472   3040 R  36.8   3.0   0:02.32 bash
   6338 root      20   0  275156  55712   3012 R  36.8   3.0   0:02.32 bash
      1 root      20   0  179200   1388   1100 S   0.0   0.1   0:01.79 systemd
      2 root      20   0       0      0      0 S   0.0   0.0   0:00.00 kthreadd
      3 root       0 -20       0      0      0 I   0.0   0.0   0:00.00 rcu_gp
-_-_-_-_-_-_-_-_-_-_-_-_-_-_-_-_-_
MiB Mem :   1827.1 total,   1532.9 free,    229.7 used,     64.4 buff/cache
MiB Swap:    820.0 total,    733.3 free,     86.7 used.   1491.9 avail Mem 
    PID USER      PR  NI    VIRT    RES    SHR S  %CPU  %MEM     TIME+ COMMAND
   6337 root      20   0  294032  74744   3040 R  41.2   4.0   0:03.10 bash

   6337 root      20   0  296408  77120   3040 R  50.0   4.1   0:03.21 bash
   6338 root      20   0  296804  77360   3012 R  44.4   4.1   0:03.20 bash
      1 root      20   0  179200   1388   1100 S   0.0   0.1   0:01.79 systemd
      2 root      20   0       0      0      0 S   0.0   0.0   0:00.00 kthreadd
      3 root       0 -20       0      0      0 I   0.0   0.0   0:00.00 rcu_gp
-_-_-_-_-_-_-_-_-_-_-_-_-_-_-_-_-_
MiB Mem :   1827.1 total,   1497.3 free,    265.4 used,     64.4 buff/cache
MiB Swap:    820.0 total,    733.3 free,     86.7 used.   1456.2 avail Mem 
    PID USER      PR  NI    VIRT    RES    SHR S  %CPU  %MEM     TIME+ COMMAND
   6337 root      20   0  311720  92428   3040 R  56.2   4.9   0:03.99 bash

   6338 root      20   0  313832  94520   3012 R  50.0   5.1   0:04.07 bash
   6337 root      20   0  313436  94012   3040 R  43.8   5.0   0:04.07 bash
      1 root      20   0  179200   1388   1100 S   0.0   0.1   0:01.79 systemd
      2 root      20   0       0      0      0 S   0.0   0.0   0:00.00 kthreadd
      3 root       0 -20       0      0      0 I   0.0   0.0   0:00.00 rcu_gp
-_-_-_-_-_-_-_-_-_-_-_-_-_-_-_-_-_
MiB Mem :   1827.1 total,   1467.2 free,    295.5 used,     64.4 buff/cache
MiB Swap:    820.0 total,    733.3 free,     86.7 used.   1426.1 avail Mem 
    PID USER      PR  NI    VIRT    RES    SHR S  %CPU  %MEM     TIME+ COMMAND
   6337 root      20   0  327032 107740   3040 R  43.8   5.8   0:04.82 bash

   6337 root      20   0  328484 109060   3040 R  50.0   5.8   0:04.91 bash
   6338 root      20   0  329276 109832   3012 R  50.0   5.9   0:04.92 bash
      1 root      20   0  179200   1388   1100 S   0.0   0.1   0:01.79 systemd
      2 root      20   0       0      0      0 S   0.0   0.0   0:00.00 kthreadd
      3 root       0 -20       0      0      0 I   0.0   0.0   0:00.00 rcu_gp
-_-_-_-_-_-_-_-_-_-_-_-_-_-_-_-_-_
MiB Mem :   1827.1 total,   1437.4 free,    325.2 used,     64.4 buff/cache
MiB Swap:    820.0 total,    733.3 free,     86.7 used.   1396.4 avail Mem 
    PID USER      PR  NI    VIRT    RES    SHR S  %CPU  %MEM     TIME+ COMMAND
   6337 root      20   0  341948 122524   3040 R  44.4   6.5   0:05.68 bash

   6337 root      20   0  343136 123844   3040 R  37.5   6.6   0:05.75 bash
   6338 root      20   0  343928 124616   3012 R  37.5   6.7   0:05.75 bash
      1 root      20   0  179200   1388   1100 S   0.0   0.1   0:01.79 systemd
      2 root      20   0       0      0      0 S   0.0   0.0   0:00.00 kthreadd
      3 root       0 -20       0      0      0 I   0.0   0.0   0:00.00 rcu_gp
-_-_-_-_-_-_-_-_-_-_-_-_-_-_-_-_-_
MiB Mem :   1827.1 total,   1406.4 free,    356.3 used,     64.4 buff/cache
MiB Swap:    820.0 total,    733.3 free,     86.7 used.   1365.3 avail Mem 
    PID USER      PR  NI    VIRT    RES    SHR S  %CPU  %MEM     TIME+ COMMAND
   6337 root      20   0  357788 138364   3040 R  43.8   7.4   0:06.52 bash

   6338 root      20   0  360560 141248   3012 R  50.0   7.5   0:06.62 bash
   6337 root      20   0  359372 140212   3040 R  43.8   7.5   0:06.60 bash
      1 root      20   0  179200   1388   1100 S   0.0   0.1   0:01.79 systemd
      2 root      20   0       0      0      0 S   0.0   0.0   0:00.00 kthreadd
      3 root       0 -20       0      0      0 I   0.0   0.0   0:00.00 rcu_gp
-_-_-_-_-_-_-_-_-_-_-_-_-_-_-_-_-_
MiB Mem :   1827.1 total,   1375.9 free,    386.8 used,     64.4 buff/cache
MiB Swap:    820.0 total,    733.3 free,     86.7 used.   1334.9 avail Mem 
    PID USER      PR  NI    VIRT    RES    SHR S  %CPU  %MEM     TIME+ COMMAND
   6337 root      20   0  373496 154204   3040 R  44.4   8.2   0:07.39 bash

   6338 root      20   0  376400 157088   3012 R  42.1   8.4   0:07.49 bash
   6337 root      20   0  375212 155788   3040 R  36.8   8.3   0:07.48 bash
      1 root      20   0  179200   1388   1100 S   0.0   0.1   0:01.79 systemd
      2 root      20   0       0      0      0 S   0.0   0.0   0:00.00 kthreadd
      3 root       0 -20       0      0      0 I   0.0   0.0   0:00.00 rcu_gp
-_-_-_-_-_-_-_-_-_-_-_-_-_-_-_-_-_
MiB Mem :   1827.1 total,   1344.4 free,    418.3 used,     64.4 buff/cache
MiB Swap:    820.0 total,    733.3 free,     86.7 used.   1303.3 avail Mem 
    PID USER      PR  NI    VIRT    RES    SHR S  %CPU  %MEM     TIME+ COMMAND
   6337 root      20   0  389600 170308   3040 R  44.4   9.1   0:08.26 bash

   6337 root      20   0  391448 172156   3040 R  44.4   9.2   0:08.36 bash
   6338 root      20   0  392504 173192   3012 R  44.4   9.3   0:08.36 bash
      1 root      20   0  179200   1388   1100 S   0.0   0.1   0:01.79 systemd
      2 root      20   0       0      0      0 S   0.0   0.0   0:00.00 kthreadd
      3 root       0 -20       0      0      0 I   0.0   0.0   0:00.00 rcu_gp
-_-_-_-_-_-_-_-_-_-_-_-_-_-_-_-_-_
MiB Mem :   1827.1 total,   1312.6 free,    450.0 used,     64.4 buff/cache
MiB Swap:    820.0 total,    733.3 free,     86.7 used.   1271.6 avail Mem 
    PID USER      PR  NI    VIRT    RES    SHR S  %CPU  %MEM     TIME+ COMMAND
   6337 root      20   0  406100 186940   3040 R  41.2  10.0   0:09.13 bash

   6337 root      20   0  407948 188524   3040 R  38.9  10.1   0:09.23 bash
   6338 root      20   0  409136 189824   3012 R  38.9  10.1   0:09.22 bash
      1 root      20   0  179200   1388   1100 S   0.0   0.1   0:01.79 systemd
      2 root      20   0       0      0      0 S   0.0   0.0   0:00.00 kthreadd
      3 root       0 -20       0      0      0 I   0.0   0.0   0:00.00 rcu_gp
-_-_-_-_-_-_-_-_-_-_-_-_-_-_-_-_-_
MiB Mem :   1827.1 total,   1280.7 free,    481.9 used,     64.4 buff/cache
MiB Swap:    820.0 total,    733.3 free,     86.7 used.   1239.7 avail Mem 
    PID USER      PR  NI    VIRT    RES    SHR S  %CPU  %MEM     TIME+ COMMAND
   6337 root      20   0  421940 202780   3040 R  41.2  10.8   0:10.00 bash

   6337 root      20   0  423656 204364   3040 R  43.8  10.9   0:10.08 bash
   6338 root      20   0  425108 205664   3012 R  43.8  11.0   0:10.09 bash
      1 root      20   0  179200   1388   1100 S   0.0   0.1   0:01.79 systemd
      2 root      20   0       0      0      0 S   0.0   0.0   0:00.00 kthreadd
      3 root       0 -20       0      0      0 I   0.0   0.0   0:00.00 rcu_gp
-_-_-_-_-_-_-_-_-_-_-_-_-_-_-_-_-_
MiB Mem :   1827.1 total,   1248.6 free,    514.1 used,     64.4 buff/cache
MiB Swap:    820.0 total,    733.3 free,     86.7 used.   1207.5 avail Mem 
    PID USER      PR  NI    VIRT    RES    SHR S  %CPU  %MEM     TIME+ COMMAND
   6337 root      20   0  438836 219412   3040 R  42.1  11.7   0:10.87 bash

   6337 root      20   0  440552 221260   3040 R  41.2  11.8   0:10.96 bash
   6338 root      20   0  442004 222560   3012 R  41.2  11.9   0:10.96 bash
      1 root      20   0  179200   1388   1100 S   0.0   0.1   0:01.79 systemd
      2 root      20   0       0      0      0 S   0.0   0.0   0:00.00 kthreadd
      3 root       0 -20       0      0      0 I   0.0   0.0   0:00.00 rcu_gp
-_-_-_-_-_-_-_-_-_-_-_-_-_-_-_-_-_
MiB Mem :   1827.1 total,   1217.8 free,    544.8 used,     64.4 buff/cache
MiB Swap:    820.0 total,    733.3 free,     86.7 used.   1176.8 avail Mem 
    PID USER      PR  NI    VIRT    RES    SHR S  %CPU  %MEM     TIME+ COMMAND
   6337 root      20   0  454280 234988   3040 R  44.4  12.6   0:11.74 bash

   6337 root      20   0  455600 236308   3040 R  38.9  12.6   0:11.82 bash
   6338 root      20   0  457448 238136   3012 R  38.9  12.7   0:11.83 bash
      1 root      20   0  179200   1388   1100 S   0.0   0.1   0:01.79 systemd
      2 root      20   0       0      0      0 S   0.0   0.0   0:00.00 kthreadd
      3 root       0 -20       0      0      0 I   0.0   0.0   0:00.00 rcu_gp
-_-_-_-_-_-_-_-_-_-_-_-_-_-_-_-_-_
MiB Mem :   1827.1 total,   1185.6 free,    577.1 used,     64.4 buff/cache
MiB Swap:    820.0 total,    733.3 free,     86.7 used.   1144.6 avail Mem 
    PID USER      PR  NI    VIRT    RES    SHR S  %CPU  %MEM     TIME+ COMMAND
   6337 root      20   0  470384 251092   3040 R  47.1  13.4   0:12.60 bash

   6338 root      20   0  473552 254240   3012 R  47.1  13.6   0:12.69 bash
   6337 root      20   0  471704 252412   3040 R  41.2  13.5   0:12.70 bash
      1 root      20   0  179200   1388   1100 S   0.0   0.1   0:01.79 systemd
      2 root      20   0       0      0      0 S   0.0   0.0   0:00.00 kthreadd
      3 root       0 -20       0      0      0 I   0.0   0.0   0:00.00 rcu_gp
-_-_-_-_-_-_-_-_-_-_-_-_-_-_-_-_-_
MiB Mem :   1827.1 total,   1156.4 free,    606.3 used,     64.4 buff/cache
MiB Swap:    820.0 total,    733.3 free,     86.7 used.   1115.3 avail Mem 
    PID USER      PR  NI    VIRT    RES    SHR S  %CPU  %MEM     TIME+ COMMAND
   6337 root      20   0  485564 266140   3040 R  47.1  14.2   0:13.47 bash

   6337 root      20   0  487412 267988   3040 R  47.1  14.3   0:13.57 bash
   6338 root      20   0  489260 269816   3012 R  47.1  14.4   0:13.56 bash
      1 root      20   0  179200   1388   1100 S   0.0   0.1   0:01.79 systemd
      2 root      20   0       0      0      0 S   0.0   0.0   0:00.00 kthreadd
      3 root       0 -20       0      0      0 I   0.0   0.0   0:00.00 rcu_gp
-_-_-_-_-_-_-_-_-_-_-_-_-_-_-_-_-_
MiB Mem :   1827.1 total,   1126.0 free,    636.7 used,     64.4 buff/cache
MiB Swap:    820.0 total,    733.3 free,     86.7 used.   1085.0 avail Mem 
    PID USER      PR  NI    VIRT    RES    SHR S  %CPU  %MEM     TIME+ COMMAND
   6337 root      20   0  501008 281716   3040 R  41.2  15.1   0:14.33 bash

   6337 root      20   0  502856 283564   3040 R  44.4  15.2   0:14.43 bash
   6338 root      20   0  504836 285392   3012 R  44.4  15.3   0:14.42 bash
      1 root      20   0  179200   1388   1100 S   0.0   0.1   0:01.79 systemd
      2 root      20   0       0      0      0 S   0.0   0.0   0:00.00 kthreadd
      3 root       0 -20       0      0      0 I   0.0   0.0   0:00.00 rcu_gp
-_-_-_-_-_-_-_-_-_-_-_-_-_-_-_-_-_
MiB Mem :   1827.1 total,   1096.5 free,    666.2 used,     64.4 buff/cache
MiB Swap:    820.0 total,    733.3 free,     86.7 used.   1055.4 avail Mem 
    PID USER      PR  NI    VIRT    RES    SHR S  %CPU  %MEM     TIME+ COMMAND
   6337 root      20   0  515792 296500   3040 R  38.9  15.8   0:15.20 bash

   6337 root      20   0  517508 298348   3040 R  36.8  15.9   0:15.29 bash
   6338 root      20   0  519752 300440   3012 R  36.8  16.1   0:15.29 bash
      1 root      20   0  179200   1388   1100 S   0.0   0.1   0:01.79 systemd
      2 root      20   0       0      0      0 S   0.0   0.0   0:00.00 kthreadd
      3 root       0 -20       0      0      0 I   0.0   0.0   0:00.00 rcu_gp
-_-_-_-_-_-_-_-_-_-_-_-_-_-_-_-_-_
MiB Mem :   1827.1 total,   1064.4 free,    698.3 used,     64.4 buff/cache
MiB Swap:    820.0 total,    733.3 free,     86.7 used.   1023.3 avail Mem 
    PID USER      PR  NI    VIRT    RES    SHR S  %CPU  %MEM     TIME+ COMMAND
   6337 root      20   0  532160 312868   3040 R  47.1  16.7   0:16.08 bash

   6337 root      20   0  533744 314452   3040 R  38.9  16.8   0:16.16 bash
   6338 root      20   0  536120 316808   3012 R  38.9  16.9   0:16.16 bash
      1 root      20   0  179200   1388   1100 S   0.0   0.1   0:01.79 systemd
      2 root      20   0       0      0      0 S   0.0   0.0   0:00.00 kthreadd
      3 root       0 -20       0      0      0 I   0.0   0.0   0:00.00 rcu_gp
-_-_-_-_-_-_-_-_-_-_-_-_-_-_-_-_-_
MiB Mem :   1827.1 total,   1031.5 free,    731.1 used,     64.4 buff/cache
MiB Swap:    820.0 total,    733.3 free,     86.7 used.    990.5 avail Mem 
    PID USER      PR  NI    VIRT    RES    SHR S  %CPU  %MEM     TIME+ COMMAND
   6337 root      20   0  548792 329500   3040 R  47.1  17.6   0:16.94 bash

   6337 root      20   0  550640 331348   3040 R  44.4  17.7   0:17.04 bash
   6338 root      20   0  552884 333440   3012 R  44.4  17.8   0:17.03 bash
      1 root      20   0  179200   1388   1100 S   0.0   0.1   0:01.79 systemd
      2 root      20   0       0      0      0 S   0.0   0.0   0:00.00 kthreadd
      3 root       0 -20       0      0      0 I   0.0   0.0   0:00.00 rcu_gp
-_-_-_-_-_-_-_-_-_-_-_-_-_-_-_-_-_
MiB Mem :   1827.1 total,    999.1 free,    763.6 used,     64.4 buff/cache
MiB Swap:    820.0 total,    733.3 free,     86.7 used.    958.1 avail Mem 
    PID USER      PR  NI    VIRT    RES    SHR S  %CPU  %MEM     TIME+ COMMAND
   6337 root      20   0  565424 346132   3040 R  44.4  18.5   0:17.81 bash

   6338 root      20   0  569648 350336   3012 R  47.1  18.7   0:17.90 bash
   6337 root      20   0  567140 347716   3040 R  41.2  18.6   0:17.89 bash
      1 root      20   0  179200   1388   1100 S   0.0   0.1   0:01.79 systemd
      2 root      20   0       0      0      0 S   0.0   0.0   0:00.00 kthreadd
      3 root       0 -20       0      0      0 I   0.0   0.0   0:00.00 rcu_gp
-_-_-_-_-_-_-_-_-_-_-_-_-_-_-_-_-_
MiB Mem :   1827.1 total,    965.8 free,    796.8 used,     64.4 buff/cache
MiB Swap:    820.0 total,    733.3 free,     86.7 used.    924.8 avail Mem 
    PID USER      PR  NI    VIRT    RES    SHR S  %CPU  %MEM     TIME+ COMMAND
   6337 root      20   0  582452 363028   3040 R  44.4  19.4   0:18.68 bash

   6338 root      20   0  586808 367496   3012 R  50.0  19.6   0:18.77 bash
   6337 root      20   0  584036 364612   3040 R  43.8  19.5   0:18.76 bash
      1 root      20   0  179200   1388   1100 S   0.0   0.1   0:01.79 systemd
      2 root      20   0       0      0      0 S   0.0   0.0   0:00.00 kthreadd
      3 root       0 -20       0      0      0 I   0.0   0.0   0:00.00 rcu_gp
-_-_-_-_-_-_-_-_-_-_-_-_-_-_-_-_-_
MiB Mem :   1827.1 total,    933.7 free,    828.9 used,     64.4 buff/cache
MiB Swap:    820.0 total,    733.3 free,     86.7 used.    892.7 avail Mem 
    PID USER      PR  NI    VIRT    RES    SHR S  %CPU  %MEM     TIME+ COMMAND
   6337 root      20   0  598820 379660   3040 R  41.2  20.3   0:19.54 bash

   6337 root      20   0  600668 381508   3040 R  38.9  20.4   0:19.63 bash
   6338 root      20   0  603308 383864   3012 R  38.9  20.5   0:19.63 bash
      1 root      20   0  179200   1388   1100 S   0.0   0.1   0:01.79 systemd
      2 root      20   0       0      0      0 S   0.0   0.0   0:00.00 kthreadd
      3 root       0 -20       0      0      0 I   0.0   0.0   0:00.00 rcu_gp
-_-_-_-_-_-_-_-_-_-_-_-_-_-_-_-_-_
MiB Mem :   1827.1 total,    901.8 free,    860.8 used,     64.4 buff/cache
MiB Swap:    820.0 total,    733.3 free,     86.7 used.    860.8 avail Mem 
    PID USER      PR  NI    VIRT    RES    SHR S  %CPU  %MEM     TIME+ COMMAND
   6337 root      20   0  614924 395500   3040 R  41.2  21.1   0:20.40 bash

   6337 root      20   0  616772 397348   3040 R  50.0  21.2   0:20.51 bash
   6338 root      20   0  619412 400232   3012 R  44.4  21.4   0:20.50 bash
      1 root      20   0  179200   1388   1100 S   0.0   0.1   0:01.79 systemd
      2 root      20   0       0      0      0 S   0.0   0.0   0:00.00 kthreadd
      3 root       0 -20       0      0      0 I   0.0   0.0   0:00.00 rcu_gp
-_-_-_-_-_-_-_-_-_-_-_-_-_-_-_-_-_
MiB Mem :   1827.1 total,    869.5 free,    893.1 used,     64.4 buff/cache
MiB Swap:    820.0 total,    733.3 free,     86.7 used.    828.5 avail Mem 
    PID USER      PR  NI    VIRT    RES    SHR S  %CPU  %MEM     TIME+ COMMAND
   6337 root      20   0  631820 412396   3040 R  47.1  22.0   0:21.28 bash

   6337 root      20   0  633272 413980   3040 R  44.4  22.1   0:21.37 bash
   6338 root      20   0  636308 416864   3012 R  44.4  22.3   0:21.37 bash
      1 root      20   0  179200   1388   1100 S   0.0   0.1   0:01.79 systemd
      2 root      20   0       0      0      0 S   0.0   0.0   0:00.00 kthreadd
      3 root       0 -20       0      0      0 I   0.0   0.0   0:00.00 rcu_gp
-_-_-_-_-_-_-_-_-_-_-_-_-_-_-_-_-_
MiB Mem :   1827.1 total,    839.8 free,    922.8 used,     64.4 buff/cache
MiB Swap:    820.0 total,    733.3 free,     86.7 used.    798.8 avail Mem 
    PID USER      PR  NI    VIRT    RES    SHR S  %CPU  %MEM     TIME+ COMMAND
   6337 root      20   0  647000 427708   3040 R  41.2  22.9   0:22.14 bash

   6337 root      20   0  648452 429028   3040 R  43.8  22.9   0:22.22 bash
   6338 root      20   0  651488 432176   3012 R  43.8  23.1   0:22.22 bash
      1 root      20   0  179200   1388   1100 S   0.0   0.1   0:01.79 systemd
      2 root      20   0       0      0      0 S   0.0   0.0   0:00.00 kthreadd
      3 root       0 -20       0      0      0 I   0.0   0.0   0:00.00 rcu_gp
-_-_-_-_-_-_-_-_-_-_-_-_-_-_-_-_-_
MiB Mem :   1827.1 total,    809.2 free,    953.4 used,     64.4 buff/cache
MiB Swap:    820.0 total,    733.3 free,     86.7 used.    768.2 avail Mem 
    PID USER      PR  NI    VIRT    RES    SHR S  %CPU  %MEM     TIME+ COMMAND
   6337 root      20   0  661916 442756   3040 R  47.1  23.7   0:23.00 bash

   6337 root      20   0  663764 444340   3040 R  36.8  23.8   0:23.09 bash
   6338 root      20   0  666800 447488   3012 R  36.8  23.9   0:23.09 bash
      1 root      20   0  179200   1388   1100 S   0.0   0.1   0:01.79 systemd
      2 root      20   0       0      0      0 S   0.0   0.0   0:00.00 kthreadd
      3 root       0 -20       0      0      0 I   0.0   0.0   0:00.00 rcu_gp
-_-_-_-_-_-_-_-_-_-_-_-_-_-_-_-_-_
MiB Mem :   1827.1 total,    778.2 free,    984.4 used,     64.4 buff/cache
MiB Swap:    820.0 total,    733.3 free,     86.7 used.    737.2 avail Mem 
    PID USER      PR  NI    VIRT    RES    SHR S  %CPU  %MEM     TIME+ COMMAND
   6337 root      20   0  677624 458332   3040 R  43.8  24.5   0:23.85 bash

   6337 root      20   0  679472 460180   3040 R  44.4  24.6   0:23.95 bash
   6338 root      20   0  682772 463328   3012 R  38.9  24.8   0:23.95 bash
      1 root      20   0  179200   1388   1100 S   0.0   0.1   0:01.79 systemd
      2 root      20   0       0      0      0 S   0.0   0.0   0:00.00 kthreadd
      3 root       0 -20       0      0      0 I   0.0   0.0   0:00.00 rcu_gp
-_-_-_-_-_-_-_-_-_-_-_-_-_-_-_-_-_
MiB Mem :   1827.1 total,    745.6 free,   1017.0 used,     64.4 buff/cache
MiB Swap:    820.0 total,    733.3 free,     86.7 used.    704.6 avail Mem 
    PID USER      PR  NI    VIRT    RES    SHR S  %CPU  %MEM     TIME+ COMMAND
   6337 root      20   0  694256 474964   3040 R  47.1  25.4   0:24.73 bash

   6337 root      20   0  695840 476548   3040 R  44.4  25.5   0:24.83 bash
   6338 root      20   0  699404 479960   3012 R  38.9  25.7   0:24.82 bash
      1 root      20   0  179200   1388   1100 S   0.0   0.1   0:01.79 systemd
      2 root      20   0       0      0      0 S   0.0   0.0   0:00.00 kthreadd
      3 root       0 -20       0      0      0 I   0.0   0.0   0:00.00 rcu_gp
-_-_-_-_-_-_-_-_-_-_-_-_-_-_-_-_-_
MiB Mem :   1827.1 total,    713.3 free,   1049.3 used,     64.4 buff/cache
MiB Swap:    820.0 total,    733.3 free,     86.7 used.    672.3 avail Mem 
    PID USER      PR  NI    VIRT    RES    SHR S  %CPU  %MEM     TIME+ COMMAND
   6337 root      20   0  710624 491332   3040 R  35.0  26.3   0:25.60 bash

   6337 root      20   0  712208 492916   3040 R  43.8  26.3   0:25.69 bash
   6338 root      20   0  715772 496328   3012 R  43.8  26.5   0:25.69 bash
      1 root      20   0  179200   1388   1100 S   0.0   0.1   0:01.79 systemd
      2 root      20   0       0      0      0 S   0.0   0.0   0:00.00 kthreadd
      3 root       0 -20       0      0      0 I   0.0   0.0   0:00.00 rcu_gp
-_-_-_-_-_-_-_-_-_-_-_-_-_-_-_-_-_
MiB Mem :   1827.1 total,    679.4 free,   1083.2 used,     64.4 buff/cache
MiB Swap:    820.0 total,    733.3 free,     86.7 used.    638.3 avail Mem 
    PID USER      PR  NI    VIRT    RES    SHR S  %CPU  %MEM     TIME+ COMMAND
   6337 root      20   0  727520 508228   3040 R  41.2  27.2   0:26.46 bash

   6337 root      20   0  729500 510076   3040 R  42.1  27.3   0:26.56 bash
   6338 root      20   0  733064 513752   3012 R  36.8  27.5   0:26.56 bash
      1 root      20   0  179200   1388   1100 S   0.0   0.1   0:01.79 systemd
      2 root      20   0       0      0      0 S   0.0   0.0   0:00.00 kthreadd
      3 root       0 -20       0      0      0 I   0.0   0.0   0:00.00 rcu_gp
-_-_-_-_-_-_-_-_-_-_-_-_-_-_-_-_-_
MiB Mem :   1827.1 total,    645.9 free,   1116.7 used,     64.4 buff/cache
MiB Swap:    820.0 total,    733.3 free,     86.7 used.    604.9 avail Mem 
    PID USER      PR  NI    VIRT    RES    SHR S  %CPU  %MEM     TIME+ COMMAND
   6337 root      20   0  744944 525652   3040 R  44.4  28.1   0:27.35 bash

   6337 root      20   0  746528 527236   3040 R  46.7  28.2   0:27.43 bash
   6338 root      20   0  750224 530912   3012 R  46.7  28.4   0:27.42 bash
   4745 root      20   0       0      0      0 I   6.7   0.0   0:01.23 kworker/0:0-events
      1 root      20   0  179200   1388   1100 S   0.0   0.1   0:01.79 systemd
      2 root      20   0       0      0      0 S   0.0   0.0   0:00.00 kthreadd
-_-_-_-_-_-_-_-_-_-_-_-_-_-_-_-_-_
MiB Mem :   1827.1 total,    614.1 free,   1148.6 used,     64.4 buff/cache
MiB Swap:    820.0 total,    733.3 free,     86.7 used.    573.0 avail Mem 
    PID USER      PR  NI    VIRT    RES    SHR S  %CPU  %MEM     TIME+ COMMAND
   6337 root      20   0  761444 542020   3040 R  47.1  29.0   0:28.21 bash

   6337 root      20   0  762764 543340   3040 R  38.9  29.0   0:28.29 bash
   6338 root      20   0  766724 547280   3012 R  38.9  29.3   0:28.30 bash
      1 root      20   0  179200   1388   1100 S   0.0   0.1   0:01.79 systemd
      2 root      20   0       0      0      0 S   0.0   0.0   0:00.00 kthreadd
      3 root       0 -20       0      0      0 I   0.0   0.0   0:00.00 rcu_gp
-_-_-_-_-_-_-_-_-_-_-_-_-_-_-_-_-_
MiB Mem :   1827.1 total,    582.5 free,   1180.1 used,     64.4 buff/cache
MiB Swap:    820.0 total,    733.3 free,     86.7 used.    541.4 avail Mem 
    PID USER      PR  NI    VIRT    RES    SHR S  %CPU  %MEM     TIME+ COMMAND
   6337 root      20   0  777680 558388   3040 R  41.2  29.8   0:29.07 bash

   6337 root      20   0  779132 559708   3040 R  41.2  29.9   0:29.15 bash
   6338 root      20   0  783092 563648   3012 R  41.2  30.1   0:29.16 bash
      1 root      20   0  179200   1388   1100 S   0.0   0.1   0:01.79 systemd
      2 root      20   0       0      0      0 S   0.0   0.0   0:00.00 kthreadd
      3 root       0 -20       0      0      0 I   0.0   0.0   0:00.00 rcu_gp
-_-_-_-_-_-_-_-_-_-_-_-_-_-_-_-_-_
MiB Mem :   1827.1 total,    551.6 free,   1211.0 used,     64.4 buff/cache
MiB Swap:    820.0 total,    733.3 free,     86.7 used.    510.6 avail Mem 
    PID USER      PR  NI    VIRT    RES    SHR S  %CPU  %MEM     TIME+ COMMAND
   6337 root      20   0  793520 574228   3040 R  41.2  30.7   0:29.93 bash

   6337 root      20   0  795236 575812   3040 R  41.2  30.8   0:30.02 bash
   6338 root      20   0  799328 580016   3012 R  41.2  31.0   0:30.02 bash
      1 root      20   0  179200   1388   1100 S   0.0   0.1   0:01.79 systemd
      2 root      20   0       0      0      0 S   0.0   0.0   0:00.00 kthreadd
      3 root       0 -20       0      0      0 I   0.0   0.0   0:00.00 rcu_gp
-_-_-_-_-_-_-_-_-_-_-_-_-_-_-_-_-_
MiB Mem :   1827.1 total,    519.5 free,   1243.1 used,     64.4 buff/cache
MiB Swap:    820.0 total,    733.3 free,     86.7 used.    478.5 avail Mem 
    PID USER      PR  NI    VIRT    RES    SHR S  %CPU  %MEM     TIME+ COMMAND
   6337 root      20   0  809492 590068   3040 R  44.4  31.5   0:30.82 bash

   6338 root      20   0  815564 596120   3012 R  47.1  31.9   0:30.91 bash
   6337 root      20   0  811076 591652   3040 R  41.2  31.6   0:30.90 bash
      1 root      20   0  179200   1388   1100 S   0.0   0.1   0:01.79 systemd
      2 root      20   0       0      0      0 S   0.0   0.0   0:00.00 kthreadd
      3 root       0 -20       0      0      0 I   0.0   0.0   0:00.00 rcu_gp
-_-_-_-_-_-_-_-_-_-_-_-_-_-_-_-_-_
MiB Mem :   1827.1 total,    487.0 free,   1275.7 used,     64.4 buff/cache
MiB Swap:    820.0 total,    733.3 free,     86.7 used.    445.9 avail Mem 
    PID USER      PR  NI    VIRT    RES    SHR S  %CPU  %MEM     TIME+ COMMAND
   6337 root      20   0  825992 606700   3040 R  47.1  32.4   0:31.68 bash

   6337 root      20   0  827840 608548   3040 R  38.9  32.5   0:31.77 bash
   6338 root      20   0  832328 613016   3012 R  38.9  32.8   0:31.77 bash
      1 root      20   0  179200   1388   1100 S   0.0   0.1   0:01.79 systemd
      2 root      20   0       0      0      0 S   0.0   0.0   0:00.00 kthreadd
      3 root       0 -20       0      0      0 I   0.0   0.0   0:00.00 rcu_gp
-_-_-_-_-_-_-_-_-_-_-_-_-_-_-_-_-_
MiB Mem :   1827.1 total,    457.4 free,   1305.2 used,     64.4 buff/cache
MiB Swap:    820.0 total,    733.3 free,     86.7 used.    416.4 avail Mem 
    PID USER      PR  NI    VIRT    RES    SHR S  %CPU  %MEM     TIME+ COMMAND
   6337 root      20   0  841172 621748   3040 R  41.2  33.2   0:32.55 bash

   6337 root      20   0  842756 623332   3040 R  38.9  33.3   0:32.63 bash
   6338 root      20   0  847508 628328   3012 R  38.9  33.6   0:32.64 bash
      1 root      20   0  179200   1388   1100 S   0.0   0.1   0:01.79 systemd
      2 root      20   0       0      0      0 S   0.0   0.0   0:00.00 kthreadd
      3 root       0 -20       0      0      0 I   0.0   0.0   0:00.00 rcu_gp
-_-_-_-_-_-_-_-_-_-_-_-_-_-_-_-_-_
MiB Mem :   1827.1 total,    426.1 free,   1336.5 used,     64.4 buff/cache
MiB Swap:    820.0 total,    733.3 free,     86.7 used.    385.1 avail Mem 
    PID USER      PR  NI    VIRT    RES    SHR S  %CPU  %MEM     TIME+ COMMAND
   6337 root      20   0  856484 637324   3040 R  36.8  34.1   0:33.41 bash

   6337 root      20   0  858068 638644   3040 R  47.1  34.1   0:33.50 bash
   6338 root      20   0  862952 643640   3012 R  41.2  34.4   0:33.50 bash
      1 root      20   0  179200   1388   1100 S   0.0   0.1   0:01.79 systemd
      2 root      20   0       0      0      0 S   0.0   0.0   0:00.00 kthreadd
      3 root       0 -20       0      0      0 I   0.0   0.0   0:00.00 rcu_gp
-_-_-_-_-_-_-_-_-_-_-_-_-_-_-_-_-_
MiB Mem :   1827.1 total,    396.9 free,   1365.7 used,     64.4 buff/cache
MiB Swap:    820.0 total,    733.3 free,     86.7 used.    355.9 avail Mem 
    PID USER      PR  NI    VIRT    RES    SHR S  %CPU  %MEM     TIME+ COMMAND
   6337 root      20   0  872192 652900   3040 R  47.1  34.9   0:34.27 bash

   6337 root      20   0  874040 654748   3040 R  44.4  35.0   0:34.37 bash
   6338 root      20   0  879056 659744   3012 R  44.4  35.3   0:34.37 bash
      1 root      20   0  179200   1388   1100 S   0.0   0.1   0:01.79 systemd
      2 root      20   0       0      0      0 S   0.0   0.0   0:00.00 kthreadd
      3 root       0 -20       0      0      0 I   0.0   0.0   0:00.00 rcu_gp
-_-_-_-_-_-_-_-_-_-_-_-_-_-_-_-_-_
MiB Mem :   1827.1 total,    367.0 free,   1395.6 used,     64.4 buff/cache
MiB Swap:    820.0 total,    733.3 free,     86.7 used.    326.0 avail Mem 
    PID USER      PR  NI    VIRT    RES    SHR S  %CPU  %MEM     TIME+ COMMAND
   6337 root      20   0  887240 667948   3040 R  41.2  35.7   0:35.14 bash

   6338 root      20   0  894104 674792   3012 R  47.1  36.1   0:35.23 bash
   6337 root      20   0  888956 669796   3040 R  41.2  35.8   0:35.23 bash
      1 root      20   0  179200   1388   1100 S   0.0   0.1   0:01.79 systemd
      2 root      20   0       0      0      0 S   0.0   0.0   0:00.00 kthreadd
      3 root       0 -20       0      0      0 I   0.0   0.0   0:00.00 rcu_gp
-_-_-_-_-_-_-_-_-_-_-_-_-_-_-_-_-_
MiB Mem :   1827.1 total,    334.3 free,   1428.3 used,     64.4 buff/cache
MiB Swap:    820.0 total,    733.3 free,     86.7 used.    293.2 avail Mem 
    PID USER      PR  NI    VIRT    RES    SHR S  %CPU  %MEM     TIME+ COMMAND
   6337 root      20   0  903872 684580   3040 R  38.9  36.6   0:36.01 bash

   6337 root      20   0  905588 686164   3040 R  47.1  36.7   0:36.11 bash
   6338 root      20   0  911132 691688   3012 R  41.2  37.0   0:36.10 bash
      1 root      20   0  179200   1388   1100 S   0.0   0.1   0:01.79 systemd
      2 root      20   0       0      0      0 S   0.0   0.0   0:00.00 kthreadd
      3 root       0 -20       0      0      0 I   0.0   0.0   0:00.00 rcu_gp
-_-_-_-_-_-_-_-_-_-_-_-_-_-_-_-_-_
MiB Mem :   1827.1 total,    301.0 free,   1461.6 used,     64.4 buff/cache
MiB Swap:    820.0 total,    733.3 free,     86.7 used.    260.0 avail Mem 
    PID USER      PR  NI    VIRT    RES    SHR S  %CPU  %MEM     TIME+ COMMAND
   6337 root      20   0  920372 700948   3040 R  43.8  37.5   0:36.87 bash

   6337 root      20   0  921956 702796   3040 R  43.8  37.6   0:36.95 bash
   6338 root      20   0  927632 708320   3012 R  43.8  37.9   0:36.95 bash
      1 root      20   0  179200   1388   1100 S   0.0   0.1   0:01.79 systemd
      2 root      20   0       0      0      0 S   0.0   0.0   0:00.00 kthreadd
      3 root       0 -20       0      0      0 I   0.0   0.0   0:00.00 rcu_gp
-_-_-_-_-_-_-_-_-_-_-_-_-_-_-_-_-_
MiB Mem :   1827.1 total,    268.7 free,   1493.9 used,     64.4 buff/cache
MiB Swap:    820.0 total,    733.3 free,     86.7 used.    227.7 avail Mem 
    PID USER      PR  NI    VIRT    RES    SHR S  %CPU  %MEM     TIME+ COMMAND
   6337 root      20   0  937136 717844   3040 R  38.9  38.4   0:37.74 bash

   6338 root      20   0  944528 725216   3012 R  44.4  38.8   0:37.83 bash
   6337 root      20   0  938720 719428   3040 R  38.9  38.5   0:37.82 bash
      1 root      20   0  179200   1388   1100 S   0.0   0.1   0:01.79 systemd
      2 root      20   0       0      0      0 S   0.0   0.0   0:00.00 kthreadd
      3 root       0 -20       0      0      0 I   0.0   0.0   0:00.00 rcu_gp
-_-_-_-_-_-_-_-_-_-_-_-_-_-_-_-_-_
MiB Mem :   1827.1 total,    237.1 free,   1525.5 used,     64.4 buff/cache
MiB Swap:    820.0 total,    733.3 free,     86.7 used.    196.1 avail Mem 
    PID USER      PR  NI    VIRT    RES    SHR S  %CPU  %MEM     TIME+ COMMAND
   6337 root      20   0  952976 733684   3040 R  38.9  39.2   0:38.60 bash

   6337 root      20   0  954560 735268   3040 R  36.8  39.3   0:38.69 bash
   6338 root      20   0  960368 741056   3012 R  36.8  39.6   0:38.69 bash
     23 root      39  19       0      0      0 R   5.3   0.0   0:00.58 khugepaged
      1 root      20   0  179200   1388   1100 S   0.0   0.1   0:01.79 systemd
      2 root      20   0       0      0      0 S   0.0   0.0   0:00.00 kthreadd
-_-_-_-_-_-_-_-_-_-_-_-_-_-_-_-_-_
MiB Mem :   1827.1 total,    207.0 free,   1555.6 used,     64.5 buff/cache
MiB Swap:    820.0 total,    733.3 free,     86.7 used.    166.0 avail Mem 
    PID USER      PR  NI    VIRT    RES    SHR S  %CPU  %MEM     TIME+ COMMAND
   6337 root      20   0  968156 748732   3040 R  35.0  40.0   0:39.47 bash

   6337 root      20   0  969872 750580   3040 R  40.0  40.1   0:39.58 bash
   6338 root      20   0  975944 756632   3012 R  40.0  40.4   0:39.58 bash
      1 root      20   0  179200   1388   1100 S   0.0   0.1   0:01.79 systemd
      2 root      20   0       0      0      0 S   0.0   0.0   0:00.00 kthreadd
      3 root       0 -20       0      0      0 I   0.0   0.0   0:00.00 rcu_gp
-_-_-_-_-_-_-_-_-_-_-_-_-_-_-_-_-_
MiB Mem :   1827.1 total,    174.6 free,   1588.0 used,     64.5 buff/cache
MiB Swap:    820.0 total,    733.3 free,     86.7 used.    133.6 avail Mem 
    PID USER      PR  NI    VIRT    RES    SHR S  %CPU  %MEM     TIME+ COMMAND
   6337 root      20   0  984788 765364   3040 R  47.1  40.9   0:40.36 bash

   6337 root      20   0  986504 767212   3040 R  44.4  41.0   0:40.45 bash
   6338 root      20   0  992576 773264   3012 R  44.4  41.3   0:40.45 bash
      1 root      20   0  179200   1388   1100 S   0.0   0.1   0:01.79 systemd
      2 root      20   0       0      0      0 S   0.0   0.0   0:00.00 kthreadd
      3 root       0 -20       0      0      0 I   0.0   0.0   0:00.00 rcu_gp
-_-_-_-_-_-_-_-_-_-_-_-_-_-_-_-_-_
MiB Mem :   1827.1 total,    145.4 free,   1617.2 used,     64.5 buff/cache
MiB Swap:    820.0 total,    733.3 free,     86.7 used.    104.4 avail Mem 
    PID USER      PR  NI    VIRT    RES    SHR S  %CPU  %MEM     TIME+ COMMAND
   6337 root      20   0  999836 780412   3040 R  36.8  41.7   0:41.22 bash

   6337 root      20   0 1001420 781996   3040 R  44.4  41.8   0:41.31 bash
   6338 root      20   0 1007756 788312   3012 R  38.9  42.1   0:41.31 bash
      1 root      20   0  179200   1388   1100 S   0.0   0.1   0:01.79 systemd
      2 root      20   0       0      0      0 S   0.0   0.0   0:00.00 kthreadd
      3 root       0 -20       0      0      0 I   0.0   0.0   0:00.00 rcu_gp
-_-_-_-_-_-_-_-_-_-_-_-_-_-_-_-_-_
MiB Mem :   1827.1 total,    113.7 free,   1648.9 used,     64.5 buff/cache
MiB Swap:    820.0 total,    733.3 free,     86.7 used.     72.7 avail Mem 
    PID USER      PR  NI    VIRT    RES    SHR S  %CPU  %MEM     TIME+ COMMAND
   6337 root      20   0 1015940 796516   3040 R  47.1  42.6   0:42.09 bash

   6337 root      20   0 1017392 798100   3040 R  36.8  42.7   0:42.18 bash
   6338 root      20   0 1023992 804680   3012 R  36.8  43.0   0:42.18 bash
      1 root      20   0  179200   1388   1100 S   0.0   0.1   0:01.79 systemd
      2 root      20   0       0      0      0 S   0.0   0.0   0:00.00 kthreadd
      3 root       0 -20       0      0      0 I   0.0   0.0   0:00.00 rcu_gp
-_-_-_-_-_-_-_-_-_-_-_-_-_-_-_-_-_
MiB Mem :   1827.1 total,     81.5 free,   1681.1 used,     64.5 buff/cache
MiB Swap:    820.0 total,    733.3 free,     86.7 used.     40.5 avail Mem 
    PID USER      PR  NI    VIRT    RES    SHR S  %CPU  %MEM     TIME+ COMMAND
   6337 root      20   0 1032176 812884   3040 R  44.4  43.4   0:42.97 bash

   6338 root      20   0 1040756 821312   3012 R  42.1  43.9   0:43.06 bash
   6337 root      20   0 1034024 814732   3040 R  36.8  43.5   0:43.06 bash
      1 root      20   0  179200   1388   1100 S   0.0   0.1   0:01.79 systemd
      2 root      20   0       0      0      0 S   0.0   0.0   0:00.00 kthreadd
      3 root       0 -20       0      0      0 I   0.0   0.0   0:00.00 rcu_gp
-_-_-_-_-_-_-_-_-_-_-_-_-_-_-_-_-_
MiB Mem :   1827.1 total,     73.2 free,   1714.1 used,     39.8 buff/cache
MiB Swap:    820.0 total,    733.3 free,     86.7 used.     19.8 avail Mem 
    PID USER      PR  NI    VIRT    RES    SHR S  %CPU  %MEM     TIME+ COMMAND
   6337 root      20   0 1054484 828448   1976 R  21.2  44.3   0:44.27 bash

   6338 root      20   0 1074020 851828    824 R  21.4  45.5   0:45.02 bash
   6337 root      20   0 1067420 813756    820 R  19.0  43.5   0:45.03 bash
      1 root      20   0  179200    288      0 S   0.0   0.0   0:01.79 systemd
      2 root      20   0       0      0      0 S   0.0   0.0   0:00.00 kthreadd
      3 root       0 -20       0      0      0 I   0.0   0.0   0:00.00 rcu_gp
-_-_-_-_-_-_-_-_-_-_-_-_-_-_-_-_-_
MiB Mem :   1827.1 total,     84.0 free,   1705.5 used,     37.6 buff/cache
MiB Swap:    820.0 total,    633.9 free,    186.1 used.     29.8 avail Mem 
    PID USER      PR  NI    VIRT    RES    SHR S  %CPU  %MEM     TIME+ COMMAND
   6337 root      20   0 1094612 792944   1016 R  41.2  42.4   0:46.64 bash

   6338 root      20   0 1103192 862104    972 R  42.1  46.1   0:46.72 bash
   6337 root      20   0 1096196 794264   1016 R  36.8  42.5   0:46.73 bash
      1 root      20   0  179200    188      0 S   0.0   0.0   0:01.79 systemd
      2 root      20   0       0      0      0 S   0.0   0.0   0:00.00 kthreadd
      3 root       0 -20       0      0      0 I   0.0   0.0   0:00.00 rcu_gp
-_-_-_-_-_-_-_-_-_-_-_-_-_-_-_-_-_
MiB Mem :   1827.1 total,     84.3 free,   1708.8 used,     33.9 buff/cache
MiB Swap:    820.0 total,    602.7 free,    217.3 used.     28.3 avail Mem 
    PID USER      PR  NI    VIRT    RES    SHR S  %CPU  %MEM     TIME+ COMMAND
   6337 root      20   0 1112960 795216   1016 R  43.8  42.5   0:47.65 bash

   6337 root      20   0 1114280 796536   1016 R  40.0  42.6   0:47.75 bash
   6338 root      20   0 1121540 864760    972 R  40.0  46.2   0:47.75 bash
   7399 root      20   0       0      0      0 Z   5.0   0.0   0:00.01 top
      1 root      20   0  179200    148      0 S   0.0   0.0   0:01.79 systemd
      2 root      20   0       0      0      0 S   0.0   0.0   0:00.00 kthreadd
-_-_-_-_-_-_-_-_-_-_-_-_-_-_-_-_-_
MiB Mem :   1827.1 total,     64.7 free,   1726.0 used,     36.3 buff/cache
MiB Swap:    820.0 total,    578.3 free,    241.7 used.      9.9 avail Mem 
    PID USER      PR  NI    VIRT    RES    SHR S  %CPU  %MEM     TIME+ COMMAND
   6337 root      20   0 1129856 796748   1016 R  47.1  42.6   0:48.69 bash

   6338 root      20   0 1138436 864552    972 R  41.2  46.2   0:48.76 bash
   6337 root      20   0 1131044 796568   1016 R  35.3  42.6   0:48.76 bash
     47 root      20   0       0      0      0 S   5.9   0.0   0:33.97 kswapd0
      1 root      20   0  179200    124      0 S   0.0   0.0   0:01.79 systemd
      2 root      20   0       0      0      0 S   0.0   0.0   0:00.00 kthreadd
-_-_-_-_-_-_-_-_-_-_-_-_-_-_-_-_-_
MiB Mem :   1827.1 total,     83.6 free,   1703.6 used,     39.9 buff/cache
MiB Swap:    820.0 total,    519.6 free,    300.4 used.     30.6 avail Mem 
    PID USER      PR  NI    VIRT    RES    SHR S  %CPU  %MEM     TIME+ COMMAND
   6337 root      20   0 1151768 791712   1016 R  50.0  42.3   0:49.87 bash

   6338 root      20   0 1160744 861116   1044 R  47.1  46.0   0:49.95 bash
   6337 root      20   0 1153220 793032   1016 R  41.2  42.4   0:49.95 bash
      1 root      20   0  179200    104      0 S   0.0   0.0   0:01.79 systemd
      2 root      20   0       0      0      0 S   0.0   0.0   0:00.00 kthreadd
      3 root       0 -20       0      0      0 I   0.0   0.0   0:00.00 rcu_gp
-_-_-_-_-_-_-_-_-_-_-_-_-_-_-_-_-_
MiB Mem :   1827.1 total,     67.6 free,   1721.2 used,     38.2 buff/cache
MiB Swap:    820.0 total,    506.0 free,    314.0 used.     13.8 avail Mem 
    PID USER      PR  NI    VIRT    RES    SHR S  %CPU  %MEM     TIME+ COMMAND
   6337 root      20   0 1167872 800812   1024 R  38.9  42.8   0:50.75 bash

   6337 root      20   0 1169060 794864   1024 R  36.8  42.5   0:50.85 bash
   6338 root      20   0 1176584 862500   1044 R  31.6  46.1   0:50.83 bash
     47 root      20   0       0      0      0 S   5.3   0.0   0:34.08 kswapd0
      1 root      20   0  179200    100      0 S   0.0   0.0   0:01.79 systemd
      2 root      20   0       0      0      0 S   0.0   0.0   0:00.00 kthreadd
-_-_-_-_-_-_-_-_-_-_-_-_-_-_-_-_-_
MiB Mem :   1827.1 total,     67.7 free,   1720.6 used,     38.7 buff/cache
MiB Swap:    820.0 total,    473.4 free,    346.6 used.     14.1 avail Mem 
    PID USER      PR  NI    VIRT    RES    SHR S  %CPU  %MEM     TIME+ COMMAND
   6337 root      20   0 1184108 800688   1024 R  41.2  42.8   0:51.67 bash

   6337 root      20   0 1185428 794704   1024 R  33.3  42.5   0:51.75 bash
   6338 root      20   0 1193348 862592   1044 R  28.6  46.1   0:51.74 bash
     47 root      20   0       0      0      0 R   4.8   0.0   0:34.13 kswapd0
      1 root      20   0  179200     88      0 S   0.0   0.0   0:01.79 systemd
      2 root      20   0       0      0      0 S   0.0   0.0   0:00.00 kthreadd
-_-_-_-_-_-_-_-_-_-_-_-_-_-_-_-_-_
MiB Mem :   1827.1 total,     65.3 free,   1724.2 used,     37.5 buff/cache
MiB Swap:    820.0 total,    444.8 free,    375.2 used.     11.1 avail Mem 
    PID USER      PR  NI    VIRT    RES    SHR S  %CPU  %MEM     TIME+ COMMAND
   6337 root      20   0 1200080 801836   1024 R  50.0  42.9   0:52.56 bash

   6337 root      20   0 1201532 796220   1024 R  36.8  42.6   0:52.65 bash
   6338 root      20   0 1209716 864696   1044 R  36.8  46.2   0:52.63 bash
      1 root      20   0  179200     88      0 S   0.0   0.0   0:01.79 systemd
      2 root      20   0       0      0      0 S   0.0   0.0   0:00.00 kthreadd
      3 root       0 -20       0      0      0 I   0.0   0.0   0:00.00 rcu_gp
-_-_-_-_-_-_-_-_-_-_-_-_-_-_-_-_-_
MiB Mem :   1827.1 total,     65.1 free,   1726.5 used,     35.4 buff/cache
MiB Swap:    820.0 total,    416.8 free,    403.2 used.      9.9 avail Mem 
    PID USER      PR  NI    VIRT    RES    SHR S  %CPU  %MEM     TIME+ COMMAND
   6337 root      20   0 1215788 796308   1024 R  38.9  42.6   0:53.42 bash

   6337 root      20   0 1217504 796456   1024 R  47.1  42.6   0:53.51 bash
   6338 root      20   0 1225952 865060   1044 R  41.2  46.2   0:53.49 bash
     47 root      20   0       0      0      0 S   5.9   0.0   0:34.21 kswapd0
      1 root      20   0  179200     80      0 S   0.0   0.0   0:01.79 systemd
      2 root      20   0       0      0      0 S   0.0   0.0   0:00.00 kthreadd
-_-_-_-_-_-_-_-_-_-_-_-_-_-_-_-_-_
MiB Mem :   1827.1 total,     73.0 free,   1717.4 used,     36.6 buff/cache
MiB Swap:    820.0 total,    379.4 free,    440.6 used.     18.4 avail Mem 
    PID USER      PR  NI    VIRT    RES    SHR S  %CPU  %MEM     TIME+ COMMAND
   6337 root      20   0 1230176 798620   1024 R  41.2  42.7   0:54.28 bash

   6337 root      20   0 1232024 800468   1024 R  47.1  42.8   0:54.38 bash
   6338 root      20   0 1240472 868868   1044 R  41.2  46.4   0:54.36 bash
      1 root      20   0  179200     80      0 S   0.0   0.0   0:01.79 systemd
      2 root      20   0       0      0      0 S   0.0   0.0   0:00.00 kthreadd
      3 root       0 -20       0      0      0 I   0.0   0.0   0:00.00 rcu_gp
-_-_-_-_-_-_-_-_-_-_-_-_-_-_-_-_-_
MiB Mem :   1827.1 total,     72.7 free,   1717.9 used,     36.5 buff/cache
MiB Swap:    820.0 total,    351.4 free,    468.6 used.     18.0 avail Mem 
    PID USER      PR  NI    VIRT    RES    SHR S  %CPU  %MEM     TIME+ COMMAND
   6337 root      20   0 1244300 798360   1024 R  41.2  42.7   0:55.14 bash

   6337 root      20   0 1246148 800472   1024 R  38.9  42.8   0:55.23 bash
   6338 root      20   0 1254860 868704   1044 R  38.9  46.4   0:55.22 bash
      1 root      20   0  179200     80      0 S   0.0   0.0   0:01.79 systemd
      2 root      20   0       0      0      0 S   0.0   0.0   0:00.00 kthreadd
      3 root       0 -20       0      0      0 I   0.0   0.0   0:00.00 rcu_gp
-_-_-_-_-_-_-_-_-_-_-_-_-_-_-_-_-_
MiB Mem :   1827.1 total,     71.8 free,   1718.4 used,     36.8 buff/cache
MiB Swap:    820.0 total,    321.2 free,    498.8 used.     17.3 avail Mem 
    PID USER      PR  NI    VIRT    RES    SHR S  %CPU  %MEM     TIME+ COMMAND
   6337 root      20   0 1260272 799048   1024 R  47.1  42.7   0:56.00 bash

   6338 root      20   0 1270832 869228   1044 R  45.0  46.5   0:56.09 bash
   6337 root      20   0 1261988 800632   1024 R  40.0  42.8   0:56.10 bash
      1 root      20   0  179200     80      0 S   0.0   0.0   0:01.79 systemd
      2 root      20   0       0      0      0 S   0.0   0.0   0:00.00 kthreadd
      3 root       0 -20       0      0      0 I   0.0   0.0   0:00.00 rcu_gp
-_-_-_-_-_-_-_-_-_-_-_-_-_-_-_-_-_
MiB Mem :   1827.1 total,     65.3 free,   1726.0 used,     35.7 buff/cache
MiB Swap:    820.0 total,    290.4 free,    529.6 used.     10.2 avail Mem 
    PID USER      PR  NI    VIRT    RES    SHR S  %CPU  %MEM     TIME+ COMMAND
   6337 root      20   0 1275980 791312   1024 R  37.5  42.3   0:56.88 bash

   6337 root      20   0 1277828 793160   1024 R  42.1  42.4   0:56.98 bash
   6338 root      20   0 1286804 861692   1044 R  42.1  46.1   0:56.97 bash
      1 root      20   0  179200     76      0 S   0.0   0.0   0:01.79 systemd
      2 root      20   0       0      0      0 S   0.0   0.0   0:00.00 kthreadd
      3 root       0 -20       0      0      0 I   0.0   0.0   0:00.00 rcu_gp
-_-_-_-_-_-_-_-_-_-_-_-_-_-_-_-_-_
MiB Mem :   1827.1 total,     78.1 free,   1713.7 used,     35.3 buff/cache
MiB Swap:    820.0 total,    252.3 free,    567.7 used.     22.8 avail Mem 
    PID USER      PR  NI    VIRT    RES    SHR S  %CPU  %MEM     TIME+ COMMAND
   6337 root      20   0 1292348 796068   1024 R  43.8  42.6   0:57.76 bash

   6337 root      20   0 1294064 797652   1024 R  43.8  42.6   0:57.84 bash
   6338 root      20   0 1303172 866400   1044 R  43.8  46.3   0:57.83 bash
      1 root      20   0  179200     72      0 S   0.0   0.0   0:01.79 systemd
      2 root      20   0       0      0      0 S   0.0   0.0   0:00.00 kthreadd
      3 root       0 -20       0      0      0 I   0.0   0.0   0:00.00 rcu_gp
-_-_-_-_-_-_-_-_-_-_-_-_-_-_-_-_-_
MiB Mem :   1827.1 total,     76.4 free,   1715.0 used,     35.6 buff/cache
MiB Swap:    820.0 total,    219.7 free,    600.3 used.     21.3 avail Mem 
    PID USER      PR  NI    VIRT    RES    SHR S  %CPU  %MEM     TIME+ COMMAND
   6337 root      20   0 1309376 796308   1024 R  36.8  42.6   0:58.70 bash

   6337 root      20   0 1310828 797892   1024 R  47.4  42.6   0:58.80 bash
   6338 root      20   0 1320068 866176   1044 R  36.8  46.3   0:58.77 bash
      1 root      20   0  179200   1864   1648 S   0.0   0.1   0:01.79 systemd
      2 root      20   0       0      0      0 S   0.0   0.0   0:00.00 kthreadd
      3 root       0 -20       0      0      0 I   0.0   0.0   0:00.00 rcu_gp
-_-_-_-_-_-_-_-_-_-_-_-_-_-_-_-_-_
MiB Mem :   1827.1 total,     71.2 free,   1718.6 used,     37.3 buff/cache
MiB Swap:    820.0 total,    196.5 free,    623.5 used.     16.9 avail Mem 
    PID USER      PR  NI    VIRT    RES    SHR S  %CPU  %MEM     TIME+ COMMAND
   6337 root      20   0 1323500 798436   1024 R  43.8  42.7   0:59.58 bash

   6337 root      20   0 1324820 800020   1024 R  42.1  42.8   0:59.68 bash
   6338 root      20   0 1334324 868628   1044 R  36.8  46.4   0:59.67 bash
      1 root      20   0  179200   1864   1648 S   0.0   0.1   0:01.79 systemd
      2 root      20   0       0      0      0 S   0.0   0.0   0:00.00 kthreadd
      3 root       0 -20       0      0      0 I   0.0   0.0   0:00.00 rcu_gp
-_-_-_-_-_-_-_-_-_-_-_-_-_-_-_-_-_
MiB Mem :   1827.1 total,     76.1 free,   1714.7 used,     36.3 buff/cache
MiB Swap:    820.0 total,    162.5 free,    657.5 used.     21.3 avail Mem 
    PID USER      PR  NI    VIRT    RES    SHR S  %CPU  %MEM     TIME+ COMMAND
   6337 root      20   0 1338416 793996   1024 R  41.2  42.4   1:00.44 bash

   6338 root      20   0 1349372 864096   1044 R  50.0  46.2   1:00.52 bash
   6337 root      20   0 1339868 795316   1024 R  43.8  42.5   1:00.52 bash
      1 root      20   0  179200   1864   1648 S   0.0   0.1   0:01.79 systemd
      2 root      20   0       0      0      0 S   0.0   0.0   0:00.00 kthreadd
      3 root       0 -20       0      0      0 I   0.0   0.0   0:00.00 rcu_gp
-_-_-_-_-_-_-_-_-_-_-_-_-_-_-_-_-_
MiB Mem :   1827.1 total,     73.4 free,   1715.1 used,     38.6 buff/cache
MiB Swap:    820.0 total,    135.2 free,    684.8 used.     19.7 avail Mem 
    PID USER      PR  NI    VIRT    RES    SHR S  %CPU  %MEM     TIME+ COMMAND
   6337 root      20   0 1352408 796204   1024 R  47.1  42.6   1:01.29 bash

   6337 root      20   0 1353992 797788   1024 R  38.9  42.6   1:01.37 bash
   6338 root      20   0 1363628 866632   1044 R  38.9  46.3   1:01.36 bash
      1 root      20   0  179200   1864   1648 S   0.0   0.1   0:01.79 systemd
      2 root      20   0       0      0      0 S   0.0   0.0   0:00.00 kthreadd
      3 root       0 -20       0      0      0 I   0.0   0.0   0:00.00 rcu_gp
-_-_-_-_-_-_-_-_-_-_-_-_-_-_-_-_-_
MiB Mem :   1827.1 total,     63.6 free,   1723.9 used,     39.6 buff/cache
MiB Swap:    820.0 total,    113.1 free,    706.9 used.     10.4 avail Mem 
    PID USER      PR  NI    VIRT    RES    SHR S  %CPU  %MEM     TIME+ COMMAND
   6337 root      20   0 1367984 792924   1024 R  31.6  42.4   1:02.15 bash

   6337 root      20   0 1369568 794508   1024 R  53.3  42.5   1:02.24 bash
   6338 root      20   0 1379336 863208   1044 R  53.3  46.1   1:02.23 bash
      9 root      20   0       0      0      0 S   6.7   0.0   0:00.35 ksoftirqd/0
      1 root      20   0  179200   1788   1572 S   0.0   0.1   0:01.79 systemd
      2 root      20   0       0      0      0 S   0.0   0.0   0:00.00 kthreadd
-_-_-_-_-_-_-_-_-_-_-_-_-_-_-_-_-_
MiB Mem :   1827.1 total,     65.9 free,   1722.5 used,     38.6 buff/cache
MiB Swap:    820.0 total,     82.9 free,    737.1 used.     12.3 avail Mem 
    PID USER      PR  NI    VIRT    RES    SHR S  %CPU  %MEM     TIME+ COMMAND
   6337 root      20   0 1383032 800028   1024 R  44.4  42.8   1:03.02 bash

   6337 root      20   0 1383824 789572   1024 R  31.6  42.2   1:03.10 bash
   6338 root      20   0 1393856 858456   1044 R  31.6  45.9   1:03.08 bash
     47 root      20   0       0      0      0 S  15.8   0.0   0:34.75 kswapd0
      1 root      20   0  179200   1424   1208 S   0.0   0.1   0:01.79 systemd
      2 root      20   0       0      0      0 S   0.0   0.0   0:00.00 kthreadd
-_-_-_-_-_-_-_-_-_-_-_-_-_-_-_-_-_
MiB Mem :   1827.1 total,     75.9 free,   1713.5 used,     37.6 buff/cache
MiB Swap:    820.0 total,     41.9 free,    778.1 used.     21.8 avail Mem 
    PID USER      PR  NI    VIRT    RES    SHR S  %CPU  %MEM     TIME+ COMMAND
   6337 root      20   0 1398608 794736   1024 R  38.9  42.5   1:03.93 bash

   6337 root      20   0 1400456 796584   1024 R  36.8  42.6   1:04.02 bash
   6338 root      20   0 1410884 865656   1044 R  36.8  46.3   1:04.02 bash
      1 root      20   0  179200   1192    976 S   0.0   0.1   0:01.79 systemd
      2 root      20   0       0      0      0 S   0.0   0.0   0:00.00 kthreadd
      3 root       0 -20       0      0      0 I   0.0   0.0   0:00.00 rcu_gp
-_-_-_-_-_-_-_-_-_-_-_-_-_-_-_-_-_
MiB Mem :   1827.1 total,     64.1 free,   1725.7 used,     37.2 buff/cache
MiB Swap:    820.0 total,     25.4 free,    794.6 used.      9.8 avail Mem 
    PID USER      PR  NI    VIRT    RES    SHR S  %CPU  %MEM     TIME+ COMMAND
   6337 root      20   0 1412732 793092   1024 R  36.8  42.4   1:04.77 bash

   6338 root      20   0 1424348 863424   1044 R  44.4  46.2   1:04.85 bash
   6337 root      20   0 1413920 794412   1024 R  38.9  42.5   1:04.85 bash
      1 root      20   0  179200   1024    808 S   0.0   0.1   0:01.79 systemd
      2 root      20   0       0      0      0 S   0.0   0.0   0:00.00 kthreadd
      3 root       0 -20       0      0      0 I   0.0   0.0   0:00.00 rcu_gp
-_-_-_-_-_-_-_-_-_-_-_-_-_-_-_-_-_
MiB Mem :   1827.1 total,    887.0 free,    889.1 used,     51.0 buff/cache
MiB Swap:    820.0 total,    329.8 free,    490.2 used.    839.3 avail Mem 
    PID USER      PR  NI    VIRT    RES    SHR S  %CPU  %MEM     TIME+ COMMAND
   6337 root      20   0 1450748 817584   1412 R  87.5  43.7   1:07.83 bash

   6337 root      20   0 1454048 821016   1412 R  94.1  43.9   1:08.01 bash
      1 root      20   0  179200   1844   1556 S   0.0   0.1   0:01.79 systemd
      2 root      20   0       0      0      0 S   0.0   0.0   0:00.00 kthreadd
      3 root       0 -20       0      0      0 I   0.0   0.0   0:00.00 rcu_gp
      4 root       0 -20       0      0      0 I   0.0   0.0   0:00.00 rcu_par_gp
-_-_-_-_-_-_-_-_-_-_-_-_-_-_-_-_-_
MiB Mem :   1827.1 total,    855.1 free,    918.7 used,     53.3 buff/cache
MiB Swap:    820.0 total,    329.8 free,    490.2 used.    808.5 avail Mem 
    PID USER      PR  NI    VIRT    RES    SHR S  %CPU  %MEM     TIME+ COMMAND
   6337 root      20   0 1480052 847068   1604 R  88.2  45.3   1:09.50 bash

   6337 root      20   0 1483220 850236   1604 R  88.2  45.4   1:09.67 bash
      1 root      20   0  179200   1844   1556 S   0.0   0.1   0:01.79 systemd
      2 root      20   0       0      0      0 S   0.0   0.0   0:00.00 kthreadd
      3 root       0 -20       0      0      0 I   0.0   0.0   0:00.00 rcu_gp
      4 root       0 -20       0      0      0 I   0.0   0.0   0:00.00 rcu_par_gp
-_-_-_-_-_-_-_-_-_-_-_-_-_-_-_-_-_
MiB Mem :   1827.1 total,    826.3 free,    947.4 used,     53.3 buff/cache
MiB Swap:    820.0 total,    330.1 free,    489.9 used.    779.7 avail Mem 
    PID USER      PR  NI    VIRT    RES    SHR S  %CPU  %MEM     TIME+ COMMAND
   6337 root      20   0 1510280 877164   1604 R  94.1  46.9   1:11.18 bash

   6337 root      20   0 1513448 880596   1604 R  88.2  47.1   1:11.34 bash
      1 root      20   0  179200   1844   1556 S   0.0   0.1   0:01.79 systemd
      2 root      20   0       0      0      0 S   0.0   0.0   0:00.00 kthreadd
      3 root       0 -20       0      0      0 I   0.0   0.0   0:00.00 rcu_gp
      4 root       0 -20       0      0      0 I   0.0   0.0   0:00.00 rcu_par_gp
-_-_-_-_-_-_-_-_-_-_-_-_-_-_-_-_-_
MiB Mem :   1827.1 total,    796.9 free,    976.9 used,     53.3 buff/cache
MiB Swap:    820.0 total,    330.1 free,    489.9 used.    750.2 avail Mem 
    PID USER      PR  NI    VIRT    RES    SHR S  %CPU  %MEM     TIME+ COMMAND
   6337 root      20   0 1540112 907260   1604 R  83.3  48.5   1:12.86 bash

   6337 root      20   0 1543016 910164   1604 R  88.2  48.6   1:13.02 bash
      1 root      20   0  179200   1844   1556 S   0.0   0.1   0:01.79 systemd
      2 root      20   0       0      0      0 S   0.0   0.0   0:00.00 kthreadd
      3 root       0 -20       0      0      0 I   0.0   0.0   0:00.00 rcu_gp
      4 root       0 -20       0      0      0 I   0.0   0.0   0:00.00 rcu_par_gp
-_-_-_-_-_-_-_-_-_-_-_-_-_-_-_-_-_
MiB Mem :   1827.1 total,    766.9 free,   1006.7 used,     53.5 buff/cache
MiB Swap:    820.0 total,    330.1 free,    489.9 used.    720.3 avail Mem 
    PID USER      PR  NI    VIRT    RES    SHR S  %CPU  %MEM     TIME+ COMMAND
   6337 root      20   0 1570340 937356   1604 R  88.2  50.1   1:14.53 bash

   6337 root      20   0 1572584 939732   1604 R  99.9  50.2   1:14.69 bash
      1 root      20   0  179200   1844   1556 S   0.0   0.1   0:01.79 systemd
      2 root      20   0       0      0      0 S   0.0   0.0   0:00.00 kthreadd
      3 root       0 -20       0      0      0 I   0.0   0.0   0:00.00 rcu_gp
      4 root       0 -20       0      0      0 I   0.0   0.0   0:00.00 rcu_par_gp
-_-_-_-_-_-_-_-_-_-_-_-_-_-_-_-_-_
MiB Mem :   1827.1 total,    738.0 free,   1035.6 used,     53.5 buff/cache
MiB Swap:    820.0 total,    330.1 free,    489.9 used.    691.5 avail Mem 
    PID USER      PR  NI    VIRT    RES    SHR S  %CPU  %MEM     TIME+ COMMAND
   6337 root      20   0 1600700 967716   1604 R  93.8  51.7   1:16.20 bash

   6337 root      20   0 1604000 971148   1604 R  88.2  51.9   1:16.37 bash
      1 root      20   0  179200   1844   1556 S   0.0   0.1   0:01.79 systemd
      2 root      20   0       0      0      0 S   0.0   0.0   0:00.00 kthreadd
      3 root       0 -20       0      0      0 I   0.0   0.0   0:00.00 rcu_gp
      4 root       0 -20       0      0      0 I   0.0   0.0   0:00.00 rcu_par_gp
-_-_-_-_-_-_-_-_-_-_-_-_-_-_-_-_-_
MiB Mem :   1827.1 total,    709.2 free,   1064.4 used,     53.5 buff/cache
MiB Swap:    820.0 total,    330.1 free,    489.9 used.    662.6 avail Mem 
    PID USER      PR  NI    VIRT    RES    SHR S  %CPU  %MEM     TIME+ COMMAND
   6337 root      20   0 1629212 996228   1604 R  99.9  53.2   1:17.87 bash

   6337 root      20   0 1632512 999660   1604 R  88.2  53.4   1:18.04 bash
      1 root      20   0  179200   1844   1556 S   0.0   0.1   0:01.79 systemd
      2 root      20   0       0      0      0 S   0.0   0.0   0:00.00 kthreadd
      3 root       0 -20       0      0      0 I   0.0   0.0   0:00.00 rcu_gp
      4 root       0 -20       0      0      0 I   0.0   0.0   0:00.00 rcu_par_gp
-_-_-_-_-_-_-_-_-_-_-_-_-_-_-_-_-_
MiB Mem :   1827.1 total,    680.2 free,   1093.3 used,     53.5 buff/cache
MiB Swap:    820.0 total,    330.1 free,    489.9 used.    633.7 avail Mem 
    PID USER      PR  NI    VIRT    RES    SHR S  %CPU  %MEM     TIME+ COMMAND
   6337 root      20   0 1659044   1.0g   1604 R  94.1  54.8   1:19.55 bash

   6337 root      20   0 1662212   1.0g   1604 R  87.5  55.0   1:19.71 bash
      1 root      20   0  179200   1844   1556 S   0.0   0.1   0:01.79 systemd
      2 root      20   0       0      0      0 S   0.0   0.0   0:00.00 kthreadd
      3 root       0 -20       0      0      0 I   0.0   0.0   0:00.00 rcu_gp
      4 root       0 -20       0      0      0 I   0.0   0.0   0:00.00 rcu_par_gp
-_-_-_-_-_-_-_-_-_-_-_-_-_-_-_-_-_
MiB Mem :   1827.1 total,    650.3 free,   1123.3 used,     53.5 buff/cache
MiB Swap:    820.0 total,    330.1 free,    489.9 used.    603.7 avail Mem 
    PID USER      PR  NI    VIRT    RES    SHR S  %CPU  %MEM     TIME+ COMMAND
   6337 root      20   0 1690460   1.0g   1604 R  99.9  56.5   1:21.23 bash

   6337 root      20   0 1693364   1.0g   1604 R  82.4  56.7   1:21.39 bash
      1 root      20   0  179200   1844   1556 S   0.0   0.1   0:01.79 systemd
      2 root      20   0       0      0      0 S   0.0   0.0   0:00.00 kthreadd
      3 root       0 -20       0      0      0 I   0.0   0.0   0:00.00 rcu_gp
      4 root       0 -20       0      0      0 I   0.0   0.0   0:00.00 rcu_par_gp
-_-_-_-_-_-_-_-_-_-_-_-_-_-_-_-_-_
MiB Mem :   1827.1 total,    619.1 free,   1154.5 used,     53.5 buff/cache
MiB Swap:    820.0 total,    330.1 free,    489.9 used.    572.6 avail Mem 
    PID USER      PR  NI    VIRT    RES    SHR S  %CPU  %MEM     TIME+ COMMAND
   6337 root      20   0 1722404   1.0g   1604 R  94.1  58.2   1:22.91 bash

   6337 root      20   0 1725572   1.0g   1604 R  88.2  58.4   1:23.07 bash
      1 root      20   0  179200   1844   1556 S   0.0   0.1   0:01.79 systemd
      2 root      20   0       0      0      0 S   0.0   0.0   0:00.00 kthreadd
      3 root       0 -20       0      0      0 I   0.0   0.0   0:00.00 rcu_gp
      4 root       0 -20       0      0      0 I   0.0   0.0   0:00.00 rcu_par_gp
-_-_-_-_-_-_-_-_-_-_-_-_-_-_-_-_-_
MiB Mem :   1827.1 total,    588.6 free,   1185.0 used,     53.5 buff/cache
MiB Swap:    820.0 total,    330.1 free,    489.9 used.    542.0 avail Mem 
    PID USER      PR  NI    VIRT    RES    SHR S  %CPU  %MEM     TIME+ COMMAND
   6337 root      20   0 1751840   1.1g   1604 R  87.5  59.8   1:24.57 bash

   6337 root      20   0 1754744   1.1g   1604 R  87.5  60.0   1:24.72 bash
      1 root      20   0  179200   1844   1556 S   0.0   0.1   0:01.79 systemd
      2 root      20   0       0      0      0 S   0.0   0.0   0:00.00 kthreadd
      3 root       0 -20       0      0      0 I   0.0   0.0   0:00.00 rcu_gp
      4 root       0 -20       0      0      0 I   0.0   0.0   0:00.00 rcu_par_gp
-_-_-_-_-_-_-_-_-_-_-_-_-_-_-_-_-_
MiB Mem :   1827.1 total,    560.5 free,   1213.1 used,     53.5 buff/cache
MiB Swap:    820.0 total,    330.1 free,    489.9 used.    514.0 avail Mem 
    PID USER      PR  NI    VIRT    RES    SHR S  %CPU  %MEM     TIME+ COMMAND
   6337 root      20   0 1781936   1.1g   1604 R  88.2  61.4   1:26.23 bash

   6337 root      20   0 1784972   1.1g   1604 R  94.1  61.6   1:26.41 bash
      1 root      20   0  179200   1844   1556 S   0.0   0.1   0:01.79 systemd
      2 root      20   0       0      0      0 S   0.0   0.0   0:00.00 kthreadd
      3 root       0 -20       0      0      0 I   0.0   0.0   0:00.00 rcu_gp
      4 root       0 -20       0      0      0 I   0.0   0.0   0:00.00 rcu_par_gp
-_-_-_-_-_-_-_-_-_-_-_-_-_-_-_-_-_
MiB Mem :   1827.1 total,    532.1 free,   1241.4 used,     53.5 buff/cache
MiB Swap:    820.0 total,    330.1 free,    489.9 used.    485.6 avail Mem 
    PID USER      PR  NI    VIRT    RES    SHR S  %CPU  %MEM     TIME+ COMMAND
   6337 root      20   0 1810844   1.1g   1604 R  83.3  63.0   1:27.93 bash

   6337 root      20   0 1814012   1.1g   1604 R  99.9  63.1   1:28.10 bash
      1 root      20   0  179200   1844   1556 S   0.0   0.1   0:01.79 systemd
      2 root      20   0       0      0      0 S   0.0   0.0   0:00.00 kthreadd
      3 root       0 -20       0      0      0 I   0.0   0.0   0:00.00 rcu_gp
      4 root       0 -20       0      0      0 I   0.0   0.0   0:00.00 rcu_par_gp
-_-_-_-_-_-_-_-_-_-_-_-_-_-_-_-_-_
MiB Mem :   1827.1 total,    501.9 free,   1271.6 used,     53.5 buff/cache
MiB Swap:    820.0 total,    330.1 free,    489.9 used.    455.4 avail Mem 
    PID USER      PR  NI    VIRT    RES    SHR S  %CPU  %MEM     TIME+ COMMAND
   6337 root      20   0 1841864   1.2g   1604 R  93.8  64.6   1:29.60 bash

   6337 root      20   0 1845296   1.2g   1604 R  94.1  64.8   1:29.78 bash
      1 root      20   0  179200   1844   1556 S   0.0   0.1   0:01.79 systemd
      2 root      20   0       0      0      0 S   0.0   0.0   0:00.00 kthreadd
      3 root       0 -20       0      0      0 I   0.0   0.0   0:00.00 rcu_gp
      4 root       0 -20       0      0      0 I   0.0   0.0   0:00.00 rcu_par_gp
-_-_-_-_-_-_-_-_-_-_-_-_-_-_-_-_-_
MiB Mem :   1827.1 total,    471.1 free,   1302.5 used,     53.5 buff/cache
MiB Swap:    820.0 total,    330.1 free,    489.9 used.    424.6 avail Mem 
    PID USER      PR  NI    VIRT    RES    SHR S  %CPU  %MEM     TIME+ COMMAND
   6337 root      20   0 1873280   1.2g   1604 R  93.8  66.3   1:31.28 bash

   6337 root      20   0 1876316   1.2g   1604 R  88.2  66.5   1:31.45 bash
      1 root      20   0  179200   1844   1556 S   0.0   0.1   0:01.79 systemd
      2 root      20   0       0      0      0 S   0.0   0.0   0:00.00 kthreadd
      3 root       0 -20       0      0      0 I   0.0   0.0   0:00.00 rcu_gp
      4 root       0 -20       0      0      0 I   0.0   0.0   0:00.00 rcu_par_gp
-_-_-_-_-_-_-_-_-_-_-_-_-_-_-_-_-_
MiB Mem :   1827.1 total,    441.6 free,   1331.8 used,     53.7 buff/cache
MiB Swap:    820.0 total,    330.1 free,    489.9 used.    395.2 avail Mem 
    PID USER      PR  NI    VIRT    RES    SHR S  %CPU  %MEM     TIME+ COMMAND
   6337 root      20   0 1903508   1.2g   1604 R  88.2  67.9   1:32.96 bash

   6337 root      20   0 1906808   1.2g   1604 R  88.2  68.1   1:33.13 bash
      1 root      20   0  179200   1844   1556 S   0.0   0.1   0:01.79 systemd
      2 root      20   0       0      0      0 S   0.0   0.0   0:00.00 kthreadd
      3 root       0 -20       0      0      0 I   0.0   0.0   0:00.00 rcu_gp
      4 root       0 -20       0      0      0 I   0.0   0.0   0:00.00 rcu_par_gp
-_-_-_-_-_-_-_-_-_-_-_-_-_-_-_-_-_
MiB Mem :   1827.1 total,    409.4 free,   1363.9 used,     53.7 buff/cache
MiB Swap:    820.0 total,    330.1 free,    489.9 used.    363.0 avail Mem 
    PID USER      PR  NI    VIRT    RES    SHR S  %CPU  %MEM     TIME+ COMMAND
   6337 root      20   0 1936244   1.2g   1604 R  99.9  69.7   1:34.64 bash

   6337 root      20   0 1939280   1.2g   1604 R  93.8  69.8   1:34.80 bash
      1 root      20   0  179200   1844   1556 S   0.0   0.1   0:01.79 systemd
      2 root      20   0       0      0      0 S   0.0   0.0   0:00.00 kthreadd
      3 root       0 -20       0      0      0 I   0.0   0.0   0:00.00 rcu_gp
      4 root       0 -20       0      0      0 I   0.0   0.0   0:00.00 rcu_par_gp
-_-_-_-_-_-_-_-_-_-_-_-_-_-_-_-_-_
MiB Mem :   1827.1 total,    377.5 free,   1395.8 used,     53.8 buff/cache
MiB Swap:    820.0 total,    330.1 free,    489.9 used.    331.1 avail Mem 
    PID USER      PR  NI    VIRT    RES    SHR S  %CPU  %MEM     TIME+ COMMAND
   6337 root      20   0 1968584   1.3g   1604 R  93.8  71.4   1:36.31 bash

   6337 root      20   0 1972016   1.3g   1604 R  93.8  71.6   1:36.48 bash
      1 root      20   0  179200   1844   1556 S   0.0   0.1   0:01.79 systemd
      2 root      20   0       0      0      0 S   0.0   0.0   0:00.00 kthreadd
      3 root       0 -20       0      0      0 I   0.0   0.0   0:00.00 rcu_gp
      4 root       0 -20       0      0      0 I   0.0   0.0   0:00.00 rcu_par_gp
-_-_-_-_-_-_-_-_-_-_-_-_-_-_-_-_-_
MiB Mem :   1827.1 total,    347.4 free,   1425.9 used,     53.8 buff/cache
MiB Swap:    820.0 total,    330.1 free,    489.9 used.    301.0 avail Mem 
    PID USER      PR  NI    VIRT    RES    SHR S  %CPU  %MEM     TIME+ COMMAND
   6337 root      20   0 1998020   1.3g   1604 R  88.2  73.0   1:37.99 bash

   6337 root      20   0 2001320   1.3g   1604 R  82.4  73.1   1:38.15 bash
      1 root      20   0  179200   1844   1556 S   0.0   0.1   0:01.79 systemd
      2 root      20   0       0      0      0 S   0.0   0.0   0:00.00 kthreadd
      3 root       0 -20       0      0      0 I   0.0   0.0   0:00.00 rcu_gp
      4 root       0 -20       0      0      0 I   0.0   0.0   0:00.00 rcu_par_gp
-_-_-_-_-_-_-_-_-_-_-_-_-_-_-_-_-_
MiB Mem :   1827.1 total,    318.4 free,   1454.8 used,     53.8 buff/cache
MiB Swap:    820.0 total,    330.1 free,    489.9 used.    272.1 avail Mem 
    PID USER      PR  NI    VIRT    RES    SHR S  %CPU  %MEM     TIME+ COMMAND
   6337 root      20   0 2028116   1.3g   1604 R  88.2  74.6   1:39.67 bash

   6337 root      20   0 2031152   1.3g   1604 R  93.8  74.7   1:39.84 bash
      1 root      20   0  179200   1844   1556 S   0.0   0.1   0:01.79 systemd
      2 root      20   0       0      0      0 S   0.0   0.0   0:00.00 kthreadd
      3 root       0 -20       0      0      0 I   0.0   0.0   0:00.00 rcu_gp
      4 root       0 -20       0      0      0 I   0.0   0.0   0:00.00 rcu_par_gp
-_-_-_-_-_-_-_-_-_-_-_-_-_-_-_-_-_
MiB Mem :   1827.1 total,    290.4 free,   1482.9 used,     53.8 buff/cache
MiB Swap:    820.0 total,    330.1 free,    489.9 used.    244.0 avail Mem 
    PID USER      PR  NI    VIRT    RES    SHR S  %CPU  %MEM     TIME+ COMMAND
   6337 root      20   0 2057816   1.4g   1604 R  82.4  76.2   1:41.34 bash

   6337 root      20   0 2061116   1.4g   1604 R  88.2  76.3   1:41.51 bash
      1 root      20   0  179200   1844   1556 S   0.0   0.1   0:01.79 systemd
      2 root      20   0       0      0      0 S   0.0   0.0   0:00.00 kthreadd
      3 root       0 -20       0      0      0 I   0.0   0.0   0:00.00 rcu_gp
      4 root       0 -20       0      0      0 I   0.0   0.0   0:00.00 rcu_par_gp
-_-_-_-_-_-_-_-_-_-_-_-_-_-_-_-_-_
MiB Mem :   1827.1 total,    263.0 free,   1509.8 used,     54.2 buff/cache
MiB Swap:    820.0 total,    330.3 free,    489.7 used.    216.9 avail Mem 
    PID USER      PR  NI    VIRT    RES    SHR S  %CPU  %MEM     TIME+ COMMAND
   6337 root      20   0 2085008   1.4g   1604 R  82.4  77.6   1:43.01 bash

   6337 root      20   0 2088308   1.4g   1604 R  94.1  77.8   1:43.19 bash
      1 root      20   0  179200   1844   1556 S   0.0   0.1   0:01.79 systemd
      2 root      20   0       0      0      0 S   0.0   0.0   0:00.00 kthreadd
      3 root       0 -20       0      0      0 I   0.0   0.0   0:00.00 rcu_gp
      4 root       0 -20       0      0      0 I   0.0   0.0   0:00.00 rcu_par_gp
-_-_-_-_-_-_-_-_-_-_-_-_-_-_-_-_-_
MiB Mem :   1827.1 total,    235.3 free,   1537.5 used,     54.2 buff/cache
MiB Swap:    820.0 total,    330.3 free,    489.7 used.    189.2 avail Mem 
    PID USER      PR  NI    VIRT    RES    SHR S  %CPU  %MEM     TIME+ COMMAND
   6337 root      20   0 2113520   1.4g   1604 R  94.1  79.1   1:44.69 bash

   6337 root      20   0 2116424   1.4g   1604 R  87.5  79.3   1:44.85 bash
      1 root      20   0  179200   1844   1556 S   0.0   0.1   0:01.79 systemd
      2 root      20   0       0      0      0 S   0.0   0.0   0:00.00 kthreadd
      3 root       0 -20       0      0      0 I   0.0   0.0   0:00.00 rcu_gp
      4 root       0 -20       0      0      0 I   0.0   0.0   0:00.00 rcu_par_gp
-_-_-_-_-_-_-_-_-_-_-_-_-_-_-_-_-_
MiB Mem :   1827.1 total,    205.2 free,   1567.6 used,     54.2 buff/cache
MiB Swap:    820.0 total,    330.3 free,    489.7 used.    159.0 avail Mem 
    PID USER      PR  NI    VIRT    RES    SHR S  %CPU  %MEM     TIME+ COMMAND
   6337 root      20   0 2144276   1.4g   1604 R  83.3  80.8   1:46.37 bash

   6337 root      20   0 2146916   1.4g   1604 R  93.8  80.9   1:46.53 bash
      1 root      20   0  179200   1844   1556 S   0.0   0.1   0:01.79 systemd
      2 root      20   0       0      0      0 S   0.0   0.0   0:00.00 kthreadd
      3 root       0 -20       0      0      0 I   0.0   0.0   0:00.00 rcu_gp
      4 root       0 -20       0      0      0 I   0.0   0.0   0:00.00 rcu_par_gp
-_-_-_-_-_-_-_-_-_-_-_-_-_-_-_-_-_
MiB Mem :   1827.1 total,    176.5 free,   1596.3 used,     54.2 buff/cache
MiB Swap:    820.0 total,    330.3 free,    489.7 used.    130.3 avail Mem 
    PID USER      PR  NI    VIRT    RES    SHR S  %CPU  %MEM     TIME+ COMMAND
   6337 root      20   0 2173712   1.5g   1604 R  88.2  82.4   1:48.04 bash

   6337 root      20   0 2177012   1.5g   1604 R  93.8  82.5   1:48.21 bash
      1 root      20   0  179200   1844   1556 S   0.0   0.1   0:01.79 systemd
      2 root      20   0       0      0      0 S   0.0   0.0   0:00.00 kthreadd
      3 root       0 -20       0      0      0 I   0.0   0.0   0:00.00 rcu_gp
      4 root       0 -20       0      0      0 I   0.0   0.0   0:00.00 rcu_par_gp
-_-_-_-_-_-_-_-_-_-_-_-_-_-_-_-_-_
MiB Mem :   1827.1 total,    146.0 free,   1626.8 used,     54.2 buff/cache
MiB Swap:    820.0 total,    330.3 free,    489.7 used.     99.9 avail Mem 
    PID USER      PR  NI    VIRT    RES    SHR S  %CPU  %MEM     TIME+ COMMAND
   6337 root      20   0 2204600   1.5g   1604 R  99.9  84.0   1:49.73 bash

   6337 root      20   0 2207636   1.5g   1604 R  93.3  84.2   1:49.88 bash
      1 root      20   0  179200   1844   1556 S   0.0   0.1   0:01.79 systemd
      2 root      20   0       0      0      0 S   0.0   0.0   0:00.00 kthreadd
      3 root       0 -20       0      0      0 I   0.0   0.0   0:00.00 rcu_gp
      4 root       0 -20       0      0      0 I   0.0   0.0   0:00.00 rcu_par_gp
-_-_-_-_-_-_-_-_-_-_-_-_-_-_-_-_-_
MiB Mem :   1827.1 total,    117.1 free,   1655.7 used,     54.2 buff/cache
MiB Swap:    820.0 total,    330.3 free,    489.7 used.     71.0 avail Mem 
    PID USER      PR  NI    VIRT    RES    SHR S  %CPU  %MEM     TIME+ COMMAND
   6337 root      20   0 2234432   1.5g   1604 R  82.4  85.6   1:51.39 bash

   6337 root      20   0 2237864   1.5g   1604 R  94.1  85.8   1:51.57 bash
      1 root      20   0  179200   1844   1556 S   0.0   0.1   0:01.79 systemd
      2 root      20   0       0      0      0 S   0.0   0.0   0:00.00 kthreadd
      3 root       0 -20       0      0      0 I   0.0   0.0   0:00.00 rcu_gp
      4 root       0 -20       0      0      0 I   0.0   0.0   0:00.00 rcu_par_gp
-_-_-_-_-_-_-_-_-_-_-_-_-_-_-_-_-_
MiB Mem :   1827.1 total,     86.3 free,   1686.5 used,     54.2 buff/cache
MiB Swap:    820.0 total,    330.3 free,    489.7 used.     40.1 avail Mem 
    PID USER      PR  NI    VIRT    RES    SHR S  %CPU  %MEM     TIME+ COMMAND
   6337 root      20   0 2265188   1.6g   1604 R  99.9  87.2   1:53.08 bash

   6337 root      20   0 2268092   1.6g   1604 R  93.8  87.4   1:53.24 bash
      1 root      20   0  179200   1844   1556 S   0.0   0.1   0:01.79 systemd
      2 root      20   0       0      0      0 S   0.0   0.0   0:00.00 kthreadd
      3 root       0 -20       0      0      0 I   0.0   0.0   0:00.00 rcu_gp
      4 root       0 -20       0      0      0 I   0.0   0.0   0:00.00 rcu_par_gp
-_-_-_-_-_-_-_-_-_-_-_-_-_-_-_-_-_
MiB Mem :   1827.1 total,     62.2 free,   1717.9 used,     46.9 buff/cache
MiB Swap:    820.0 total,    326.9 free,    493.1 used.     12.4 avail Mem 
    PID USER      PR  NI    VIRT    RES    SHR S  %CPU  %MEM     TIME+ COMMAND
   6337 root      20   0 2298584   1.6g   1604 R  70.6  88.3   1:54.90 bash

   6337 root      20   0 2300564   1.6g   1604 R  83.3  88.4   1:55.07 bash
      1 root      20   0  179200   1844   1556 S   0.0   0.1   0:01.79 systemd
      2 root      20   0       0      0      0 S   0.0   0.0   0:00.00 kthreadd
      3 root       0 -20       0      0      0 I   0.0   0.0   0:00.00 rcu_gp
      4 root       0 -20       0      0      0 I   0.0   0.0   0:00.00 rcu_par_gp
-_-_-_-_-_-_-_-_-_-_-_-_-_-_-_-_-_
MiB Mem :   1827.1 total,     83.4 free,   1706.6 used,     37.0 buff/cache
MiB Swap:    820.0 total,    285.9 free,    534.1 used.     28.6 avail Mem 
    PID USER      PR  NI    VIRT    RES    SHR S  %CPU  %MEM     TIME+ COMMAND
   6337 root      20   0 2331584   1.6g   1572 R  94.1  88.4   1:56.95 bash

   6337 root      20   0 2334752   1.6g   1572 R  88.2  88.5   1:57.11 bash
      1 root      20   0  179200    780    492 S   0.0   0.0   0:01.79 systemd
      2 root      20   0       0      0      0 S   0.0   0.0   0:00.00 kthreadd
      3 root       0 -20       0      0      0 I   0.0   0.0   0:00.00 rcu_gp
      4 root       0 -20       0      0      0 I   0.0   0.0   0:00.00 rcu_par_gp
-_-_-_-_-_-_-_-_-_-_-_-_-_-_-_-_-_
MiB Mem :   1827.1 total,     67.0 free,   1724.4 used,     35.7 buff/cache
MiB Swap:    820.0 total,    269.4 free,    550.6 used.     11.5 avail Mem 
    PID USER      PR  NI    VIRT    RES    SHR S  %CPU  %MEM     TIME+ COMMAND
   6337 root      20   0 2364584   1.6g   1572 R  88.2  89.2   1:58.76 bash

   6337 root      20   0 2366300   1.6g   1572 R  62.5  88.3   1:58.89 bash
     47 root      20   0       0      0      0 S  25.0   0.0   0:38.79 kswapd0
   8109 root      20   0  274140   4384   3812 R   6.2   0.2   0:00.01 top
      1 root      20   0  179200    488    200 S   0.0   0.0   0:01.79 systemd
      2 root      20   0       0      0      0 S   0.0   0.0   0:00.00 kthreadd
-_-_-_-_-_-_-_-_-_-_-_-_-_-_-_-_-_
MiB Mem :   1827.1 total,     83.6 free,   1703.5 used,     39.9 buff/cache
MiB Swap:    820.0 total,    204.4 free,    615.6 used.     30.5 avail Mem 
    PID USER      PR  NI    VIRT    RES    SHR S  %CPU  %MEM     TIME+ COMMAND
   6337 root      20   0 2408408   1.6g   1384 R  99.9  88.0   2:01.22 bash

   6337 root      20   0 2410652   1.6g   1384 R  93.8  88.1   2:01.38 bash
      1 root      20   0  179200    384     96 S   0.0   0.0   0:01.79 systemd
      2 root      20   0       0      0      0 S   0.0   0.0   0:00.00 kthreadd
      3 root       0 -20       0      0      0 I   0.0   0.0   0:00.00 rcu_gp
      4 root       0 -20       0      0      0 I   0.0   0.0   0:00.00 rcu_par_gp
-_-_-_-_-_-_-_-_-_-_-_-_-_-_-_-_-_
MiB Mem :   1827.1 total,     65.1 free,   1720.9 used,     41.0 buff/cache
MiB Swap:    820.0 total,    187.8 free,    632.2 used.     12.6 avail Mem 
    PID USER      PR  NI    VIRT    RES    SHR S  %CPU  %MEM     TIME+ COMMAND
   6337 root      20   0 2442992   1.6g   1384 R  99.9  88.4   2:03.06 bash

   6337 root      20   0 2445500   1.6g   1384 R  99.9  88.5   2:03.22 bash
      1 root      20   0  179200    376     88 S   0.0   0.0   0:01.79 systemd
      2 root      20   0       0      0      0 S   0.0   0.0   0:00.00 kthreadd
      3 root       0 -20       0      0      0 I   0.0   0.0   0:00.00 rcu_gp
      4 root       0 -20       0      0      0 I   0.0   0.0   0:00.00 rcu_par_gp
-_-_-_-_-_-_-_-_-_-_-_-_-_-_-_-_-_
MiB Mem :   1827.1 total,     65.0 free,   1724.6 used,     37.5 buff/cache
MiB Swap:    820.0 total,    162.1 free,    657.9 used.     10.7 avail Mem 
    PID USER      PR  NI    VIRT    RES    SHR S  %CPU  %MEM     TIME+ COMMAND
   6337 root      20   0 2472560   1.6g   1384 R  88.2  88.8   2:04.70 bash

   6337 root      20   0 2476916   1.6g   1384 R  75.0  88.1   2:04.95 bash
      1 root      20   0  179200    372     88 S   0.0   0.0   0:01.79 systemd
      2 root      20   0       0      0      0 S   0.0   0.0   0:00.00 kthreadd
      3 root       0 -20       0      0      0 I   0.0   0.0   0:00.00 rcu_gp
      4 root       0 -20       0      0      0 I   0.0   0.0   0:00.00 rcu_par_gp
-_-_-_-_-_-_-_-_-_-_-_-_-_-_-_-_-_
MiB Mem :   1827.1 total,     75.1 free,   1716.4 used,     35.6 buff/cache
MiB Swap:    820.0 total,    121.6 free,    698.4 used.     19.8 avail Mem 
    PID USER      PR  NI    VIRT    RES    SHR S  %CPU  %MEM     TIME+ COMMAND
   6337 root      20   0 2502656   1.6g   1384 R  99.9  88.5   2:06.46 bash

   6337 root      20   0 2505296   1.6g   1384 R  87.5  88.5   2:06.61 bash
   8012 root      20   0       0      0      0 I   6.2   0.0   0:00.01 kworker/0:1-events
      1 root      20   0  179200    368     88 S   0.0   0.0   0:01.79 systemd
      2 root      20   0       0      0      0 S   0.0   0.0   0:00.00 kthreadd
      3 root       0 -20       0      0      0 I   0.0   0.0   0:00.00 rcu_gp
-_-_-_-_-_-_-_-_-_-_-_-_-_-_-_-_-_
MiB Mem :   1827.1 total,     63.3 free,   1727.9 used,     35.8 buff/cache
MiB Swap:    820.0 total,    102.6 free,    717.4 used.      8.2 avail Mem 
    PID USER      PR  NI    VIRT    RES    SHR S  %CPU  %MEM     TIME+ COMMAND
   6337 root      20   0 2533544   1.6g   1384 R  87.5  88.3   2:08.14 bash

   6337 root      20   0 2536580   1.6g   1384 R  93.8  88.4   2:08.30 bash
      1 root      20   0  179200    368     88 S   0.0   0.0   0:01.79 systemd
      2 root      20   0       0      0      0 S   0.0   0.0   0:00.00 kthreadd
      3 root       0 -20       0      0      0 I   0.0   0.0   0:00.00 rcu_gp
      4 root       0 -20       0      0      0 I   0.0   0.0   0:00.00 rcu_par_gp
-_-_-_-_-_-_-_-_-_-_-_-_-_-_-_-_-_
MiB Mem :   1827.1 total,     72.2 free,   1718.3 used,     36.5 buff/cache
MiB Swap:    820.0 total,     63.2 free,    756.8 used.     17.4 avail Mem 
    PID USER      PR  NI    VIRT    RES    SHR S  %CPU  %MEM     TIME+ COMMAND
   6337 root      20   0 2565488   1.6g   1384 R  88.2  88.7   2:09.87 bash

   6337 root      20   0 2568524   1.6g   1384 R  93.8  88.9   2:10.03 bash
      1 root      20   0  179200    364     88 S   0.0   0.0   0:01.79 systemd
      2 root      20   0       0      0      0 S   0.0   0.0   0:00.00 kthreadd
      3 root       0 -20       0      0      0 I   0.0   0.0   0:00.00 rcu_gp
      4 root       0 -20       0      0      0 I   0.0   0.0   0:00.00 rcu_par_gp
-_-_-_-_-_-_-_-_-_-_-_-_-_-_-_-_-_
MiB Mem :   1827.1 total,     66.2 free,   1725.6 used,     35.2 buff/cache
MiB Swap:    820.0 total,     43.3 free,    776.7 used.     10.8 avail Mem 
    PID USER      PR  NI    VIRT    RES    SHR S  %CPU  %MEM     TIME+ COMMAND
   6337 root      20   0 2592944   1.6g   1384 R  94.1  89.1   2:11.50 bash

   6337 root      20   0 2595980   1.6g   1384 R  75.0  88.1   2:11.67 bash
     47 root      20   0       0      0      0 S   5.0   0.0   0:39.22 kswapd0
   4745 root      20   0       0      0      0 I   5.0   0.0   0:01.29 kworker/0:0-events
      1 root      20   0  179200    364     88 S   0.0   0.0   0:01.79 systemd
      2 root      20   0       0      0      0 S   0.0   0.0   0:00.00 kthreadd
-_-_-_-_-_-_-_-_-_-_-_-_-_-_-_-_-_
MiB Mem :   1827.1 total,     72.1 free,   1720.8 used,     34.1 buff/cache
MiB Swap:    820.0 total,      8.6 free,    811.4 used.     16.2 avail Mem 
    PID USER      PR  NI    VIRT    RES    SHR S  %CPU  %MEM     TIME+ COMMAND
   6337 root      20   0 2621852   1.6g   1384 R  93.3  88.7   2:13.16 bash

   6337 root      20   0 2624492   1.6g   1384 R  88.9  88.9   2:13.35 bash
      1 root      20   0  179200    364     88 S   0.0   0.0   0:01.79 systemd
      2 root      20   0       0      0      0 S   0.0   0.0   0:00.00 kthreadd
      3 root       0 -20       0      0      0 I   0.0   0.0   0:00.00 rcu_gp
      4 root       0 -20       0      0      0 I   0.0   0.0   0:00.00 rcu_par_gp
-_-_-_-_-_-_-_-_-_-_-_-_-_-_-_-_-_
Results: 
[ 3003.665190] Out of memory: Killed process 6337 (bash) total-vm:2656832kB, anon-rss:1684688kB, file-rss:0kB, shmem-rss:0kB, UID:0
[ 3003.865028] oom_reaper: reaped process 6337 (bash), now anon-rss:0kB, file-rss:0kB, shmem-rss:0kB
Max size of array:  31000000
